[0.012s] Invoking command in '/ws/src/nav2/build/nav2_util': AMENT_PREFIX_PATH=/ws/src/nav2/install/nav2_msgs:/ws/src/nav2/install/nav2_common:${AMENT_PREFIX_PATH} CMAKE_PREFIX_PATH=/ws/src/nav2/install/nav2_msgs:/ws/src/nav2/install/nav2_common:/opt/ros/foxy LD_LIBRARY_PATH=/ws/src/nav2/install/nav2_msgs/lib:${LD_LIBRARY_PATH} PYTHONPATH=/ws/src/nav2/install/nav2_msgs/lib/python3.8/site-packages:/ws/src/nav2/install/nav2_common/lib/python3.8/site-packages:${PYTHONPATH} /usr/bin/cmake /ws/src/nav2/nav2_util -DAMENT_CMAKE_SYMLINK_INSTALL=1 -DCMAKE_INSTALL_PREFIX=/ws/src/nav2/install/nav2_util
[0.025s] -- Found ament_cmake: 0.9.12 (/opt/ros/foxy/share/ament_cmake/cmake)
[0.048s] -- Using PYTHON_EXECUTABLE: /usr/bin/python3
[0.191s] -- Override CMake install command with custom implementation using symlinks instead of copying resources
[0.199s] -- Found nav2_common: 0.4.7 (/ws/src/nav2/install/nav2_common/share/nav2_common/cmake)
[0.199s] -- Found nav2_msgs: 0.4.7 (/ws/src/nav2/install/nav2_msgs/share/nav2_msgs/cmake)
[0.216s] -- Using all available rosidl_typesupport_c: rosidl_typesupport_fastrtps_c;rosidl_typesupport_introspection_c
[0.219s] -- Found rosidl_adapter: 1.3.1 (/opt/ros/foxy/share/rosidl_adapter/cmake)
[0.339s] -- Using all available rosidl_typesupport_cpp: rosidl_typesupport_fastrtps_cpp;rosidl_typesupport_introspection_cpp
[0.702s] -- Found tf2_ros: 0.13.14 (/opt/ros/foxy/share/tf2_ros/cmake)
[0.743s] -- Found rmw_implementation_cmake: 1.0.4 (/opt/ros/foxy/share/rmw_implementation_cmake/cmake)
[0.744s] -- Using RMW implementation 'rmw_fastrtps_cpp' as default
[1.084s] -- Found tf2_geometry_msgs: 0.13.14 (/opt/ros/foxy/share/tf2_geometry_msgs/cmake)
[1.089s] -- Found eigen3_cmake_module: 0.1.1 (/opt/ros/foxy/share/eigen3_cmake_module/cmake)
[1.111s] -- Found lifecycle_msgs: 1.0.0 (/opt/ros/foxy/share/lifecycle_msgs/cmake)
[1.121s] -- Found test_msgs: 1.0.0 (/opt/ros/foxy/share/test_msgs/cmake)
[1.174s] -- Found rclcpp_lifecycle: 2.4.3 (/opt/ros/foxy/share/rclcpp_lifecycle/cmake)
[1.195s] -- Setting build type to Release as none was specified.
[1.232s] -- Found Boost: /usr/lib/x86_64-linux-gnu/cmake/Boost-1.71.0/BoostConfig.cmake (found version "1.71.0") found components: program_options 
[1.239s] -- Found ament_lint_auto: 0.9.8 (/opt/ros/foxy/share/ament_lint_auto/cmake)
[1.241s] -- Found ament_cmake_pytest: 0.9.12 (/opt/ros/foxy/share/ament_cmake_pytest/cmake)
[1.244s] -- Found launch_testing_ament_cmake: 0.10.10 (/opt/ros/foxy/share/launch_testing_ament_cmake/cmake)
[1.246s] -- Found python_cmake_module: 0.8.1 (/opt/ros/foxy/share/python_cmake_module/cmake)
[1.270s] -- Found PythonInterp: /usr/bin/python3 (found suitable version "3.8.10", minimum required is "3.5") 
[1.277s] -- Found PythonLibs: /usr/lib/x86_64-linux-gnu/libpython3.8.so (found suitable version "3.8.10", minimum required is "3.5") 
[1.277s] -- Using PYTHON_EXECUTABLE: /usr/bin/python3
[1.277s] -- Using PYTHON_INCLUDE_DIRS: /usr/include/python3.8
[1.277s] -- Using PYTHON_LIBRARIES: /usr/lib/x86_64-linux-gnu/libpython3.8.so
[1.301s] -- Found PythonExtra: .so  
[1.433s] -- Found gtest sources under '/opt/ros/foxy/src/gtest_vendor': C++ tests using 'Google Test' will be built
[1.435s] -- Check if compiler accepts -pthread
[1.519s] -- Check if compiler accepts -pthread - yes
[1.551s] -- Added test 'copyright' to check source files copyright and LICENSE
[1.553s] -- Added test 'cppcheck' to perform static code analysis on C / C++ code
[1.553s] -- Configured cppcheck include dirs: /ws/src/nav2/nav2_util/include
[1.553s] -- Configured cppcheck exclude dirs and/or files: 
[1.554s] -- Added test 'cpplint' to check C / C++ code against the Google style
[1.554s] -- Configured cpplint exclude dirs and/or files: 
[1.555s] -- Added test 'flake8' to check Python code syntax and style conventions
[1.555s] -- Added test 'lint_cmake' to check CMake code style
[1.556s] -- Added test 'pep257' to check Python code against some of the style conventions in PEP 257
[1.558s] -- Added test 'uncrustify' to check C / C++ code style
[1.558s] -- Configured uncrustify additional arguments: 
[1.558s] -- Added test 'xmllint' to check XML markup files
[1.564s] -- Configuring done
[1.647s] -- Generating done
[1.649s] -- Build files have been written to: /ws/src/nav2/build/nav2_util
[1.659s] Invoked command in '/ws/src/nav2/build/nav2_util' returned '0': AMENT_PREFIX_PATH=/ws/src/nav2/install/nav2_msgs:/ws/src/nav2/install/nav2_common:${AMENT_PREFIX_PATH} CMAKE_PREFIX_PATH=/ws/src/nav2/install/nav2_msgs:/ws/src/nav2/install/nav2_common:/opt/ros/foxy LD_LIBRARY_PATH=/ws/src/nav2/install/nav2_msgs/lib:${LD_LIBRARY_PATH} PYTHONPATH=/ws/src/nav2/install/nav2_msgs/lib/python3.8/site-packages:/ws/src/nav2/install/nav2_common/lib/python3.8/site-packages:${PYTHONPATH} /usr/bin/cmake /ws/src/nav2/nav2_util -DAMENT_CMAKE_SYMLINK_INSTALL=1 -DCMAKE_INSTALL_PREFIX=/ws/src/nav2/install/nav2_util
[1.663s] Invoking command in '/ws/src/nav2/build/nav2_util': AMENT_PREFIX_PATH=/ws/src/nav2/install/nav2_msgs:/ws/src/nav2/install/nav2_common:${AMENT_PREFIX_PATH} CMAKE_PREFIX_PATH=/ws/src/nav2/install/nav2_msgs:/ws/src/nav2/install/nav2_common:/opt/ros/foxy LD_LIBRARY_PATH=/ws/src/nav2/install/nav2_msgs/lib:${LD_LIBRARY_PATH} PYTHONPATH=/ws/src/nav2/install/nav2_msgs/lib/python3.8/site-packages:/ws/src/nav2/install/nav2_common/lib/python3.8/site-packages:${PYTHONPATH} /usr/bin/cmake --build /ws/src/nav2/build/nav2_util -- -j16 -l16
[1.711s] [35m[1mScanning dependencies of target gtest[0m
[1.711s] [35m[1mScanning dependencies of target gtest_main[0m
[1.712s] [35m[1mScanning dependencies of target dump_params[0m
[1.712s] [35m[1mScanning dependencies of target nav2_util_core[0m
[1.724s] [  5%] [32mBuilding CXX object gtest/CMakeFiles/gtest.dir/src/gtest-all.cc.o[0m
[1.724s] [  5%] [32mBuilding CXX object gtest/CMakeFiles/gtest_main.dir/src/gtest_main.cc.o[0m
[1.744s] [  7%] [32mBuilding CXX object src/CMakeFiles/dump_params.dir/dump_params.cpp.o[0m
[1.780s] [ 12%] [32mBuilding CXX object src/CMakeFiles/nav2_util_core.dir/lifecycle_service_client.cpp.o[0m
[1.780s] [ 12%] [32mBuilding CXX object src/CMakeFiles/nav2_util_core.dir/string_utils.cpp.o[0m
[1.781s] [ 15%] [32mBuilding CXX object src/CMakeFiles/nav2_util_core.dir/node_utils.cpp.o[0m
[1.781s] [ 17%] [32mBuilding CXX object src/CMakeFiles/nav2_util_core.dir/costmap.cpp.o[0m
[1.781s] [ 20%] [32mBuilding CXX object src/CMakeFiles/nav2_util_core.dir/lifecycle_utils.cpp.o[0m
[1.781s] [ 22%] [32mBuilding CXX object src/CMakeFiles/nav2_util_core.dir/node_thread.cpp.o[0m
[1.781s] [ 25%] [32mBuilding CXX object src/CMakeFiles/nav2_util_core.dir/lifecycle_node.cpp.o[0m
[1.783s] [ 27%] [32mBuilding CXX object src/CMakeFiles/nav2_util_core.dir/robot_utils.cpp.o[0m
[1.783s] [ 30%] [32mBuilding CXX object src/CMakeFiles/nav2_util_core.dir/odometry_utils.cpp.o[0m
[2.895s] [ 32%] [32m[1mLinking CXX static library libgtest_main.a[0m
[2.933s] [ 32%] Built target gtest_main
[9.309s] [ 35%] [32m[1mLinking CXX shared library libnav2_util_core.so[0m
[9.467s] [ 35%] Built target nav2_util_core
[9.479s] [35m[1mScanning dependencies of target lifecycle_bringup[0m
[9.512s] [ 37%] [32mBuilding CXX object src/CMakeFiles/lifecycle_bringup.dir/lifecycle_bringup_commandline.cpp.o[0m
[9.713s] [ 40%] [32m[1mLinking CXX executable dump_params[0m
[9.831s] [ 40%] Built target dump_params
[10.144s] [ 42%] [32m[1mLinking CXX static library libgtest.a[0m
[10.184s] [ 42%] Built target gtest
[10.196s] [35m[1mScanning dependencies of target test_service_client[0m
[10.196s] [35m[1mScanning dependencies of target test_execution_timer[0m
[10.196s] [35m[1mScanning dependencies of target test_geometry_utils[0m
[10.196s] [35m[1mScanning dependencies of target test_string_utils[0m
[10.196s] [35m[1mScanning dependencies of target test_lifecycle_node[0m
[10.196s] [35m[1mScanning dependencies of target test_lifecycle_utils[0m
[10.197s] [35m[1mScanning dependencies of target test_actions[0m
[10.197s] [35m[1mScanning dependencies of target test_robot_utils[0m
[10.197s] [35m[1mScanning dependencies of target test_node_utils[0m
[10.197s] [35m[1mScanning dependencies of target test_lifecycle_cli_node[0m
[10.198s] [35m[1mScanning dependencies of target test_odometry_utils[0m
[10.217s] [ 45%] [32mBuilding CXX object test/CMakeFiles/test_execution_timer.dir/test_execution_timer.cpp.o[0m
[10.218s] [ 47%] [32mBuilding CXX object test/CMakeFiles/test_string_utils.dir/test_string_utils.cpp.o[0m
[10.248s] [ 50%] [32mBuilding CXX object test/CMakeFiles/test_service_client.dir/test_service_client.cpp.o[0m
[10.248s] [ 52%] [32mBuilding CXX object test/CMakeFiles/test_lifecycle_node.dir/test_lifecycle_node.cpp.o[0m
[10.262s] [ 57%] [32mBuilding CXX object test/CMakeFiles/test_node_utils.dir/test_node_utils.cpp.o[0m
[10.262s] [ 57%] [32mBuilding CXX object test/CMakeFiles/test_lifecycle_utils.dir/test_lifecycle_utils.cpp.o[0m
[10.263s] [ 60%] [32mBuilding CXX object test/CMakeFiles/test_geometry_utils.dir/test_geometry_utils.cpp.o[0m
[10.274s] [ 67%] [32mBuilding CXX object test/CMakeFiles/test_lifecycle_cli_node.dir/test_lifecycle_cli_node.cpp.o[0m
[10.275s] [ 67%] [32mBuilding CXX object test/CMakeFiles/test_actions.dir/test_actions.cpp.o[0m
[10.275s] [ 67%] [32mBuilding CXX object test/CMakeFiles/test_odometry_utils.dir/test_odometry_utils.cpp.o[0m
[10.279s] [ 70%] [32mBuilding CXX object test/CMakeFiles/test_robot_utils.dir/test_robot_utils.cpp.o[0m
[11.867s] [ 72%] [32m[1mLinking CXX executable test_execution_timer[0m
[12.060s] [ 72%] Built target test_execution_timer
[12.088s] [ 75%] [32m[1mLinking CXX executable test_string_utils[0m
[12.307s] [ 77%] [32m[1mLinking CXX executable lifecycle_bringup[0m
[12.310s] [ 77%] Built target test_string_utils
[12.522s] [ 77%] Built target lifecycle_bringup
[14.294s] [ 80%] [32m[1mLinking CXX executable test_lifecycle_node[0m
[14.519s] [ 82%] [32m[1mLinking CXX executable test_geometry_utils[0m
[14.528s] [ 82%] Built target test_lifecycle_node
[14.681s] [ 85%] [32m[1mLinking CXX executable test_robot_utils[0m
[14.698s] [ 85%] Built target test_geometry_utils
[14.898s] [ 85%] Built target test_robot_utils
[15.178s] [ 87%] [32m[1mLinking CXX executable test_lifecycle_cli_node[0m
[15.187s] [ 90%] [32m[1mLinking CXX executable test_lifecycle_utils[0m
[15.395s] [ 90%] Built target test_lifecycle_cli_node
[15.437s] [ 90%] Built target test_lifecycle_utils
[15.501s] [ 92%] [32m[1mLinking CXX executable test_service_client[0m
[15.623s] [ 95%] [32m[1mLinking CXX executable test_node_utils[0m
[15.688s] [ 95%] Built target test_service_client
[15.780s] [ 95%] Built target test_node_utils
[16.773s] [ 97%] [32m[1mLinking CXX executable test_odometry_utils[0m
[16.910s] [ 97%] Built target test_odometry_utils
[24.037s] [100%] [32m[1mLinking CXX executable test_actions[0m
[24.221s] [100%] Built target test_actions
[24.234s] Invoked command in '/ws/src/nav2/build/nav2_util' returned '0': AMENT_PREFIX_PATH=/ws/src/nav2/install/nav2_msgs:/ws/src/nav2/install/nav2_common:${AMENT_PREFIX_PATH} CMAKE_PREFIX_PATH=/ws/src/nav2/install/nav2_msgs:/ws/src/nav2/install/nav2_common:/opt/ros/foxy LD_LIBRARY_PATH=/ws/src/nav2/install/nav2_msgs/lib:${LD_LIBRARY_PATH} PYTHONPATH=/ws/src/nav2/install/nav2_msgs/lib/python3.8/site-packages:/ws/src/nav2/install/nav2_common/lib/python3.8/site-packages:${PYTHONPATH} /usr/bin/cmake --build /ws/src/nav2/build/nav2_util -- -j16 -l16
[24.269s] Invoking command in '/ws/src/nav2/build/nav2_util': AMENT_PREFIX_PATH=/ws/src/nav2/install/nav2_msgs:/ws/src/nav2/install/nav2_common:${AMENT_PREFIX_PATH} CMAKE_PREFIX_PATH=/ws/src/nav2/install/nav2_msgs:/ws/src/nav2/install/nav2_common:/opt/ros/foxy LD_LIBRARY_PATH=/ws/src/nav2/install/nav2_msgs/lib:${LD_LIBRARY_PATH} PYTHONPATH=/ws/src/nav2/install/nav2_msgs/lib/python3.8/site-packages:/ws/src/nav2/install/nav2_common/lib/python3.8/site-packages:${PYTHONPATH} /usr/bin/cmake --install /ws/src/nav2/build/nav2_util
[24.280s] -- Install configuration: "Release"
[24.280s] -- Execute custom install script
[24.280s] -- Symlinking: /ws/src/nav2/install/nav2_util/lib/libnav2_util_core.so
[24.291s] -- Symlinking: /ws/src/nav2/install/nav2_util/lib/nav2_util/lifecycle_bringup
[24.301s] -- Symlinking: /ws/src/nav2/install/nav2_util/lib/nav2_util/dump_params
[24.314s] -- Symlinking: /ws/src/nav2/install/nav2_util/include//nav2_util/clear_entirely_costmap_service_client.hpp
[24.324s] -- Symlinking: /ws/src/nav2/install/nav2_util/include//nav2_util/costmap.hpp
[24.335s] -- Symlinking: /ws/src/nav2/install/nav2_util/include//nav2_util/execution_timer.hpp
[24.344s] -- Symlinking: /ws/src/nav2/install/nav2_util/include//nav2_util/geometry_utils.hpp
[24.356s] -- Symlinking: /ws/src/nav2/install/nav2_util/include//nav2_util/lifecycle_node.hpp
[24.367s] -- Symlinking: /ws/src/nav2/install/nav2_util/include//nav2_util/lifecycle_service_client.hpp
[24.377s] -- Symlinking: /ws/src/nav2/install/nav2_util/include//nav2_util/lifecycle_utils.hpp
[24.389s] -- Symlinking: /ws/src/nav2/install/nav2_util/include//nav2_util/line_iterator.hpp
[24.401s] -- Symlinking: /ws/src/nav2/install/nav2_util/include//nav2_util/node_thread.hpp
[24.411s] -- Symlinking: /ws/src/nav2/install/nav2_util/include//nav2_util/node_utils.hpp
[24.422s] -- Symlinking: /ws/src/nav2/install/nav2_util/include//nav2_util/odometry_utils.hpp
[24.433s] -- Symlinking: /ws/src/nav2/install/nav2_util/include//nav2_util/robot_utils.hpp
[24.445s] -- Symlinking: /ws/src/nav2/install/nav2_util/include//nav2_util/service_client.hpp
[24.454s] -- Symlinking: /ws/src/nav2/install/nav2_util/include//nav2_util/simple_action_server.hpp
[24.460s] -- Symlinking: /ws/src/nav2/install/nav2_util/include//nav2_util/string_utils.hpp
[24.472s] -- Symlinking: /ws/src/nav2/install/nav2_util/share/nav2_util/environment/library_path.sh
[24.483s] -- Symlinking: /ws/src/nav2/install/nav2_util/share/nav2_util/environment/library_path.dsv
[24.493s] -- Symlinking: /ws/src/nav2/install/nav2_util/share/ament_index/resource_index/package_run_dependencies/nav2_util
[24.503s] -- Symlinking: /ws/src/nav2/install/nav2_util/share/ament_index/resource_index/parent_prefix_path/nav2_util
[24.512s] -- Symlinking: /ws/src/nav2/install/nav2_util/share/nav2_util/environment/ament_prefix_path.sh
[24.524s] -- Symlinking: /ws/src/nav2/install/nav2_util/share/nav2_util/environment/ament_prefix_path.dsv
[24.533s] -- Symlinking: /ws/src/nav2/install/nav2_util/share/nav2_util/environment/path.sh
[24.540s] -- Symlinking: /ws/src/nav2/install/nav2_util/share/nav2_util/environment/path.dsv
[24.551s] -- Symlinking: /ws/src/nav2/install/nav2_util/share/nav2_util/local_setup.bash
[24.562s] -- Symlinking: /ws/src/nav2/install/nav2_util/share/nav2_util/local_setup.sh
[24.569s] -- Symlinking: /ws/src/nav2/install/nav2_util/share/nav2_util/local_setup.zsh
[24.581s] -- Symlinking: /ws/src/nav2/install/nav2_util/share/nav2_util/local_setup.dsv
[24.590s] -- Symlinking: /ws/src/nav2/install/nav2_util/share/nav2_util/package.dsv
[24.598s] -- Symlinking: /ws/src/nav2/install/nav2_util/share/ament_index/resource_index/packages/nav2_util
[24.604s] -- Symlinking: /ws/src/nav2/install/nav2_util/share/nav2_util/cmake/ament_cmake_export_include_directories-extras.cmake
[24.616s] -- Symlinking: /ws/src/nav2/install/nav2_util/share/nav2_util/cmake/ament_cmake_export_libraries-extras.cmake
[24.630s] -- Symlinking: /ws/src/nav2/install/nav2_util/share/nav2_util/cmake/ament_cmake_export_dependencies-extras.cmake
[24.637s] -- Symlinking: /ws/src/nav2/install/nav2_util/share/nav2_util/cmake/nav2_utilConfig.cmake
[24.649s] -- Symlinking: /ws/src/nav2/install/nav2_util/share/nav2_util/cmake/nav2_utilConfig-version.cmake
[24.659s] -- Symlinking: /ws/src/nav2/install/nav2_util/share/nav2_util/package.xml
[24.675s] Invoked command in '/ws/src/nav2/build/nav2_util' returned '0': AMENT_PREFIX_PATH=/ws/src/nav2/install/nav2_msgs:/ws/src/nav2/install/nav2_common:${AMENT_PREFIX_PATH} CMAKE_PREFIX_PATH=/ws/src/nav2/install/nav2_msgs:/ws/src/nav2/install/nav2_common:/opt/ros/foxy LD_LIBRARY_PATH=/ws/src/nav2/install/nav2_msgs/lib:${LD_LIBRARY_PATH} PYTHONPATH=/ws/src/nav2/install/nav2_msgs/lib/python3.8/site-packages:/ws/src/nav2/install/nav2_common/lib/python3.8/site-packages:${PYTHONPATH} /usr/bin/cmake --install /ws/src/nav2/build/nav2_util
