[0.033s] Invoking command in '/ws/src/nav2/build/nav2_amcl': AMENT_PREFIX_PATH=/ws/src/nav2/install/nav2_util:/ws/src/nav2/install/nav2_msgs:/ws/src/nav2/install/nav2_common:${AMENT_PREFIX_PATH} CMAKE_PREFIX_PATH=/ws/src/nav2/install/nav2_util:/ws/src/nav2/install/nav2_msgs:/ws/src/nav2/install/nav2_common:/opt/ros/foxy LD_LIBRARY_PATH=/ws/src/nav2/install/nav2_util/lib:/ws/src/nav2/install/nav2_msgs/lib:${LD_LIBRARY_PATH} PYTHONPATH=/ws/src/nav2/install/nav2_msgs/lib/python3.8/site-packages:/ws/src/nav2/install/nav2_common/lib/python3.8/site-packages:${PYTHONPATH} /usr/bin/cmake /ws/src/nav2/nav2_amcl -DAMENT_CMAKE_SYMLINK_INSTALL=1 -DCMAKE_INSTALL_PREFIX=/ws/src/nav2/install/nav2_amcl
[0.088s] -- The C compiler identification is GNU 9.4.0
[0.145s] -- The CXX compiler identification is GNU 9.4.0
[0.150s] -- Check for working C compiler: /usr/bin/cc
[0.217s] -- Check for working C compiler: /usr/bin/cc -- works
[0.218s] -- Detecting C compiler ABI info
[0.285s] -- Detecting C compiler ABI info - done
[0.296s] -- Detecting C compile features
[0.296s] -- Detecting C compile features - done
[0.299s] -- Check for working CXX compiler: /usr/bin/c++
[0.379s] -- Check for working CXX compiler: /usr/bin/c++ -- works
[0.380s] -- Detecting CXX compiler ABI info
[0.461s] -- Detecting CXX compiler ABI info - done
[0.472s] -- Detecting CXX compile features
[0.473s] -- Detecting CXX compile features - done
[0.477s] -- Found ament_cmake: 0.9.12 (/opt/ros/foxy/share/ament_cmake/cmake)
[0.504s] -- Found PythonInterp: /usr/bin/python3 (found suitable version "3.8.10", minimum required is "3") 
[0.504s] -- Using PYTHON_EXECUTABLE: /usr/bin/python3
[0.669s] -- Override CMake install command with custom implementation using symlinks instead of copying resources
[0.711s] -- Found nav2_common: 0.4.7 (/ws/src/nav2/install/nav2_common/share/nav2_common/cmake)
[0.714s] -- Found rclcpp: 2.4.3 (/opt/ros/foxy/share/rclcpp/cmake)
[0.770s] -- Using all available rosidl_typesupport_c: rosidl_typesupport_fastrtps_c;rosidl_typesupport_introspection_c
[0.780s] -- Found rosidl_adapter: 1.3.1 (/opt/ros/foxy/share/rosidl_adapter/cmake)
[0.857s] -- Found OpenSSL: /usr/lib/x86_64-linux-gnu/libcrypto.so (found version "1.1.1f")  
[0.891s] -- Found FastRTPS: /opt/ros/foxy/include  
[0.988s] -- Using all available rosidl_typesupport_cpp: rosidl_typesupport_fastrtps_cpp;rosidl_typesupport_introspection_cpp
[1.063s] -- Found rmw_implementation_cmake: 1.0.4 (/opt/ros/foxy/share/rmw_implementation_cmake/cmake)
[1.065s] -- Using RMW implementation 'rmw_fastrtps_cpp' as default
[1.066s] -- Looking for pthread.h
[1.142s] -- Looking for pthread.h - found
[1.142s] -- Performing Test CMAKE_HAVE_LIBC_PTHREAD
[1.219s] -- Performing Test CMAKE_HAVE_LIBC_PTHREAD - Failed
[1.219s] -- Looking for pthread_create in pthreads
[1.282s] -- Looking for pthread_create in pthreads - not found
[1.282s] -- Looking for pthread_create in pthread
[1.352s] -- Looking for pthread_create in pthread - found
[1.353s] -- Found Threads: TRUE  
[1.537s] -- Found rclcpp_lifecycle: 2.4.3 (/opt/ros/foxy/share/rclcpp_lifecycle/cmake)
[1.575s] -- Found message_filters: 3.2.7 (/opt/ros/foxy/share/message_filters/cmake)
[1.580s] -- Found tf2_geometry_msgs: 0.13.14 (/opt/ros/foxy/share/tf2_geometry_msgs/cmake)
[1.635s] -- Found eigen3_cmake_module: 0.1.1 (/opt/ros/foxy/share/eigen3_cmake_module/cmake)
[1.640s] -- Found Eigen3: TRUE (found version "3.3.7") 
[2.145s] -- Found nav_msgs: 2.0.5 (/opt/ros/foxy/share/nav_msgs/cmake)
[2.226s] -- Found sensor_msgs: 2.0.5 (/opt/ros/foxy/share/sensor_msgs/cmake)
[2.306s] -- Found std_srvs: 2.0.5 (/opt/ros/foxy/share/std_srvs/cmake)
[2.316s] -- Found nav2_util: 0.4.7 (/ws/src/nav2/install/nav2_util/share/nav2_util/cmake)
[2.774s] -- Setting build type to Release as none was specified.
[2.775s] -- Looking for drand48
[2.847s] -- Looking for drand48 - found
[3.619s] -- Found ament_lint_auto: 0.9.8 (/opt/ros/foxy/share/ament_lint_auto/cmake)
[3.723s] -- Added test 'cppcheck' to perform static code analysis on C / C++ code
[3.723s] -- Configured cppcheck include dirs: /ws/src/nav2/nav2_amcl/include;/ws/src/nav2/nav2_amcl/src/include
[3.723s] -- Configured cppcheck exclude dirs and/or files: 
[3.724s] -- Added test 'lint_cmake' to check CMake code style
[3.727s] -- Added test 'uncrustify' to check C / C++ code style
[3.727s] -- Configured uncrustify additional arguments: 
[3.727s] -- Added test 'xmllint' to check XML markup files
[3.737s] -- Configuring done
[3.833s] -- Generating done
[3.835s] -- Build files have been written to: /ws/src/nav2/build/nav2_amcl
