[0.039s] Invoking command in '/ws/src/nav2/build/nav2_lifecycle_manager': AMENT_PREFIX_PATH=/ws/src/nav2/install/nav2_util:/ws/src/nav2/install/nav2_msgs:/ws/src/nav2/install/nav2_common:${AMENT_PREFIX_PATH} CMAKE_PREFIX_PATH=/ws/src/nav2/install/nav2_util:/ws/src/nav2/install/nav2_msgs:/ws/src/nav2/install/nav2_common:/opt/ros/foxy LD_LIBRARY_PATH=/ws/src/nav2/install/nav2_util/lib:/ws/src/nav2/install/nav2_msgs/lib:${LD_LIBRARY_PATH} PYTHONPATH=/ws/src/nav2/install/nav2_msgs/lib/python3.8/site-packages:/ws/src/nav2/install/nav2_common/lib/python3.8/site-packages:${PYTHONPATH} /usr/bin/cmake /ws/src/nav2/nav2_lifecycle_manager -DAMENT_CMAKE_SYMLINK_INSTALL=1 -DCMAKE_INSTALL_PREFIX=/ws/src/nav2/install/nav2_lifecycle_manager
[0.095s] -- The C compiler identification is GNU 9.4.0
[0.157s] -- The CXX compiler identification is GNU 9.4.0
[0.162s] -- Check for working C compiler: /usr/bin/cc
[0.230s] -- Check for working C compiler: /usr/bin/cc -- works
[0.231s] -- Detecting C compiler ABI info
[0.298s] -- Detecting C compiler ABI info - done
[0.309s] -- Detecting C compile features
[0.309s] -- Detecting C compile features - done
[0.311s] -- Check for working CXX compiler: /usr/bin/c++
[0.394s] -- Check for working CXX compiler: /usr/bin/c++ -- works
[0.395s] -- Detecting CXX compiler ABI info
[0.475s] -- Detecting CXX compiler ABI info - done
[0.487s] -- Detecting CXX compile features
[0.487s] -- Detecting CXX compile features - done
[0.491s] -- Found ament_cmake: 0.9.12 (/opt/ros/foxy/share/ament_cmake/cmake)
[0.517s] -- Found PythonInterp: /usr/bin/python3 (found suitable version "3.8.10", minimum required is "3") 
[0.517s] -- Using PYTHON_EXECUTABLE: /usr/bin/python3
[0.687s] -- Override CMake install command with custom implementation using symlinks instead of copying resources
[0.727s] -- Found geometry_msgs: 2.0.5 (/opt/ros/foxy/share/geometry_msgs/cmake)
[0.763s] -- Using all available rosidl_typesupport_c: rosidl_typesupport_fastrtps_c;rosidl_typesupport_introspection_c
[0.773s] -- Found rosidl_adapter: 1.3.1 (/opt/ros/foxy/share/rosidl_adapter/cmake)
[0.858s] -- Found OpenSSL: /usr/lib/x86_64-linux-gnu/libcrypto.so (found version "1.1.1f")  
[0.895s] -- Found FastRTPS: /opt/ros/foxy/include  
[1.016s] -- Using all available rosidl_typesupport_cpp: rosidl_typesupport_fastrtps_cpp;rosidl_typesupport_introspection_cpp
[1.119s] -- Found lifecycle_msgs: 1.0.0 (/opt/ros/foxy/share/lifecycle_msgs/cmake)
[1.130s] -- Found nav2_common: 0.4.7 (/ws/src/nav2/install/nav2_common/share/nav2_common/cmake)
[1.131s] -- Found nav2_msgs: 0.4.7 (/ws/src/nav2/install/nav2_msgs/share/nav2_msgs/cmake)
[1.515s] -- Found nav2_util: 0.4.7 (/ws/src/nav2/install/nav2_util/share/nav2_util/cmake)
[1.626s] -- Found rmw_implementation_cmake: 1.0.4 (/opt/ros/foxy/share/rmw_implementation_cmake/cmake)
[1.628s] -- Using RMW implementation 'rmw_fastrtps_cpp' as default
[1.629s] -- Looking for pthread.h
[1.708s] -- Looking for pthread.h - found
[1.708s] -- Performing Test CMAKE_HAVE_LIBC_PTHREAD
[1.787s] -- Performing Test CMAKE_HAVE_LIBC_PTHREAD - Failed
[1.787s] -- Looking for pthread_create in pthreads
[1.851s] -- Looking for pthread_create in pthreads - not found
[1.851s] -- Looking for pthread_create in pthread
[1.930s] -- Looking for pthread_create in pthread - found
[1.931s] -- Found Threads: TRUE  
[2.440s] -- Found eigen3_cmake_module: 0.1.1 (/opt/ros/foxy/share/eigen3_cmake_module/cmake)
[2.445s] -- Found Eigen3: TRUE (found version "3.3.7") 
[2.620s] -- Found std_srvs: 2.0.5 (/opt/ros/foxy/share/std_srvs/cmake)
[2.629s] -- Setting build type to Release as none was specified.
[2.909s] -- Found ament_lint_auto: 0.9.8 (/opt/ros/foxy/share/ament_lint_auto/cmake)
[3.005s] -- Found ament_cmake_gtest: 0.9.12 (/opt/ros/foxy/share/ament_cmake_gtest/cmake)
[3.008s] -- Found ament_cmake_pytest: 0.9.12 (/opt/ros/foxy/share/ament_cmake_pytest/cmake)
[3.024s] -- Found gtest sources under '/opt/ros/foxy/src/gtest_vendor': C++ tests using 'Google Test' will be built
[3.027s] -- Check if compiler accepts -pthread
[3.105s] -- Check if compiler accepts -pthread - yes
[3.251s] -- Added test 'copyright' to check source files copyright and LICENSE
[3.254s] -- Added test 'cppcheck' to perform static code analysis on C / C++ code
[3.254s] -- Configured cppcheck include dirs: /ws/src/nav2/nav2_lifecycle_manager/include
[3.255s] -- Configured cppcheck exclude dirs and/or files: 
[3.256s] -- Added test 'cpplint' to check C / C++ code against the Google style
[3.256s] -- Configured cpplint exclude dirs and/or files: 
[3.257s] -- Added test 'flake8' to check Python code syntax and style conventions
[3.257s] -- Added test 'lint_cmake' to check CMake code style
[3.258s] -- Added test 'pep257' to check Python code against some of the style conventions in PEP 257
[3.258s] -- Added test 'uncrustify' to check C / C++ code style
[3.258s] -- Configured uncrustify additional arguments: 
[3.259s] -- Added test 'xmllint' to check XML markup files
[3.265s] -- Configuring done
[3.340s] -- Generating done
[3.342s] -- Build files have been written to: /ws/src/nav2/build/nav2_lifecycle_manager
