[0.250s] Invoking command in '/ws/src/nav2/build/nav2_rviz_plugins': AMENT_PREFIX_PATH=/ws/src/nav2/install/nav2_lifecycle_manager:/ws/src/nav2/install/nav2_util:/ws/src/nav2/install/nav2_msgs:/ws/src/nav2/install/nav2_common:${AMENT_PREFIX_PATH} CMAKE_PREFIX_PATH=/ws/src/nav2/install/nav2_lifecycle_manager:/ws/src/nav2/install/nav2_util:/ws/src/nav2/install/nav2_msgs:/ws/src/nav2/install/nav2_common:/opt/ros/foxy LD_LIBRARY_PATH=/ws/src/nav2/install/nav2_lifecycle_manager/lib:/ws/src/nav2/install/nav2_util/lib:/ws/src/nav2/install/nav2_msgs/lib:${LD_LIBRARY_PATH} PYTHONPATH=/ws/src/nav2/install/nav2_msgs/lib/python3.8/site-packages:/ws/src/nav2/install/nav2_common/lib/python3.8/site-packages:${PYTHONPATH} /usr/bin/cmake --build /ws/src/nav2/build/nav2_rviz_plugins -- -j16 -l16
[0.537s] [ 20%] [34m[1mAutomatic MOC for target nav2_rviz_plugins[0m
[0.674s] [ 20%] Built target nav2_rviz_plugins_autogen
[0.955s] [100%] Built target nav2_rviz_plugins
[1.007s] Invoked command in '/ws/src/nav2/build/nav2_rviz_plugins' returned '0': AMENT_PREFIX_PATH=/ws/src/nav2/install/nav2_lifecycle_manager:/ws/src/nav2/install/nav2_util:/ws/src/nav2/install/nav2_msgs:/ws/src/nav2/install/nav2_common:${AMENT_PREFIX_PATH} CMAKE_PREFIX_PATH=/ws/src/nav2/install/nav2_lifecycle_manager:/ws/src/nav2/install/nav2_util:/ws/src/nav2/install/nav2_msgs:/ws/src/nav2/install/nav2_common:/opt/ros/foxy LD_LIBRARY_PATH=/ws/src/nav2/install/nav2_lifecycle_manager/lib:/ws/src/nav2/install/nav2_util/lib:/ws/src/nav2/install/nav2_msgs/lib:${LD_LIBRARY_PATH} PYTHONPATH=/ws/src/nav2/install/nav2_msgs/lib/python3.8/site-packages:/ws/src/nav2/install/nav2_common/lib/python3.8/site-packages:${PYTHONPATH} /usr/bin/cmake --build /ws/src/nav2/build/nav2_rviz_plugins -- -j16 -l16
[1.520s] Invoking command in '/ws/src/nav2/build/nav2_rviz_plugins': AMENT_PREFIX_PATH=/ws/src/nav2/install/nav2_lifecycle_manager:/ws/src/nav2/install/nav2_util:/ws/src/nav2/install/nav2_msgs:/ws/src/nav2/install/nav2_common:${AMENT_PREFIX_PATH} CMAKE_PREFIX_PATH=/ws/src/nav2/install/nav2_lifecycle_manager:/ws/src/nav2/install/nav2_util:/ws/src/nav2/install/nav2_msgs:/ws/src/nav2/install/nav2_common:/opt/ros/foxy LD_LIBRARY_PATH=/ws/src/nav2/install/nav2_lifecycle_manager/lib:/ws/src/nav2/install/nav2_util/lib:/ws/src/nav2/install/nav2_msgs/lib:${LD_LIBRARY_PATH} PYTHONPATH=/ws/src/nav2/install/nav2_msgs/lib/python3.8/site-packages:/ws/src/nav2/install/nav2_common/lib/python3.8/site-packages:${PYTHONPATH} /usr/bin/cmake --install /ws/src/nav2/build/nav2_rviz_plugins
[1.565s] -- Install configuration: ""
[1.566s] -- Execute custom install script
[1.566s] -- Up-to-date symlink: /ws/src/nav2/install/nav2_rviz_plugins/share/nav2_rviz_plugins//plugins_description.xml
[1.567s] -- Up-to-date symlink: /ws/src/nav2/install/nav2_rviz_plugins/include//nav2_rviz_plugins/goal_common.hpp
[1.568s] -- Up-to-date symlink: /ws/src/nav2/install/nav2_rviz_plugins/include//nav2_rviz_plugins/goal_pose_updater.hpp
[1.568s] -- Up-to-date symlink: /ws/src/nav2/install/nav2_rviz_plugins/include//nav2_rviz_plugins/goal_tool.hpp
[1.568s] -- Up-to-date symlink: /ws/src/nav2/install/nav2_rviz_plugins/include//nav2_rviz_plugins/nav2_panel.hpp
[1.569s] -- Up-to-date symlink: /ws/src/nav2/install/nav2_rviz_plugins/include//nav2_rviz_plugins/ros_action_qevent.hpp
[1.581s] -- Up-to-date symlink: /ws/src/nav2/install/nav2_rviz_plugins/share/nav2_rviz_plugins/environment/library_path.sh
[1.582s] -- Up-to-date symlink: /ws/src/nav2/install/nav2_rviz_plugins/share/nav2_rviz_plugins/environment/library_path.dsv
[1.583s] -- Up-to-date symlink: /ws/src/nav2/install/nav2_rviz_plugins/share/ament_index/resource_index/package_run_dependencies/nav2_rviz_plugins
[1.583s] -- Up-to-date symlink: /ws/src/nav2/install/nav2_rviz_plugins/share/ament_index/resource_index/parent_prefix_path/nav2_rviz_plugins
[1.584s] -- Up-to-date symlink: /ws/src/nav2/install/nav2_rviz_plugins/share/nav2_rviz_plugins/environment/ament_prefix_path.sh
[1.584s] -- Up-to-date symlink: /ws/src/nav2/install/nav2_rviz_plugins/share/nav2_rviz_plugins/environment/ament_prefix_path.dsv
[1.585s] -- Up-to-date symlink: /ws/src/nav2/install/nav2_rviz_plugins/share/nav2_rviz_plugins/environment/path.sh
[1.585s] -- Up-to-date symlink: /ws/src/nav2/install/nav2_rviz_plugins/share/nav2_rviz_plugins/environment/path.dsv
[1.585s] -- Up-to-date symlink: /ws/src/nav2/install/nav2_rviz_plugins/share/nav2_rviz_plugins/local_setup.bash
[1.586s] -- Up-to-date symlink: /ws/src/nav2/install/nav2_rviz_plugins/share/nav2_rviz_plugins/local_setup.sh
[1.586s] -- Up-to-date symlink: /ws/src/nav2/install/nav2_rviz_plugins/share/nav2_rviz_plugins/local_setup.zsh
[1.586s] -- Up-to-date symlink: /ws/src/nav2/install/nav2_rviz_plugins/share/nav2_rviz_plugins/local_setup.dsv
[1.587s] -- Symlinking: /ws/src/nav2/install/nav2_rviz_plugins/share/nav2_rviz_plugins/package.dsv
[1.631s] -- Up-to-date symlink: /ws/src/nav2/install/nav2_rviz_plugins/share/ament_index/resource_index/packages/nav2_rviz_plugins
[1.631s] -- Up-to-date symlink: /ws/src/nav2/install/nav2_rviz_plugins/share/ament_index/resource_index/rviz_common__pluginlib__plugin/nav2_rviz_plugins
[1.632s] -- Up-to-date symlink: /ws/src/nav2/install/nav2_rviz_plugins/share/nav2_rviz_plugins/cmake/ament_cmake_export_include_directories-extras.cmake
[1.634s] -- Up-to-date symlink: /ws/src/nav2/install/nav2_rviz_plugins/share/nav2_rviz_plugins/cmake/ament_cmake_export_targets-extras.cmake
[1.635s] -- Up-to-date symlink: /ws/src/nav2/install/nav2_rviz_plugins/share/nav2_rviz_plugins/cmake/ament_cmake_export_dependencies-extras.cmake
[1.635s] -- Up-to-date symlink: /ws/src/nav2/install/nav2_rviz_plugins/share/nav2_rviz_plugins/cmake/nav2_rviz_pluginsConfig.cmake
[1.637s] -- Up-to-date symlink: /ws/src/nav2/install/nav2_rviz_plugins/share/nav2_rviz_plugins/cmake/nav2_rviz_pluginsConfig-version.cmake
[1.637s] -- Up-to-date symlink: /ws/src/nav2/install/nav2_rviz_plugins/share/nav2_rviz_plugins/package.xml
[1.638s] -- Up-to-date: /ws/src/nav2/install/nav2_rviz_plugins/lib/libnav2_rviz_plugins.so
[1.639s] -- Up-to-date: /ws/src/nav2/install/nav2_rviz_plugins/share/nav2_rviz_plugins/cmake/nav2_rviz_pluginsExport.cmake
[1.639s] -- Up-to-date: /ws/src/nav2/install/nav2_rviz_plugins/share/nav2_rviz_plugins/cmake/nav2_rviz_pluginsExport-noconfig.cmake
[1.654s] Invoked command in '/ws/src/nav2/build/nav2_rviz_plugins' returned '0': AMENT_PREFIX_PATH=/ws/src/nav2/install/nav2_lifecycle_manager:/ws/src/nav2/install/nav2_util:/ws/src/nav2/install/nav2_msgs:/ws/src/nav2/install/nav2_common:${AMENT_PREFIX_PATH} CMAKE_PREFIX_PATH=/ws/src/nav2/install/nav2_lifecycle_manager:/ws/src/nav2/install/nav2_util:/ws/src/nav2/install/nav2_msgs:/ws/src/nav2/install/nav2_common:/opt/ros/foxy LD_LIBRARY_PATH=/ws/src/nav2/install/nav2_lifecycle_manager/lib:/ws/src/nav2/install/nav2_util/lib:/ws/src/nav2/install/nav2_msgs/lib:${LD_LIBRARY_PATH} PYTHONPATH=/ws/src/nav2/install/nav2_msgs/lib/python3.8/site-packages:/ws/src/nav2/install/nav2_common/lib/python3.8/site-packages:${PYTHONPATH} /usr/bin/cmake --install /ws/src/nav2/build/nav2_rviz_plugins
