[0.020s] Invoking command in '/ws/src/nav2/build/nav_2d_msgs': CMAKE_PREFIX_PATH=/opt/ros/foxy /usr/bin/cmake --build /ws/src/nav2/build/nav_2d_msgs -- -j16 -l16
[0.061s] [  1%] Built target nav_2d_msgs__cpp
[0.066s] [ 12%] Built target nav_2d_msgs__rosidl_generator_c
[0.081s] [ 25%] Built target nav_2d_msgs__rosidl_typesupport_introspection_cpp
[0.081s] [ 35%] Built target nav_2d_msgs__rosidl_typesupport_cpp
[0.083s] [ 46%] Built target nav_2d_msgs__rosidl_typesupport_fastrtps_cpp
[0.087s] [ 69%] Built target nav_2d_msgs__rosidl_typesupport_c
[0.088s] [ 69%] Built target nav_2d_msgs__rosidl_typesupport_introspection_c
[0.107s] [ 80%] Built target nav_2d_msgs__rosidl_typesupport_fastrtps_c
[0.125s] [ 80%] Built target nav_2d_msgs
[0.142s] [ 81%] Built target nav_2d_msgs__py
[0.167s] [ 91%] Built target nav_2d_msgs__python
[0.193s] [100%] Built target nav_2d_msgs__rosidl_typesupport_c__pyext
[0.194s] [100%] Built target nav_2d_msgs__rosidl_typesupport_introspection_c__pyext
[0.194s] [100%] Built target nav_2d_msgs__rosidl_typesupport_fastrtps_c__pyext
[0.204s] Invoked command in '/ws/src/nav2/build/nav_2d_msgs' returned '0': CMAKE_PREFIX_PATH=/opt/ros/foxy /usr/bin/cmake --build /ws/src/nav2/build/nav_2d_msgs -- -j16 -l16
[0.294s] Invoking command in '/ws/src/nav2/build/nav_2d_msgs': CMAKE_PREFIX_PATH=/opt/ros/foxy /usr/bin/cmake --install /ws/src/nav2/build/nav_2d_msgs
[0.300s] -- Install configuration: ""
[0.301s] -- Execute custom install script
[0.301s] -- Up-to-date symlink: /ws/src/nav2/install/nav_2d_msgs/share/ament_index/resource_index/rosidl_interfaces/nav_2d_msgs
[0.302s] -- Up-to-date symlink: /ws/src/nav2/install/nav_2d_msgs/include/nav_2d_msgs/msg/detail/path2_d__functions.h
[0.302s] -- Up-to-date symlink: /ws/src/nav2/install/nav_2d_msgs/include/nav_2d_msgs/msg/detail/path2_d__struct.h
[0.302s] -- Up-to-date symlink: /ws/src/nav2/install/nav_2d_msgs/include/nav_2d_msgs/msg/detail/path2_d__type_support.h
[0.302s] -- Up-to-date symlink: /ws/src/nav2/install/nav_2d_msgs/include/nav_2d_msgs/msg/detail/pose2_d32__functions.h
[0.302s] -- Up-to-date symlink: /ws/src/nav2/install/nav_2d_msgs/include/nav_2d_msgs/msg/detail/pose2_d32__struct.h
[0.303s] -- Up-to-date symlink: /ws/src/nav2/install/nav_2d_msgs/include/nav_2d_msgs/msg/detail/pose2_d32__type_support.h
[0.303s] -- Up-to-date symlink: /ws/src/nav2/install/nav_2d_msgs/include/nav_2d_msgs/msg/detail/pose2_d_stamped__functions.h
[0.303s] -- Up-to-date symlink: /ws/src/nav2/install/nav_2d_msgs/include/nav_2d_msgs/msg/detail/pose2_d_stamped__struct.h
[0.303s] -- Up-to-date symlink: /ws/src/nav2/install/nav_2d_msgs/include/nav_2d_msgs/msg/detail/pose2_d_stamped__type_support.h
[0.303s] -- Up-to-date symlink: /ws/src/nav2/install/nav_2d_msgs/include/nav_2d_msgs/msg/detail/twist2_d32__functions.h
[0.303s] -- Up-to-date symlink: /ws/src/nav2/install/nav_2d_msgs/include/nav_2d_msgs/msg/detail/twist2_d32__struct.h
[0.303s] -- Up-to-date symlink: /ws/src/nav2/install/nav_2d_msgs/include/nav_2d_msgs/msg/detail/twist2_d32__type_support.h
[0.304s] -- Up-to-date symlink: /ws/src/nav2/install/nav_2d_msgs/include/nav_2d_msgs/msg/detail/twist2_d__functions.h
[0.304s] -- Up-to-date symlink: /ws/src/nav2/install/nav_2d_msgs/include/nav_2d_msgs/msg/detail/twist2_d__struct.h
[0.304s] -- Up-to-date symlink: /ws/src/nav2/install/nav_2d_msgs/include/nav_2d_msgs/msg/detail/twist2_d__type_support.h
[0.304s] -- Up-to-date symlink: /ws/src/nav2/install/nav_2d_msgs/include/nav_2d_msgs/msg/detail/twist2_d_stamped__functions.h
[0.304s] -- Up-to-date symlink: /ws/src/nav2/install/nav_2d_msgs/include/nav_2d_msgs/msg/detail/twist2_d_stamped__struct.h
[0.305s] -- Up-to-date symlink: /ws/src/nav2/install/nav_2d_msgs/include/nav_2d_msgs/msg/detail/twist2_d_stamped__type_support.h
[0.307s] -- Up-to-date symlink: /ws/src/nav2/install/nav_2d_msgs/include/nav_2d_msgs/msg/path2_d.h
[0.309s] -- Up-to-date symlink: /ws/src/nav2/install/nav_2d_msgs/include/nav_2d_msgs/msg/pose2_d32.h
[0.309s] -- Up-to-date symlink: /ws/src/nav2/install/nav_2d_msgs/include/nav_2d_msgs/msg/pose2_d_stamped.h
[0.309s] -- Up-to-date symlink: /ws/src/nav2/install/nav_2d_msgs/include/nav_2d_msgs/msg/rosidl_generator_c__visibility_control.h
[0.310s] -- Up-to-date symlink: /ws/src/nav2/install/nav_2d_msgs/include/nav_2d_msgs/msg/twist2_d.h
[0.310s] -- Up-to-date symlink: /ws/src/nav2/install/nav_2d_msgs/include/nav_2d_msgs/msg/twist2_d32.h
[0.310s] -- Up-to-date symlink: /ws/src/nav2/install/nav_2d_msgs/include/nav_2d_msgs/msg/twist2_d_stamped.h
[0.310s] -- Up-to-date symlink: /ws/src/nav2/install/nav_2d_msgs/share/nav_2d_msgs/environment/library_path.sh
[0.310s] -- Up-to-date symlink: /ws/src/nav2/install/nav_2d_msgs/share/nav_2d_msgs/environment/library_path.dsv
[0.310s] -- Up-to-date symlink: /ws/src/nav2/install/nav_2d_msgs/include/nav_2d_msgs/msg/detail/path2_d__rosidl_typesupport_fastrtps_c.h
[0.310s] -- Up-to-date symlink: /ws/src/nav2/install/nav_2d_msgs/include/nav_2d_msgs/msg/detail/pose2_d32__rosidl_typesupport_fastrtps_c.h
[0.310s] -- Up-to-date symlink: /ws/src/nav2/install/nav_2d_msgs/include/nav_2d_msgs/msg/detail/pose2_d_stamped__rosidl_typesupport_fastrtps_c.h
[0.310s] -- Up-to-date symlink: /ws/src/nav2/install/nav_2d_msgs/include/nav_2d_msgs/msg/detail/twist2_d32__rosidl_typesupport_fastrtps_c.h
[0.311s] -- Up-to-date symlink: /ws/src/nav2/install/nav_2d_msgs/include/nav_2d_msgs/msg/detail/twist2_d__rosidl_typesupport_fastrtps_c.h
[0.311s] -- Up-to-date symlink: /ws/src/nav2/install/nav_2d_msgs/include/nav_2d_msgs/msg/detail/twist2_d_stamped__rosidl_typesupport_fastrtps_c.h
[0.311s] -- Up-to-date symlink: /ws/src/nav2/install/nav_2d_msgs/include/nav_2d_msgs/msg/rosidl_typesupport_fastrtps_c__visibility_control.h
[0.311s] -- Up-to-date symlink: /ws/src/nav2/install/nav_2d_msgs/lib/libnav_2d_msgs__rosidl_typesupport_fastrtps_c.so
[0.311s] -- Up-to-date symlink: /ws/src/nav2/install/nav_2d_msgs/include/nav_2d_msgs/msg/detail/path2_d__rosidl_typesupport_fastrtps_cpp.hpp
[0.311s] -- Up-to-date symlink: /ws/src/nav2/install/nav_2d_msgs/include/nav_2d_msgs/msg/detail/pose2_d32__rosidl_typesupport_fastrtps_cpp.hpp
[0.311s] -- Up-to-date symlink: /ws/src/nav2/install/nav_2d_msgs/include/nav_2d_msgs/msg/detail/pose2_d_stamped__rosidl_typesupport_fastrtps_cpp.hpp
[0.312s] -- Up-to-date symlink: /ws/src/nav2/install/nav_2d_msgs/include/nav_2d_msgs/msg/detail/twist2_d32__rosidl_typesupport_fastrtps_cpp.hpp
[0.312s] -- Up-to-date symlink: /ws/src/nav2/install/nav_2d_msgs/include/nav_2d_msgs/msg/detail/twist2_d__rosidl_typesupport_fastrtps_cpp.hpp
[0.312s] -- Up-to-date symlink: /ws/src/nav2/install/nav_2d_msgs/include/nav_2d_msgs/msg/detail/twist2_d_stamped__rosidl_typesupport_fastrtps_cpp.hpp
[0.312s] -- Up-to-date symlink: /ws/src/nav2/install/nav_2d_msgs/include/nav_2d_msgs/msg/rosidl_typesupport_fastrtps_cpp__visibility_control.h
[0.314s] -- Up-to-date symlink: /ws/src/nav2/install/nav_2d_msgs/lib/libnav_2d_msgs__rosidl_typesupport_fastrtps_cpp.so
[0.314s] -- Up-to-date symlink: /ws/src/nav2/install/nav_2d_msgs/include/nav_2d_msgs/msg/detail/path2_d__rosidl_typesupport_introspection_c.h
[0.314s] -- Up-to-date symlink: /ws/src/nav2/install/nav_2d_msgs/include/nav_2d_msgs/msg/detail/pose2_d32__rosidl_typesupport_introspection_c.h
[0.314s] -- Up-to-date symlink: /ws/src/nav2/install/nav_2d_msgs/include/nav_2d_msgs/msg/detail/pose2_d_stamped__rosidl_typesupport_introspection_c.h
[0.314s] -- Up-to-date symlink: /ws/src/nav2/install/nav_2d_msgs/include/nav_2d_msgs/msg/detail/twist2_d32__rosidl_typesupport_introspection_c.h
[0.315s] -- Up-to-date symlink: /ws/src/nav2/install/nav_2d_msgs/include/nav_2d_msgs/msg/detail/twist2_d__rosidl_typesupport_introspection_c.h
[0.315s] -- Up-to-date symlink: /ws/src/nav2/install/nav_2d_msgs/include/nav_2d_msgs/msg/detail/twist2_d_stamped__rosidl_typesupport_introspection_c.h
[0.315s] -- Up-to-date symlink: /ws/src/nav2/install/nav_2d_msgs/include/nav_2d_msgs/msg/rosidl_typesupport_introspection_c__visibility_control.h
[0.315s] -- Up-to-date symlink: /ws/src/nav2/install/nav_2d_msgs/include/nav_2d_msgs/msg/detail/path2_d__builder.hpp
[0.315s] -- Up-to-date symlink: /ws/src/nav2/install/nav_2d_msgs/include/nav_2d_msgs/msg/detail/path2_d__struct.hpp
[0.315s] -- Up-to-date symlink: /ws/src/nav2/install/nav_2d_msgs/include/nav_2d_msgs/msg/detail/path2_d__traits.hpp
[0.316s] -- Up-to-date symlink: /ws/src/nav2/install/nav_2d_msgs/include/nav_2d_msgs/msg/detail/path2_d__type_support.hpp
[0.316s] -- Up-to-date symlink: /ws/src/nav2/install/nav_2d_msgs/include/nav_2d_msgs/msg/detail/pose2_d32__builder.hpp
[0.316s] -- Up-to-date symlink: /ws/src/nav2/install/nav_2d_msgs/include/nav_2d_msgs/msg/detail/pose2_d32__struct.hpp
[0.316s] -- Up-to-date symlink: /ws/src/nav2/install/nav_2d_msgs/include/nav_2d_msgs/msg/detail/pose2_d32__traits.hpp
[0.316s] -- Up-to-date symlink: /ws/src/nav2/install/nav_2d_msgs/include/nav_2d_msgs/msg/detail/pose2_d32__type_support.hpp
[0.316s] -- Up-to-date symlink: /ws/src/nav2/install/nav_2d_msgs/include/nav_2d_msgs/msg/detail/pose2_d_stamped__builder.hpp
[0.316s] -- Up-to-date symlink: /ws/src/nav2/install/nav_2d_msgs/include/nav_2d_msgs/msg/detail/pose2_d_stamped__struct.hpp
[0.317s] -- Up-to-date symlink: /ws/src/nav2/install/nav_2d_msgs/include/nav_2d_msgs/msg/detail/pose2_d_stamped__traits.hpp
[0.317s] -- Up-to-date symlink: /ws/src/nav2/install/nav_2d_msgs/include/nav_2d_msgs/msg/detail/pose2_d_stamped__type_support.hpp
[0.317s] -- Up-to-date symlink: /ws/src/nav2/install/nav_2d_msgs/include/nav_2d_msgs/msg/detail/twist2_d32__builder.hpp
[0.317s] -- Up-to-date symlink: /ws/src/nav2/install/nav_2d_msgs/include/nav_2d_msgs/msg/detail/twist2_d32__struct.hpp
[0.317s] -- Up-to-date symlink: /ws/src/nav2/install/nav_2d_msgs/include/nav_2d_msgs/msg/detail/twist2_d32__traits.hpp
[0.318s] -- Up-to-date symlink: /ws/src/nav2/install/nav_2d_msgs/include/nav_2d_msgs/msg/detail/twist2_d32__type_support.hpp
[0.318s] -- Up-to-date symlink: /ws/src/nav2/install/nav_2d_msgs/include/nav_2d_msgs/msg/detail/twist2_d__builder.hpp
[0.318s] -- Up-to-date symlink: /ws/src/nav2/install/nav_2d_msgs/include/nav_2d_msgs/msg/detail/twist2_d__struct.hpp
[0.320s] -- Up-to-date symlink: /ws/src/nav2/install/nav_2d_msgs/include/nav_2d_msgs/msg/detail/twist2_d__traits.hpp
[0.320s] -- Up-to-date symlink: /ws/src/nav2/install/nav_2d_msgs/include/nav_2d_msgs/msg/detail/twist2_d__type_support.hpp
[0.320s] -- Up-to-date symlink: /ws/src/nav2/install/nav_2d_msgs/include/nav_2d_msgs/msg/detail/twist2_d_stamped__builder.hpp
[0.320s] -- Up-to-date symlink: /ws/src/nav2/install/nav_2d_msgs/include/nav_2d_msgs/msg/detail/twist2_d_stamped__struct.hpp
[0.320s] -- Up-to-date symlink: /ws/src/nav2/install/nav_2d_msgs/include/nav_2d_msgs/msg/detail/twist2_d_stamped__traits.hpp
[0.320s] -- Up-to-date symlink: /ws/src/nav2/install/nav_2d_msgs/include/nav_2d_msgs/msg/detail/twist2_d_stamped__type_support.hpp
[0.320s] -- Up-to-date symlink: /ws/src/nav2/install/nav_2d_msgs/include/nav_2d_msgs/msg/path2_d.hpp
[0.321s] -- Up-to-date symlink: /ws/src/nav2/install/nav_2d_msgs/include/nav_2d_msgs/msg/pose2_d32.hpp
[0.321s] -- Up-to-date symlink: /ws/src/nav2/install/nav_2d_msgs/include/nav_2d_msgs/msg/pose2_d_stamped.hpp
[0.321s] -- Up-to-date symlink: /ws/src/nav2/install/nav_2d_msgs/include/nav_2d_msgs/msg/rosidl_generator_cpp__visibility_control.hpp
[0.321s] -- Up-to-date symlink: /ws/src/nav2/install/nav_2d_msgs/include/nav_2d_msgs/msg/twist2_d.hpp
[0.321s] -- Up-to-date symlink: /ws/src/nav2/install/nav_2d_msgs/include/nav_2d_msgs/msg/twist2_d32.hpp
[0.321s] -- Up-to-date symlink: /ws/src/nav2/install/nav_2d_msgs/include/nav_2d_msgs/msg/twist2_d_stamped.hpp
[0.321s] -- Up-to-date symlink: /ws/src/nav2/install/nav_2d_msgs/include/nav_2d_msgs/msg/detail/path2_d__rosidl_typesupport_introspection_cpp.hpp
[0.321s] -- Up-to-date symlink: /ws/src/nav2/install/nav_2d_msgs/include/nav_2d_msgs/msg/detail/pose2_d32__rosidl_typesupport_introspection_cpp.hpp
[0.322s] -- Up-to-date symlink: /ws/src/nav2/install/nav_2d_msgs/include/nav_2d_msgs/msg/detail/pose2_d_stamped__rosidl_typesupport_introspection_cpp.hpp
[0.322s] -- Up-to-date symlink: /ws/src/nav2/install/nav_2d_msgs/include/nav_2d_msgs/msg/detail/twist2_d32__rosidl_typesupport_introspection_cpp.hpp
[0.322s] -- Up-to-date symlink: /ws/src/nav2/install/nav_2d_msgs/include/nav_2d_msgs/msg/detail/twist2_d__rosidl_typesupport_introspection_cpp.hpp
[0.322s] -- Up-to-date symlink: /ws/src/nav2/install/nav_2d_msgs/include/nav_2d_msgs/msg/detail/twist2_d_stamped__rosidl_typesupport_introspection_cpp.hpp
[0.322s] -- Up-to-date symlink: /ws/src/nav2/install/nav_2d_msgs/share/nav_2d_msgs/environment/pythonpath.sh
[0.322s] -- Up-to-date symlink: /ws/src/nav2/install/nav_2d_msgs/share/nav_2d_msgs/environment/pythonpath.dsv
[0.322s] -- Up-to-date symlink: /ws/src/nav2/install/nav_2d_msgs/lib/python3.8/site-packages/nav_2d_msgs/__init__.py
[0.322s] -- Up-to-date symlink: /ws/src/nav2/install/nav_2d_msgs/lib/python3.8/site-packages/nav_2d_msgs/msg/__init__.py
[0.322s] -- Up-to-date symlink: /ws/src/nav2/install/nav_2d_msgs/lib/python3.8/site-packages/nav_2d_msgs/msg/_path2_d.py
[0.322s] -- Up-to-date symlink: /ws/src/nav2/install/nav_2d_msgs/lib/python3.8/site-packages/nav_2d_msgs/msg/_pose2_d32.py
[0.323s] -- Up-to-date symlink: /ws/src/nav2/install/nav_2d_msgs/lib/python3.8/site-packages/nav_2d_msgs/msg/_pose2_d_stamped.py
[0.323s] -- Up-to-date symlink: /ws/src/nav2/install/nav_2d_msgs/lib/python3.8/site-packages/nav_2d_msgs/msg/_twist2_d.py
[0.323s] -- Up-to-date symlink: /ws/src/nav2/install/nav_2d_msgs/lib/python3.8/site-packages/nav_2d_msgs/msg/_twist2_d32.py
[0.323s] -- Up-to-date symlink: /ws/src/nav2/install/nav_2d_msgs/lib/python3.8/site-packages/nav_2d_msgs/msg/_twist2_d_stamped.py
[0.323s] -- Up-to-date symlink: /ws/src/nav2/install/nav_2d_msgs/lib/python3.8/site-packages/nav_2d_msgs/nav_2d_msgs_s__rosidl_typesupport_fastrtps_c.cpython-38-x86_64-linux-gnu.so
[0.325s] -- Up-to-date symlink: /ws/src/nav2/install/nav_2d_msgs/lib/python3.8/site-packages/nav_2d_msgs/nav_2d_msgs_s__rosidl_typesupport_introspection_c.cpython-38-x86_64-linux-gnu.so
[0.325s] -- Up-to-date symlink: /ws/src/nav2/install/nav_2d_msgs/lib/python3.8/site-packages/nav_2d_msgs/nav_2d_msgs_s__rosidl_typesupport_c.cpython-38-x86_64-linux-gnu.so
[0.325s] -- Up-to-date symlink: /ws/src/nav2/install/nav_2d_msgs/lib/libnav_2d_msgs__python.so
[0.325s] -- Up-to-date symlink: /ws/src/nav2/install/nav_2d_msgs/share/nav_2d_msgs/msg/Path2D.idl
[0.326s] -- Up-to-date symlink: /ws/src/nav2/install/nav_2d_msgs/share/nav_2d_msgs/msg/Pose2D32.idl
[0.326s] -- Up-to-date symlink: /ws/src/nav2/install/nav_2d_msgs/share/nav_2d_msgs/msg/Pose2DStamped.idl
[0.326s] -- Up-to-date symlink: /ws/src/nav2/install/nav_2d_msgs/share/nav_2d_msgs/msg/Twist2D.idl
[0.326s] -- Up-to-date symlink: /ws/src/nav2/install/nav_2d_msgs/share/nav_2d_msgs/msg/Twist2D32.idl
[0.326s] -- Up-to-date symlink: /ws/src/nav2/install/nav_2d_msgs/share/nav_2d_msgs/msg/Twist2DStamped.idl
[0.326s] -- Up-to-date symlink: /ws/src/nav2/install/nav_2d_msgs/share/nav_2d_msgs/msg/Path2D.msg
[0.326s] -- Up-to-date symlink: /ws/src/nav2/install/nav_2d_msgs/share/nav_2d_msgs/msg/Pose2D32.msg
[0.326s] -- Up-to-date symlink: /ws/src/nav2/install/nav_2d_msgs/share/nav_2d_msgs/msg/Pose2DStamped.msg
[0.326s] -- Up-to-date symlink: /ws/src/nav2/install/nav_2d_msgs/share/nav_2d_msgs/msg/Twist2D.msg
[0.326s] -- Up-to-date symlink: /ws/src/nav2/install/nav_2d_msgs/share/nav_2d_msgs/msg/Twist2D32.msg
[0.326s] -- Up-to-date symlink: /ws/src/nav2/install/nav_2d_msgs/share/nav_2d_msgs/msg/Twist2DStamped.msg
[0.326s] -- Up-to-date symlink: /ws/src/nav2/install/nav_2d_msgs/share/ament_index/resource_index/package_run_dependencies/nav_2d_msgs
[0.326s] -- Up-to-date symlink: /ws/src/nav2/install/nav_2d_msgs/share/ament_index/resource_index/parent_prefix_path/nav_2d_msgs
[0.326s] -- Up-to-date symlink: /ws/src/nav2/install/nav_2d_msgs/share/nav_2d_msgs/environment/ament_prefix_path.sh
[0.326s] -- Up-to-date symlink: /ws/src/nav2/install/nav_2d_msgs/share/nav_2d_msgs/environment/ament_prefix_path.dsv
[0.327s] -- Up-to-date symlink: /ws/src/nav2/install/nav_2d_msgs/share/nav_2d_msgs/environment/path.sh
[0.327s] -- Up-to-date symlink: /ws/src/nav2/install/nav_2d_msgs/share/nav_2d_msgs/environment/path.dsv
[0.327s] -- Up-to-date symlink: /ws/src/nav2/install/nav_2d_msgs/share/nav_2d_msgs/local_setup.bash
[0.327s] -- Up-to-date symlink: /ws/src/nav2/install/nav_2d_msgs/share/nav_2d_msgs/local_setup.sh
[0.327s] -- Up-to-date symlink: /ws/src/nav2/install/nav_2d_msgs/share/nav_2d_msgs/local_setup.zsh
[0.327s] -- Up-to-date symlink: /ws/src/nav2/install/nav_2d_msgs/share/nav_2d_msgs/local_setup.dsv
[0.327s] -- Symlinking: /ws/src/nav2/install/nav_2d_msgs/share/nav_2d_msgs/package.dsv
[0.333s] -- Up-to-date symlink: /ws/src/nav2/install/nav_2d_msgs/share/ament_index/resource_index/packages/nav_2d_msgs
[0.333s] -- Up-to-date symlink: /ws/src/nav2/install/nav_2d_msgs/share/nav_2d_msgs/cmake/rosidl_cmake-extras.cmake
[0.333s] -- Up-to-date symlink: /ws/src/nav2/install/nav_2d_msgs/share/nav_2d_msgs/cmake/ament_cmake_export_dependencies-extras.cmake
[0.333s] -- Up-to-date symlink: /ws/src/nav2/install/nav_2d_msgs/share/nav_2d_msgs/cmake/ament_cmake_export_libraries-extras.cmake
[0.333s] -- Up-to-date symlink: /ws/src/nav2/install/nav_2d_msgs/share/nav_2d_msgs/cmake/ament_cmake_export_targets-extras.cmake
[0.333s] -- Up-to-date symlink: /ws/src/nav2/install/nav_2d_msgs/share/nav_2d_msgs/cmake/ament_cmake_export_include_directories-extras.cmake
[0.333s] -- Up-to-date symlink: /ws/src/nav2/install/nav_2d_msgs/share/nav_2d_msgs/cmake/rosidl_cmake_export_typesupport_libraries-extras.cmake
[0.333s] -- Up-to-date symlink: /ws/src/nav2/install/nav_2d_msgs/share/nav_2d_msgs/cmake/rosidl_cmake_export_typesupport_targets-extras.cmake
[0.333s] -- Up-to-date symlink: /ws/src/nav2/install/nav_2d_msgs/share/nav_2d_msgs/cmake/nav_2d_msgsConfig.cmake
[0.334s] -- Up-to-date symlink: /ws/src/nav2/install/nav_2d_msgs/share/nav_2d_msgs/cmake/nav_2d_msgsConfig-version.cmake
[0.334s] -- Up-to-date symlink: /ws/src/nav2/install/nav_2d_msgs/share/nav_2d_msgs/package.xml
[0.334s] -- Up-to-date: /ws/src/nav2/install/nav_2d_msgs/lib/libnav_2d_msgs__rosidl_generator_c.so
[0.334s] -- Up-to-date: /ws/src/nav2/install/nav_2d_msgs/lib/libnav_2d_msgs__rosidl_typesupport_introspection_c.so
[0.334s] -- Up-to-date: /ws/src/nav2/install/nav_2d_msgs/lib/libnav_2d_msgs__rosidl_typesupport_c.so
[0.334s] -- Up-to-date: /ws/src/nav2/install/nav_2d_msgs/lib/libnav_2d_msgs__rosidl_typesupport_introspection_cpp.so
[0.334s] -- Up-to-date: /ws/src/nav2/install/nav_2d_msgs/lib/libnav_2d_msgs__rosidl_typesupport_cpp.so
[0.359s] -- Up-to-date: /ws/src/nav2/install/nav_2d_msgs/share/nav_2d_msgs/cmake/nav_2d_msgs__rosidl_generator_cExport.cmake
[0.359s] -- Up-to-date: /ws/src/nav2/install/nav_2d_msgs/share/nav_2d_msgs/cmake/nav_2d_msgs__rosidl_generator_cExport-noconfig.cmake
[0.359s] -- Up-to-date: /ws/src/nav2/install/nav_2d_msgs/share/nav_2d_msgs/cmake/nav_2d_msgs__rosidl_typesupport_introspection_cExport.cmake
[0.359s] -- Up-to-date: /ws/src/nav2/install/nav_2d_msgs/share/nav_2d_msgs/cmake/nav_2d_msgs__rosidl_typesupport_introspection_cExport-noconfig.cmake
[0.360s] -- Up-to-date: /ws/src/nav2/install/nav_2d_msgs/share/nav_2d_msgs/cmake/nav_2d_msgs__rosidl_typesupport_cExport.cmake
[0.360s] -- Up-to-date: /ws/src/nav2/install/nav_2d_msgs/share/nav_2d_msgs/cmake/nav_2d_msgs__rosidl_typesupport_cExport-noconfig.cmake
[0.360s] -- Up-to-date: /ws/src/nav2/install/nav_2d_msgs/share/nav_2d_msgs/cmake/nav_2d_msgs__rosidl_generator_cppExport.cmake
[0.360s] -- Up-to-date: /ws/src/nav2/install/nav_2d_msgs/share/nav_2d_msgs/cmake/nav_2d_msgs__rosidl_typesupport_introspection_cppExport.cmake
[0.360s] -- Up-to-date: /ws/src/nav2/install/nav_2d_msgs/share/nav_2d_msgs/cmake/nav_2d_msgs__rosidl_typesupport_introspection_cppExport-noconfig.cmake
[0.360s] -- Up-to-date: /ws/src/nav2/install/nav_2d_msgs/share/nav_2d_msgs/cmake/nav_2d_msgs__rosidl_typesupport_cppExport.cmake
[0.360s] -- Up-to-date: /ws/src/nav2/install/nav_2d_msgs/share/nav_2d_msgs/cmake/nav_2d_msgs__rosidl_typesupport_cppExport-noconfig.cmake
[0.364s] Invoked command in '/ws/src/nav2/build/nav_2d_msgs' returned '0': CMAKE_PREFIX_PATH=/opt/ros/foxy /usr/bin/cmake --install /ws/src/nav2/build/nav_2d_msgs
