[0.045s] Invoking command in '/ws/src/nav2/build/nav2_lifecycle_manager': AMENT_PREFIX_PATH=/ws/src/nav2/install/nav2_util:/ws/src/nav2/install/nav2_msgs:/ws/src/nav2/install/nav2_common:${AMENT_PREFIX_PATH} CMAKE_PREFIX_PATH=/ws/src/nav2/install/nav2_util:/ws/src/nav2/install/nav2_msgs:/ws/src/nav2/install/nav2_common:/opt/ros/foxy LD_LIBRARY_PATH=/ws/src/nav2/install/nav2_util/lib:/ws/src/nav2/install/nav2_msgs/lib:${LD_LIBRARY_PATH} PYTHONPATH=/ws/src/nav2/install/nav2_msgs/lib/python3.8/site-packages:/ws/src/nav2/install/nav2_common/lib/python3.8/site-packages:${PYTHONPATH} /usr/bin/cmake --build /ws/src/nav2/build/nav2_lifecycle_manager -- -j16 -l16
[0.108s] [ 36%] Built target gtest
[0.109s] [ 36%] Built target gtest_main
[0.177s] [ 63%] Built target nav2_lifecycle_manager_core
[0.274s] [ 81%] Built target test_lifecycle_gtest
[0.289s] [100%] Built target lifecycle_manager
[0.340s] Invoked command in '/ws/src/nav2/build/nav2_lifecycle_manager' returned '0': AMENT_PREFIX_PATH=/ws/src/nav2/install/nav2_util:/ws/src/nav2/install/nav2_msgs:/ws/src/nav2/install/nav2_common:${AMENT_PREFIX_PATH} CMAKE_PREFIX_PATH=/ws/src/nav2/install/nav2_util:/ws/src/nav2/install/nav2_msgs:/ws/src/nav2/install/nav2_common:/opt/ros/foxy LD_LIBRARY_PATH=/ws/src/nav2/install/nav2_util/lib:/ws/src/nav2/install/nav2_msgs/lib:${LD_LIBRARY_PATH} PYTHONPATH=/ws/src/nav2/install/nav2_msgs/lib/python3.8/site-packages:/ws/src/nav2/install/nav2_common/lib/python3.8/site-packages:${PYTHONPATH} /usr/bin/cmake --build /ws/src/nav2/build/nav2_lifecycle_manager -- -j16 -l16
[0.686s] Invoking command in '/ws/src/nav2/build/nav2_lifecycle_manager': AMENT_PREFIX_PATH=/ws/src/nav2/install/nav2_util:/ws/src/nav2/install/nav2_msgs:/ws/src/nav2/install/nav2_common:${AMENT_PREFIX_PATH} CMAKE_PREFIX_PATH=/ws/src/nav2/install/nav2_util:/ws/src/nav2/install/nav2_msgs:/ws/src/nav2/install/nav2_common:/opt/ros/foxy LD_LIBRARY_PATH=/ws/src/nav2/install/nav2_util/lib:/ws/src/nav2/install/nav2_msgs/lib:${LD_LIBRARY_PATH} PYTHONPATH=/ws/src/nav2/install/nav2_msgs/lib/python3.8/site-packages:/ws/src/nav2/install/nav2_common/lib/python3.8/site-packages:${PYTHONPATH} /usr/bin/cmake --install /ws/src/nav2/build/nav2_lifecycle_manager
[0.728s] -- Install configuration: "Release"
[0.728s] -- Execute custom install script
[0.729s] -- Up-to-date symlink: /ws/src/nav2/install/nav2_lifecycle_manager/lib/libnav2_lifecycle_manager_core.so
[0.729s] -- Up-to-date symlink: /ws/src/nav2/install/nav2_lifecycle_manager/lib/nav2_lifecycle_manager/lifecycle_manager
[0.730s] -- Up-to-date symlink: /ws/src/nav2/install/nav2_lifecycle_manager/include//nav2_lifecycle_manager/lifecycle_manager.hpp
[0.730s] -- Up-to-date symlink: /ws/src/nav2/install/nav2_lifecycle_manager/include//nav2_lifecycle_manager/lifecycle_manager_client.hpp
[0.730s] -- Up-to-date symlink: /ws/src/nav2/install/nav2_lifecycle_manager/share/nav2_lifecycle_manager/environment/library_path.sh
[0.730s] -- Up-to-date symlink: /ws/src/nav2/install/nav2_lifecycle_manager/share/nav2_lifecycle_manager/environment/library_path.dsv
[0.730s] -- Up-to-date symlink: /ws/src/nav2/install/nav2_lifecycle_manager/share/ament_index/resource_index/package_run_dependencies/nav2_lifecycle_manager
[0.731s] -- Up-to-date symlink: /ws/src/nav2/install/nav2_lifecycle_manager/share/ament_index/resource_index/parent_prefix_path/nav2_lifecycle_manager
[0.731s] -- Up-to-date symlink: /ws/src/nav2/install/nav2_lifecycle_manager/share/nav2_lifecycle_manager/environment/ament_prefix_path.sh
[0.731s] -- Up-to-date symlink: /ws/src/nav2/install/nav2_lifecycle_manager/share/nav2_lifecycle_manager/environment/ament_prefix_path.dsv
[0.731s] -- Up-to-date symlink: /ws/src/nav2/install/nav2_lifecycle_manager/share/nav2_lifecycle_manager/environment/path.sh
[0.731s] -- Up-to-date symlink: /ws/src/nav2/install/nav2_lifecycle_manager/share/nav2_lifecycle_manager/environment/path.dsv
[0.731s] -- Up-to-date symlink: /ws/src/nav2/install/nav2_lifecycle_manager/share/nav2_lifecycle_manager/local_setup.bash
[0.731s] -- Up-to-date symlink: /ws/src/nav2/install/nav2_lifecycle_manager/share/nav2_lifecycle_manager/local_setup.sh
[0.732s] -- Up-to-date symlink: /ws/src/nav2/install/nav2_lifecycle_manager/share/nav2_lifecycle_manager/local_setup.zsh
[0.732s] -- Up-to-date symlink: /ws/src/nav2/install/nav2_lifecycle_manager/share/nav2_lifecycle_manager/local_setup.dsv
[0.732s] -- Symlinking: /ws/src/nav2/install/nav2_lifecycle_manager/share/nav2_lifecycle_manager/package.dsv
[0.781s] -- Up-to-date symlink: /ws/src/nav2/install/nav2_lifecycle_manager/share/ament_index/resource_index/packages/nav2_lifecycle_manager
[0.782s] -- Up-to-date symlink: /ws/src/nav2/install/nav2_lifecycle_manager/share/nav2_lifecycle_manager/cmake/ament_cmake_export_include_directories-extras.cmake
[0.782s] -- Up-to-date symlink: /ws/src/nav2/install/nav2_lifecycle_manager/share/nav2_lifecycle_manager/cmake/ament_cmake_export_libraries-extras.cmake
[0.782s] -- Up-to-date symlink: /ws/src/nav2/install/nav2_lifecycle_manager/share/nav2_lifecycle_manager/cmake/ament_cmake_export_dependencies-extras.cmake
[0.783s] -- Up-to-date symlink: /ws/src/nav2/install/nav2_lifecycle_manager/share/nav2_lifecycle_manager/cmake/nav2_lifecycle_managerConfig.cmake
[0.783s] -- Up-to-date symlink: /ws/src/nav2/install/nav2_lifecycle_manager/share/nav2_lifecycle_manager/cmake/nav2_lifecycle_managerConfig-version.cmake
[0.783s] -- Up-to-date symlink: /ws/src/nav2/install/nav2_lifecycle_manager/share/nav2_lifecycle_manager/package.xml
[0.807s] Invoked command in '/ws/src/nav2/build/nav2_lifecycle_manager' returned '0': AMENT_PREFIX_PATH=/ws/src/nav2/install/nav2_util:/ws/src/nav2/install/nav2_msgs:/ws/src/nav2/install/nav2_common:${AMENT_PREFIX_PATH} CMAKE_PREFIX_PATH=/ws/src/nav2/install/nav2_util:/ws/src/nav2/install/nav2_msgs:/ws/src/nav2/install/nav2_common:/opt/ros/foxy LD_LIBRARY_PATH=/ws/src/nav2/install/nav2_util/lib:/ws/src/nav2/install/nav2_msgs/lib:${LD_LIBRARY_PATH} PYTHONPATH=/ws/src/nav2/install/nav2_msgs/lib/python3.8/site-packages:/ws/src/nav2/install/nav2_common/lib/python3.8/site-packages:${PYTHONPATH} /usr/bin/cmake --install /ws/src/nav2/build/nav2_lifecycle_manager
