[0.039s] Invoking command in '/ws/src/nav2/build/nav2_map_server': AMENT_PREFIX_PATH=/ws/src/nav2/install/nav2_util:/ws/src/nav2/install/nav2_msgs:/ws/src/nav2/install/nav2_common:${AMENT_PREFIX_PATH} CMAKE_PREFIX_PATH=/ws/src/nav2/install/nav2_util:/ws/src/nav2/install/nav2_msgs:/ws/src/nav2/install/nav2_common:/opt/ros/foxy LD_LIBRARY_PATH=/ws/src/nav2/install/nav2_util/lib:/ws/src/nav2/install/nav2_msgs/lib:${LD_LIBRARY_PATH} PYTHONPATH=/ws/src/nav2/install/nav2_msgs/lib/python3.8/site-packages:/ws/src/nav2/install/nav2_common/lib/python3.8/site-packages:${PYTHONPATH} /usr/bin/cmake /ws/src/nav2/nav2_map_server -DAMENT_CMAKE_SYMLINK_INSTALL=1 -DCMAKE_INSTALL_PREFIX=/ws/src/nav2/install/nav2_map_server
[0.090s] -- The C compiler identification is GNU 9.4.0
[0.152s] -- The CXX compiler identification is GNU 9.4.0
[0.156s] -- Check for working C compiler: /usr/bin/cc
[0.225s] -- Check for working C compiler: /usr/bin/cc -- works
[0.226s] -- Detecting C compiler ABI info
[0.293s] -- Detecting C compiler ABI info - done
[0.304s] -- Detecting C compile features
[0.304s] -- Detecting C compile features - done
[0.307s] -- Check for working CXX compiler: /usr/bin/c++
[0.388s] -- Check for working CXX compiler: /usr/bin/c++ -- works
[0.389s] -- Detecting CXX compiler ABI info
[0.470s] -- Detecting CXX compiler ABI info - done
[0.481s] -- Detecting CXX compile features
[0.481s] -- Detecting CXX compile features - done
[0.485s] -- Found ament_cmake: 0.9.12 (/opt/ros/foxy/share/ament_cmake/cmake)
[0.512s] -- Found PythonInterp: /usr/bin/python3 (found suitable version "3.8.10", minimum required is "3") 
[0.512s] -- Using PYTHON_EXECUTABLE: /usr/bin/python3
[0.677s] -- Override CMake install command with custom implementation using symlinks instead of copying resources
[0.719s] -- Found nav2_common: 0.4.7 (/ws/src/nav2/install/nav2_common/share/nav2_common/cmake)
[0.722s] -- Found rclcpp: 2.4.3 (/opt/ros/foxy/share/rclcpp/cmake)
[0.778s] -- Using all available rosidl_typesupport_c: rosidl_typesupport_fastrtps_c;rosidl_typesupport_introspection_c
[0.788s] -- Found rosidl_adapter: 1.3.1 (/opt/ros/foxy/share/rosidl_adapter/cmake)
[0.866s] -- Found OpenSSL: /usr/lib/x86_64-linux-gnu/libcrypto.so (found version "1.1.1f")  
[0.907s] -- Found FastRTPS: /opt/ros/foxy/include  
[1.017s] -- Using all available rosidl_typesupport_cpp: rosidl_typesupport_fastrtps_cpp;rosidl_typesupport_introspection_cpp
[1.097s] -- Found rmw_implementation_cmake: 1.0.4 (/opt/ros/foxy/share/rmw_implementation_cmake/cmake)
[1.098s] -- Using RMW implementation 'rmw_fastrtps_cpp' as default
[1.099s] -- Looking for pthread.h
[1.182s] -- Looking for pthread.h - found
[1.182s] -- Performing Test CMAKE_HAVE_LIBC_PTHREAD
[1.257s] -- Performing Test CMAKE_HAVE_LIBC_PTHREAD - Failed
[1.258s] -- Looking for pthread_create in pthreads
[1.320s] -- Looking for pthread_create in pthreads - not found
[1.320s] -- Looking for pthread_create in pthread
[1.393s] -- Looking for pthread_create in pthread - found
[1.395s] -- Found Threads: TRUE  
[1.577s] -- Found rclcpp_lifecycle: 2.4.3 (/opt/ros/foxy/share/rclcpp_lifecycle/cmake)
[1.616s] -- Found nav_msgs: 2.0.5 (/opt/ros/foxy/share/nav_msgs/cmake)
[1.743s] -- Found nav2_msgs: 0.4.7 (/ws/src/nav2/install/nav2_msgs/share/nav2_msgs/cmake)
[2.058s] -- Found yaml_cpp_vendor: 7.0.3 (/opt/ros/foxy/share/yaml_cpp_vendor/cmake)
[2.059s] -- Setting yaml-cpp_DIR to: '/opt/ros/foxy/share/yaml_cpp_vendor/cmake/../../../opt/yaml_cpp_vendor/lib/cmake/yaml-cpp'
[2.063s] -- Found tf2: 0.13.14 (/opt/ros/foxy/share/tf2/cmake)
[2.075s] -- Found nav2_util: 0.4.7 (/ws/src/nav2/install/nav2_util/share/nav2_util/cmake)
[2.448s] -- Found eigen3_cmake_module: 0.1.1 (/opt/ros/foxy/share/eigen3_cmake_module/cmake)
[2.453s] -- Found Eigen3: TRUE (found version "3.3.7") 
[2.615s] CMake Error at /usr/share/cmake-3.16/Modules/FindPackageHandleStandardArgs.cmake:146 (message):
[2.615s]   GRAPHICSMAGICKCPP_LIBRARIES (missing: GRAPHICSMAGICKCPP_INCLUDE_DIRS)
[2.615s] Call Stack (most recent call first):
[2.616s]   /usr/share/cmake-3.16/Modules/FindPackageHandleStandardArgs.cmake:393 (_FPHSA_FAILURE_MESSAGE)
[2.616s]   cmake_modules/FindGRAPHICSMAGICKCPP.cmake:31 (find_package_handle_standard_args)
[2.616s]   CMakeLists.txt:16 (find_package)
[2.616s] 
[2.616s] 
[2.618s] -- Configuring incomplete, errors occurred!
[2.618s] See also "/ws/src/nav2/build/nav2_map_server/CMakeFiles/CMakeOutput.log".
[2.618s] See also "/ws/src/nav2/build/nav2_map_server/CMakeFiles/CMakeError.log".
