[0.031s] Invoking command in '/ws/src/nav2/build/nav2_regulated_pure_pursuit_controller': AMENT_PREFIX_PATH=/ws/src/nav2/install/nav2_core:/ws/src/nav2/install/nav2_costmap_2d:/ws/src/nav2/install/nav2_util:/ws/src/nav2/install/nav2_voxel_grid:/ws/src/nav2/install/nav2_msgs:/ws/src/nav2/install/nav2_common:${AMENT_PREFIX_PATH} CMAKE_PREFIX_PATH=/ws/src/nav2/install/nav2_core:/ws/src/nav2/install/nav2_costmap_2d:/ws/src/nav2/install/nav2_util:/ws/src/nav2/install/nav2_voxel_grid:/ws/src/nav2/install/nav2_msgs:/ws/src/nav2/install/nav2_common:/opt/ros/foxy LD_LIBRARY_PATH=/ws/src/nav2/install/nav2_costmap_2d/lib:/ws/src/nav2/install/nav2_util/lib:/ws/src/nav2/install/nav2_voxel_grid/lib:/ws/src/nav2/install/nav2_msgs/lib:${LD_LIBRARY_PATH} PYTHONPATH=/ws/src/nav2/install/nav2_msgs/lib/python3.8/site-packages:/ws/src/nav2/install/nav2_common/lib/python3.8/site-packages:${PYTHONPATH} /usr/bin/cmake /ws/src/nav2/nav2_regulated_pure_pursuit_controller -DAMENT_CMAKE_SYMLINK_INSTALL=1 -DCMAKE_INSTALL_PREFIX=/ws/src/nav2/install/nav2_regulated_pure_pursuit_controller
[0.081s] -- The C compiler identification is GNU 9.4.0
[0.131s] -- The CXX compiler identification is GNU 9.4.0
[0.136s] -- Check for working C compiler: /usr/bin/cc
[0.194s] -- Check for working C compiler: /usr/bin/cc -- works
[0.195s] -- Detecting C compiler ABI info
[0.262s] -- Detecting C compiler ABI info - done
[0.273s] -- Detecting C compile features
[0.273s] -- Detecting C compile features - done
[0.275s] -- Check for working CXX compiler: /usr/bin/c++
[0.354s] -- Check for working CXX compiler: /usr/bin/c++ -- works
[0.355s] -- Detecting CXX compiler ABI info
[0.433s] -- Detecting CXX compiler ABI info - done
[0.444s] -- Detecting CXX compile features
[0.445s] -- Detecting CXX compile features - done
[0.450s] -- Found ament_cmake: 0.9.12 (/opt/ros/foxy/share/ament_cmake/cmake)
[0.479s] -- Found PythonInterp: /usr/bin/python3 (found suitable version "3.8.10", minimum required is "3") 
[0.479s] -- Using PYTHON_EXECUTABLE: /usr/bin/python3
[0.671s] -- Override CMake install command with custom implementation using symlinks instead of copying resources
[0.738s] -- Found nav2_common: 0.4.7 (/ws/src/nav2/install/nav2_common/share/nav2_common/cmake)
[0.738s] -- Found nav2_core: 0.4.7 (/ws/src/nav2/install/nav2_core/share/nav2_core/cmake)
[0.812s] -- Using all available rosidl_typesupport_c: rosidl_typesupport_fastrtps_c;rosidl_typesupport_introspection_c
[0.825s] -- Found rosidl_adapter: 1.3.1 (/opt/ros/foxy/share/rosidl_adapter/cmake)
[0.952s] -- Found OpenSSL: /usr/lib/x86_64-linux-gnu/libcrypto.so (found version "1.1.1f")  
[1.010s] -- Found FastRTPS: /opt/ros/foxy/include  
[1.143s] -- Using all available rosidl_typesupport_cpp: rosidl_typesupport_fastrtps_cpp;rosidl_typesupport_introspection_cpp
[1.227s] -- Found rmw_implementation_cmake: 1.0.4 (/opt/ros/foxy/share/rmw_implementation_cmake/cmake)
[1.229s] -- Using RMW implementation 'rmw_fastrtps_cpp' as default
[1.230s] -- Looking for pthread.h
[1.319s] -- Looking for pthread.h - found
[1.319s] -- Performing Test CMAKE_HAVE_LIBC_PTHREAD
[1.418s] -- Performing Test CMAKE_HAVE_LIBC_PTHREAD - Failed
[1.418s] -- Looking for pthread_create in pthreads
[1.501s] -- Looking for pthread_create in pthreads - not found
[1.502s] -- Looking for pthread_create in pthread
[1.614s] -- Looking for pthread_create in pthread - found
[1.615s] -- Found Threads: TRUE  
[3.313s] -- Found Eigen3: TRUE (found version "3.3.7") 
[4.421s] -- Setting build type to Release as none was specified.
[6.762s] -- Found ament_lint_auto: 0.9.8 (/opt/ros/foxy/share/ament_lint_auto/cmake)
[6.879s] -- Found gtest sources under '/opt/ros/foxy/src/gtest_vendor': C++ tests using 'Google Test' will be built
[6.881s] -- Check if compiler accepts -pthread
[6.962s] -- Check if compiler accepts -pthread - yes
[8.883s] -- Added test 'cppcheck' to perform static code analysis on C / C++ code
[8.883s] -- Configured cppcheck include dirs: /ws/src/nav2/nav2_regulated_pure_pursuit_controller/include
[8.883s] -- Configured cppcheck exclude dirs and/or files: 
[8.884s] -- Added test 'cpplint' to check C / C++ code against the Google style
[8.884s] -- Configured cpplint exclude dirs and/or files: 
[8.885s] -- Added test 'lint_cmake' to check CMake code style
[8.886s] -- Added test 'uncrustify' to check C / C++ code style
[8.886s] -- Configured uncrustify additional arguments: 
[8.886s] -- Added test 'xmllint' to check XML markup files
[8.893s] -- Configuring done
[8.975s] -- Generating done
[8.977s] -- Build files have been written to: /ws/src/nav2/build/nav2_regulated_pure_pursuit_controller
