[0.043s] Invoking command in '/ws/src/nav2/build/nav2_behavior_tree': AMENT_PREFIX_PATH=/ws/src/nav2/install/nav2_util:/ws/src/nav2/install/nav2_msgs:/ws/src/nav2/install/nav2_common:${AMENT_PREFIX_PATH} CMAKE_PREFIX_PATH=/ws/src/nav2/install/nav2_util:/ws/src/nav2/install/nav2_msgs:/ws/src/nav2/install/nav2_common:/opt/ros/foxy LD_LIBRARY_PATH=/ws/src/nav2/install/nav2_util/lib:/ws/src/nav2/install/nav2_msgs/lib:${LD_LIBRARY_PATH} PYTHONPATH=/ws/src/nav2/install/nav2_msgs/lib/python3.8/site-packages:/ws/src/nav2/install/nav2_common/lib/python3.8/site-packages:${PYTHONPATH} /usr/bin/cmake /ws/src/nav2/nav2_behavior_tree -DAMENT_CMAKE_SYMLINK_INSTALL=1 -DCMAKE_INSTALL_PREFIX=/ws/src/nav2/install/nav2_behavior_tree
[0.060s] -- Found ament_cmake: 0.9.12 (/opt/ros/foxy/share/ament_cmake/cmake)
[0.079s] -- Using PYTHON_EXECUTABLE: /usr/bin/python3
[0.273s] -- Override CMake install command with custom implementation using symlinks instead of copying resources
[0.280s] -- Found nav2_common: 0.4.7 (/ws/src/nav2/install/nav2_common/share/nav2_common/cmake)
[0.280s] -- Found rclcpp: 2.4.3 (/opt/ros/foxy/share/rclcpp/cmake)
[0.314s] -- Using all available rosidl_typesupport_c: rosidl_typesupport_fastrtps_c;rosidl_typesupport_introspection_c
[0.314s] -- Found rosidl_adapter: 1.3.1 (/opt/ros/foxy/share/rosidl_adapter/cmake)
[0.426s] -- Using all available rosidl_typesupport_cpp: rosidl_typesupport_fastrtps_cpp;rosidl_typesupport_introspection_cpp
[0.464s] -- Found rmw_implementation_cmake: 1.0.4 (/opt/ros/foxy/share/rmw_implementation_cmake/cmake)
[0.466s] -- Using RMW implementation 'rmw_fastrtps_cpp' as default
[0.586s] -- Found rclcpp_action: 2.4.3 (/opt/ros/foxy/share/rclcpp_action/cmake)
[0.653s] -- Found rclcpp_lifecycle: 2.4.3 (/opt/ros/foxy/share/rclcpp_lifecycle/cmake)
[0.676s] -- Found geometry_msgs: 2.0.5 (/opt/ros/foxy/share/geometry_msgs/cmake)
[0.703s] -- Found sensor_msgs: 2.0.5 (/opt/ros/foxy/share/sensor_msgs/cmake)
[0.759s] -- Found nav2_msgs: 0.4.7 (/ws/src/nav2/install/nav2_msgs/share/nav2_msgs/cmake)
[1.002s] -- Found tf2_ros: 0.13.14 (/opt/ros/foxy/share/tf2_ros/cmake)
[1.228s] -- Found tf2_geometry_msgs: 0.13.14 (/opt/ros/foxy/share/tf2_geometry_msgs/cmake)
[1.238s] -- Found eigen3_cmake_module: 0.1.1 (/opt/ros/foxy/share/eigen3_cmake_module/cmake)
[1.242s] -- Found Eigen3: TRUE (found version "3.3.7") 
[1.264s] -- Found std_srvs: 2.0.5 (/opt/ros/foxy/share/std_srvs/cmake)
[1.273s] -- Found nav2_util: 0.4.7 (/ws/src/nav2/install/nav2_util/share/nav2_util/cmake)
[1.399s] -- Setting build type to Release as none was specified.
[4.726s] -- Found ament_lint_auto: 0.9.8 (/opt/ros/foxy/share/ament_lint_auto/cmake)
[4.867s] -- Found ament_cmake_gtest: 0.9.12 (/opt/ros/foxy/share/ament_cmake_gtest/cmake)
[4.887s] -- Found gtest sources under '/opt/ros/foxy/src/gtest_vendor': C++ tests using 'Google Test' will be built
[4.938s] -- The C compiler identification is GNU 9.4.0
[4.942s] -- Check for working C compiler: /usr/bin/cc
[5.023s] -- Check for working C compiler: /usr/bin/cc -- works
[5.024s] -- Detecting C compiler ABI info
[5.103s] -- Detecting C compiler ABI info - done
[5.117s] -- Detecting C compile features
[5.118s] -- Detecting C compile features - done
[5.119s] -- Check if compiler accepts -pthread
[5.234s] -- Check if compiler accepts -pthread - yes
[9.875s] -- Added test 'copyright' to check source files copyright and LICENSE
[9.882s] -- Added test 'cppcheck' to perform static code analysis on C / C++ code
[9.885s] -- Configured cppcheck include dirs: /ws/src/nav2/nav2_behavior_tree/include
[9.885s] -- Configured cppcheck exclude dirs and/or files: 
[9.890s] -- Added test 'cpplint' to check C / C++ code against the Google style
[9.890s] -- Configured cpplint exclude dirs and/or files: 
[9.892s] -- Added test 'lint_cmake' to check CMake code style
[9.898s] -- Added test 'uncrustify' to check C / C++ code style
[9.898s] -- Configured uncrustify additional arguments: 
[9.899s] -- Added test 'xmllint' to check XML markup files
[9.909s] -- Configuring done
[11.200s] -- Generating done
[11.206s] -- Build files have been written to: /ws/src/nav2/build/nav2_behavior_tree
