[0.052s] Invoking command in '/ws/src/nav2/build/nav2_behavior_tree': AMENT_PREFIX_PATH=/ws/src/nav2/install/nav2_util:/ws/src/nav2/install/nav2_msgs:/ws/src/nav2/install/nav2_common:${AMENT_PREFIX_PATH} CMAKE_PREFIX_PATH=/ws/src/nav2/install/nav2_util:/ws/src/nav2/install/nav2_msgs:/ws/src/nav2/install/nav2_common:/opt/ros/foxy LD_LIBRARY_PATH=/ws/src/nav2/install/nav2_util/lib:/ws/src/nav2/install/nav2_msgs/lib:${LD_LIBRARY_PATH} PYTHONPATH=/ws/src/nav2/install/nav2_msgs/lib/python3.8/site-packages:/ws/src/nav2/install/nav2_common/lib/python3.8/site-packages:${PYTHONPATH} /usr/bin/cmake /ws/src/nav2/nav2_behavior_tree -DAMENT_CMAKE_SYMLINK_INSTALL=1 -DCMAKE_INSTALL_PREFIX=/ws/src/nav2/install/nav2_behavior_tree
[0.067s] -- Found ament_cmake: 0.9.12 (/opt/ros/foxy/share/ament_cmake/cmake)
[0.086s] -- Using PYTHON_EXECUTABLE: /usr/bin/python3
[0.298s] -- Override CMake install command with custom implementation using symlinks instead of copying resources
[0.306s] -- Found nav2_common: 0.4.7 (/ws/src/nav2/install/nav2_common/share/nav2_common/cmake)
[0.306s] -- Found rclcpp: 2.4.3 (/opt/ros/foxy/share/rclcpp/cmake)
[0.338s] -- Using all available rosidl_typesupport_c: rosidl_typesupport_fastrtps_c;rosidl_typesupport_introspection_c
[0.338s] -- Found rosidl_adapter: 1.3.1 (/opt/ros/foxy/share/rosidl_adapter/cmake)
[0.463s] -- Using all available rosidl_typesupport_cpp: rosidl_typesupport_fastrtps_cpp;rosidl_typesupport_introspection_cpp
[0.506s] -- Found rmw_implementation_cmake: 1.0.4 (/opt/ros/foxy/share/rmw_implementation_cmake/cmake)
[0.507s] -- Using RMW implementation 'rmw_fastrtps_cpp' as default
[0.660s] -- Found rclcpp_action: 2.4.3 (/opt/ros/foxy/share/rclcpp_action/cmake)
[0.727s] -- Found rclcpp_lifecycle: 2.4.3 (/opt/ros/foxy/share/rclcpp_lifecycle/cmake)
[0.770s] -- Found geometry_msgs: 2.0.5 (/opt/ros/foxy/share/geometry_msgs/cmake)
[0.835s] -- Found sensor_msgs: 2.0.5 (/opt/ros/foxy/share/sensor_msgs/cmake)
[0.986s] -- Found nav2_msgs: 0.4.7 (/ws/src/nav2/install/nav2_msgs/share/nav2_msgs/cmake)
[1.602s] CMake Error at CMakeLists.txt:14 (find_package):
[1.602s]   By not providing "Findbehaviortree_cpp_v3.cmake" in CMAKE_MODULE_PATH this
[1.602s]   project has asked CMake to find a package configuration file provided by
[1.602s]   "behaviortree_cpp_v3", but CMake did not find one.
[1.602s] 
[1.602s]   Could not find a package configuration file provided by
[1.602s]   "behaviortree_cpp_v3" with any of the following names:
[1.603s] 
[1.603s]     behaviortree_cpp_v3Config.cmake
[1.603s]     behaviortree_cpp_v3-config.cmake
[1.603s] 
[1.603s]   Add the installation prefix of "behaviortree_cpp_v3" to CMAKE_PREFIX_PATH
[1.603s]   or set "behaviortree_cpp_v3_DIR" to a directory containing one of the above
[1.603s]   files.  If "behaviortree_cpp_v3" provides a separate development package or
[1.603s]   SDK, be sure it has been installed.
[1.603s] 
[1.604s] 
[1.605s] -- Configuring incomplete, errors occurred!
[1.605s] See also "/ws/src/nav2/build/nav2_behavior_tree/CMakeFiles/CMakeOutput.log".
[1.606s] See also "/ws/src/nav2/build/nav2_behavior_tree/CMakeFiles/CMakeError.log".
[1.626s] Invoked command in '/ws/src/nav2/build/nav2_behavior_tree' returned '1': AMENT_PREFIX_PATH=/ws/src/nav2/install/nav2_util:/ws/src/nav2/install/nav2_msgs:/ws/src/nav2/install/nav2_common:${AMENT_PREFIX_PATH} CMAKE_PREFIX_PATH=/ws/src/nav2/install/nav2_util:/ws/src/nav2/install/nav2_msgs:/ws/src/nav2/install/nav2_common:/opt/ros/foxy LD_LIBRARY_PATH=/ws/src/nav2/install/nav2_util/lib:/ws/src/nav2/install/nav2_msgs/lib:${LD_LIBRARY_PATH} PYTHONPATH=/ws/src/nav2/install/nav2_msgs/lib/python3.8/site-packages:/ws/src/nav2/install/nav2_common/lib/python3.8/site-packages:${PYTHONPATH} /usr/bin/cmake /ws/src/nav2/nav2_behavior_tree -DAMENT_CMAKE_SYMLINK_INSTALL=1 -DCMAKE_INSTALL_PREFIX=/ws/src/nav2/install/nav2_behavior_tree
