[0.025s] Invoking command in '/ws/src/nav2/build/dwb_msgs': AMENT_PREFIX_PATH=/ws/src/nav2/install/nav_2d_msgs:${AMENT_PREFIX_PATH} CMAKE_PREFIX_PATH=/ws/src/nav2/install/nav_2d_msgs:/opt/ros/foxy LD_LIBRARY_PATH=/ws/src/nav2/install/nav_2d_msgs/lib:${LD_LIBRARY_PATH} PYTHONPATH=/ws/src/nav2/install/nav_2d_msgs/lib/python3.8/site-packages:${PYTHONPATH} /usr/bin/cmake /ws/src/nav2/nav2_dwb_controller/dwb_msgs -DAMENT_CMAKE_SYMLINK_INSTALL=1 -DCMAKE_INSTALL_PREFIX=/ws/src/nav2/install/dwb_msgs
[0.123s] -- The C compiler identification is GNU 9.4.0
[0.206s] -- The CXX compiler identification is GNU 9.4.0
[0.214s] -- Check for working C compiler: /usr/bin/cc
[0.301s] -- Check for working C compiler: /usr/bin/cc -- works
[0.303s] -- Detecting C compiler ABI info
[0.419s] -- Detecting C compiler ABI info - done
[0.437s] -- Detecting C compile features
[0.437s] -- Detecting C compile features - done
[0.440s] -- Check for working CXX compiler: /usr/bin/c++
[0.519s] -- Check for working CXX compiler: /usr/bin/c++ -- works
[0.520s] -- Detecting CXX compiler ABI info
[0.599s] -- Detecting CXX compiler ABI info - done
[0.612s] -- Detecting CXX compile features
[0.612s] -- Detecting CXX compile features - done
[0.616s] -- Found builtin_interfaces: 1.0.0 (/opt/ros/foxy/share/builtin_interfaces/cmake)
[0.649s] -- Found PythonInterp: /usr/bin/python3 (found suitable version "3.8.10", minimum required is "3") 
[0.649s] -- Using PYTHON_EXECUTABLE: /usr/bin/python3
[0.828s] -- Override CMake install command with custom implementation using symlinks instead of copying resources
[0.911s] -- Using all available rosidl_typesupport_c: rosidl_typesupport_fastrtps_c;rosidl_typesupport_introspection_c
[0.922s] -- Found rosidl_adapter: 1.3.1 (/opt/ros/foxy/share/rosidl_adapter/cmake)
[1.017s] -- Found OpenSSL: /usr/lib/x86_64-linux-gnu/libcrypto.so (found version "1.1.1f")  
[1.066s] -- Found FastRTPS: /opt/ros/foxy/include  
[1.188s] -- Using all available rosidl_typesupport_cpp: rosidl_typesupport_fastrtps_cpp;rosidl_typesupport_introspection_cpp
[1.227s] -- Found geometry_msgs: 2.0.5 (/opt/ros/foxy/share/geometry_msgs/cmake)
[1.301s] -- Found nav_2d_msgs: 0.4.7 (/ws/src/nav2/install/nav_2d_msgs/share/nav_2d_msgs/cmake)
[1.389s] -- Found nav_msgs: 2.0.5 (/opt/ros/foxy/share/nav_msgs/cmake)
[1.482s] -- Found rosidl_default_generators: 1.0.1 (/opt/ros/foxy/share/rosidl_default_generators/cmake)
[1.538s] -- Found PythonInterp: /usr/bin/python3 (found version "3.8.10") 
[1.896s] -- Found ament_cmake_ros: 0.9.2 (/opt/ros/foxy/share/ament_cmake_ros/cmake)
[2.807s] -- Using all available rosidl_typesupport_c: rosidl_typesupport_fastrtps_c;rosidl_typesupport_introspection_c
[3.101s] -- Using all available rosidl_typesupport_cpp: rosidl_typesupport_fastrtps_cpp;rosidl_typesupport_introspection_cpp
[3.148s] -- Found PythonInterp: /usr/bin/python3 (found suitable version "3.8.10", minimum required is "3.5") 
[3.154s] -- Found python_cmake_module: 0.8.1 (/opt/ros/foxy/share/python_cmake_module/cmake)
[3.200s] -- Found PythonLibs: /usr/lib/x86_64-linux-gnu/libpython3.8.so (found suitable version "3.8.10", minimum required is "3.5") 
[3.201s] -- Using PYTHON_EXECUTABLE: /usr/bin/python3
[3.201s] -- Using PYTHON_INCLUDE_DIRS: /usr/include/python3.8
[3.201s] -- Using PYTHON_LIBRARIES: /usr/lib/x86_64-linux-gnu/libpython3.8.so
[3.239s] -- Found PythonExtra: .so  
[3.448s] -- Configuring done
[3.644s] -- Generating done
[3.650s] -- Build files have been written to: /ws/src/nav2/build/dwb_msgs
[3.678s] Invoked command in '/ws/src/nav2/build/dwb_msgs' returned '0': AMENT_PREFIX_PATH=/ws/src/nav2/install/nav_2d_msgs:${AMENT_PREFIX_PATH} CMAKE_PREFIX_PATH=/ws/src/nav2/install/nav_2d_msgs:/opt/ros/foxy LD_LIBRARY_PATH=/ws/src/nav2/install/nav_2d_msgs/lib:${LD_LIBRARY_PATH} PYTHONPATH=/ws/src/nav2/install/nav_2d_msgs/lib/python3.8/site-packages:${PYTHONPATH} /usr/bin/cmake /ws/src/nav2/nav2_dwb_controller/dwb_msgs -DAMENT_CMAKE_SYMLINK_INSTALL=1 -DCMAKE_INSTALL_PREFIX=/ws/src/nav2/install/dwb_msgs
[3.679s] Invoking command in '/ws/src/nav2/build/dwb_msgs': AMENT_PREFIX_PATH=/ws/src/nav2/install/nav_2d_msgs:${AMENT_PREFIX_PATH} CMAKE_PREFIX_PATH=/ws/src/nav2/install/nav_2d_msgs:/opt/ros/foxy LD_LIBRARY_PATH=/ws/src/nav2/install/nav_2d_msgs/lib:${LD_LIBRARY_PATH} PYTHONPATH=/ws/src/nav2/install/nav_2d_msgs/lib/python3.8/site-packages:${PYTHONPATH} /usr/bin/cmake --build /ws/src/nav2/build/dwb_msgs -- -j16 -l16
[3.819s] [35m[1mScanning dependencies of target dwb_msgs__cpp[0m
[3.849s] [  1%] [34m[1mGenerating C code for ROS interfaces[0m
[3.869s] [  2%] [34m[1mGenerating C++ code for ROS interfaces[0m
[6.663s] [  2%] Built target dwb_msgs__cpp
[6.687s] [  3%] [34m[1mGenerating C++ type support dispatch for ROS interfaces[0m
[6.740s] [  4%] [34m[1mGenerating C++ type support for eProsima Fast-RTPS[0m
[6.743s] [  5%] [34m[1mGenerating C++ introspection for ROS interfaces[0m
[7.035s] [35m[1mScanning dependencies of target dwb_msgs__rosidl_generator_c[0m
[7.076s] [  6%] [32mBuilding C object CMakeFiles/dwb_msgs__rosidl_generator_c.dir/rosidl_generator_c/dwb_msgs/msg/detail/critic_score__functions.c.o[0m
[7.077s] [  7%] [32mBuilding C object CMakeFiles/dwb_msgs__rosidl_generator_c.dir/rosidl_generator_c/dwb_msgs/msg/detail/local_plan_evaluation__functions.c.o[0m
[7.087s] [  8%] [32mBuilding C object CMakeFiles/dwb_msgs__rosidl_generator_c.dir/rosidl_generator_c/dwb_msgs/msg/detail/trajectory_score__functions.c.o[0m
[7.095s] [  9%] [32mBuilding C object CMakeFiles/dwb_msgs__rosidl_generator_c.dir/rosidl_generator_c/dwb_msgs/srv/detail/debug_local_plan__functions.c.o[0m
[7.099s] [ 10%] [32mBuilding C object CMakeFiles/dwb_msgs__rosidl_generator_c.dir/rosidl_generator_c/dwb_msgs/srv/detail/generate_trajectory__functions.c.o[0m
[7.105s] [ 11%] [32mBuilding C object CMakeFiles/dwb_msgs__rosidl_generator_c.dir/rosidl_generator_c/dwb_msgs/msg/detail/trajectory2_d__functions.c.o[0m
[7.107s] [ 12%] [32mBuilding C object CMakeFiles/dwb_msgs__rosidl_generator_c.dir/rosidl_generator_c/dwb_msgs/srv/detail/generate_twists__functions.c.o[0m
[7.195s] [ 13%] [32mBuilding C object CMakeFiles/dwb_msgs__rosidl_generator_c.dir/rosidl_generator_c/dwb_msgs/srv/detail/score_trajectory__functions.c.o[0m
[7.206s] [ 14%] [32mBuilding C object CMakeFiles/dwb_msgs__rosidl_generator_c.dir/rosidl_generator_c/dwb_msgs/srv/detail/get_critic_score__functions.c.o[0m
[7.301s] [ 15%] [32m[1mLinking C shared library libdwb_msgs__rosidl_generator_c.so[0m
[7.350s] [ 15%] Built target dwb_msgs__rosidl_generator_c
[7.364s] [ 16%] [34m[1mGenerating C type support dispatch for ROS interfaces[0m
[7.364s] [ 17%] [34m[1mGenerating C introspection for ROS interfaces[0m
[7.786s] [35m[1mScanning dependencies of target dwb_msgs__rosidl_typesupport_cpp[0m
[7.808s] [ 18%] [32mBuilding CXX object CMakeFiles/dwb_msgs__rosidl_typesupport_cpp.dir/rosidl_typesupport_cpp/dwb_msgs/msg/critic_score__type_support.cpp.o[0m
[7.809s] [ 20%] [32mBuilding CXX object CMakeFiles/dwb_msgs__rosidl_typesupport_cpp.dir/rosidl_typesupport_cpp/dwb_msgs/srv/generate_twists__type_support.cpp.o[0m
[7.811s] [ 21%] [32mBuilding CXX object CMakeFiles/dwb_msgs__rosidl_typesupport_cpp.dir/rosidl_typesupport_cpp/dwb_msgs/msg/trajectory2_d__type_support.cpp.o[0m
[7.812s] [ 23%] [32mBuilding CXX object CMakeFiles/dwb_msgs__rosidl_typesupport_cpp.dir/rosidl_typesupport_cpp/dwb_msgs/msg/local_plan_evaluation__type_support.cpp.o[0m
[7.812s] [ 23%] [32mBuilding CXX object CMakeFiles/dwb_msgs__rosidl_typesupport_cpp.dir/rosidl_typesupport_cpp/dwb_msgs/srv/debug_local_plan__type_support.cpp.o[0m
[7.812s] [ 24%] [32mBuilding CXX object CMakeFiles/dwb_msgs__rosidl_typesupport_cpp.dir/rosidl_typesupport_cpp/dwb_msgs/srv/get_critic_score__type_support.cpp.o[0m
[7.813s] [ 25%] [32mBuilding CXX object CMakeFiles/dwb_msgs__rosidl_typesupport_cpp.dir/rosidl_typesupport_cpp/dwb_msgs/srv/generate_trajectory__type_support.cpp.o[0m
[7.814s] [ 26%] [32mBuilding CXX object CMakeFiles/dwb_msgs__rosidl_typesupport_cpp.dir/rosidl_typesupport_cpp/dwb_msgs/msg/trajectory_score__type_support.cpp.o[0m
[7.823s] [ 27%] [32mBuilding CXX object CMakeFiles/dwb_msgs__rosidl_typesupport_cpp.dir/rosidl_typesupport_cpp/dwb_msgs/srv/score_trajectory__type_support.cpp.o[0m
[8.208s] [35m[1mScanning dependencies of target dwb_msgs__rosidl_typesupport_introspection_cpp[0m
[8.246s] [ 28%] [32mBuilding CXX object CMakeFiles/dwb_msgs__rosidl_typesupport_introspection_cpp.dir/rosidl_typesupport_introspection_cpp/dwb_msgs/msg/detail/critic_score__type_support.cpp.o[0m
[8.250s] [ 29%] [32mBuilding CXX object CMakeFiles/dwb_msgs__rosidl_typesupport_introspection_cpp.dir/rosidl_typesupport_introspection_cpp/dwb_msgs/msg/detail/local_plan_evaluation__type_support.cpp.o[0m
[8.281s] [ 30%] [32mBuilding CXX object CMakeFiles/dwb_msgs__rosidl_typesupport_introspection_cpp.dir/rosidl_typesupport_introspection_cpp/dwb_msgs/msg/detail/trajectory2_d__type_support.cpp.o[0m
[8.284s] [ 31%] [32mBuilding CXX object CMakeFiles/dwb_msgs__rosidl_typesupport_introspection_cpp.dir/rosidl_typesupport_introspection_cpp/dwb_msgs/msg/detail/trajectory_score__type_support.cpp.o[0m
[8.365s] [ 32%] [32mBuilding CXX object CMakeFiles/dwb_msgs__rosidl_typesupport_introspection_cpp.dir/rosidl_typesupport_introspection_cpp/dwb_msgs/srv/detail/generate_trajectory__type_support.cpp.o[0m
[8.369s] [ 33%] [32mBuilding CXX object CMakeFiles/dwb_msgs__rosidl_typesupport_introspection_cpp.dir/rosidl_typesupport_introspection_cpp/dwb_msgs/srv/detail/debug_local_plan__type_support.cpp.o[0m
[8.386s] [ 34%] [32mBuilding CXX object CMakeFiles/dwb_msgs__rosidl_typesupport_introspection_cpp.dir/rosidl_typesupport_introspection_cpp/dwb_msgs/srv/detail/generate_twists__type_support.cpp.o[0m
[8.390s] [ 35%] [32mBuilding CXX object CMakeFiles/dwb_msgs__rosidl_typesupport_introspection_cpp.dir/rosidl_typesupport_introspection_cpp/dwb_msgs/srv/detail/get_critic_score__type_support.cpp.o[0m
[8.403s] [ 36%] [32mBuilding CXX object CMakeFiles/dwb_msgs__rosidl_typesupport_introspection_cpp.dir/rosidl_typesupport_introspection_cpp/dwb_msgs/srv/detail/score_trajectory__type_support.cpp.o[0m
[8.454s] [ 37%] [32m[1mLinking CXX shared library libdwb_msgs__rosidl_typesupport_cpp.so[0m
[8.562s] [ 37%] Built target dwb_msgs__rosidl_typesupport_cpp
[8.571s] [35m[1mScanning dependencies of target dwb_msgs__rosidl_typesupport_fastrtps_cpp[0m
[8.590s] [35m[1mScanning dependencies of target dwb_msgs__rosidl_typesupport_c[0m
[8.611s] [ 38%] [32mBuilding CXX object CMakeFiles/dwb_msgs__rosidl_typesupport_fastrtps_cpp.dir/rosidl_typesupport_fastrtps_cpp/dwb_msgs/msg/detail/dds_fastrtps/critic_score__type_support.cpp.o[0m
[8.618s] [ 40%] [32mBuilding CXX object CMakeFiles/dwb_msgs__rosidl_typesupport_fastrtps_cpp.dir/rosidl_typesupport_fastrtps_cpp/dwb_msgs/msg/detail/dds_fastrtps/local_plan_evaluation__type_support.cpp.o[0m
[8.620s] [ 41%] [32mBuilding CXX object CMakeFiles/dwb_msgs__rosidl_typesupport_fastrtps_cpp.dir/rosidl_typesupport_fastrtps_cpp/dwb_msgs/msg/detail/dds_fastrtps/trajectory2_d__type_support.cpp.o[0m
[8.627s] [ 42%] [32mBuilding CXX object CMakeFiles/dwb_msgs__rosidl_typesupport_fastrtps_cpp.dir/rosidl_typesupport_fastrtps_cpp/dwb_msgs/msg/detail/dds_fastrtps/trajectory_score__type_support.cpp.o[0m
[8.629s] [ 43%] [32mBuilding CXX object CMakeFiles/dwb_msgs__rosidl_typesupport_c.dir/rosidl_typesupport_c/dwb_msgs/msg/critic_score__type_support.cpp.o[0m
[8.651s] [ 44%] [32mBuilding CXX object CMakeFiles/dwb_msgs__rosidl_typesupport_fastrtps_cpp.dir/rosidl_typesupport_fastrtps_cpp/dwb_msgs/srv/detail/dds_fastrtps/debug_local_plan__type_support.cpp.o[0m
[8.757s] [ 45%] [32mBuilding CXX object CMakeFiles/dwb_msgs__rosidl_typesupport_c.dir/rosidl_typesupport_c/dwb_msgs/msg/local_plan_evaluation__type_support.cpp.o[0m
[8.842s] [ 46%] [32mBuilding CXX object CMakeFiles/dwb_msgs__rosidl_typesupport_c.dir/rosidl_typesupport_c/dwb_msgs/msg/trajectory2_d__type_support.cpp.o[0m
[8.925s] [ 47%] [32mBuilding CXX object CMakeFiles/dwb_msgs__rosidl_typesupport_c.dir/rosidl_typesupport_c/dwb_msgs/msg/trajectory_score__type_support.cpp.o[0m
[8.952s] [ 48%] [32mBuilding CXX object CMakeFiles/dwb_msgs__rosidl_typesupport_c.dir/rosidl_typesupport_c/dwb_msgs/srv/debug_local_plan__type_support.cpp.o[0m
[9.023s] [ 49%] [32mBuilding CXX object CMakeFiles/dwb_msgs__rosidl_typesupport_c.dir/rosidl_typesupport_c/dwb_msgs/srv/generate_trajectory__type_support.cpp.o[0m
[9.043s] [ 50%] [32mBuilding CXX object CMakeFiles/dwb_msgs__rosidl_typesupport_c.dir/rosidl_typesupport_c/dwb_msgs/srv/generate_twists__type_support.cpp.o[0m
[9.069s] [ 52%] [32mBuilding CXX object CMakeFiles/dwb_msgs__rosidl_typesupport_fastrtps_cpp.dir/rosidl_typesupport_fastrtps_cpp/dwb_msgs/srv/detail/dds_fastrtps/generate_trajectory__type_support.cpp.o[0m
[9.070s] [ 52%] [32mBuilding CXX object CMakeFiles/dwb_msgs__rosidl_typesupport_c.dir/rosidl_typesupport_c/dwb_msgs/srv/get_critic_score__type_support.cpp.o[0m
[9.102s] [ 53%] [32mBuilding CXX object CMakeFiles/dwb_msgs__rosidl_typesupport_c.dir/rosidl_typesupport_c/dwb_msgs/srv/score_trajectory__type_support.cpp.o[0m
[9.107s] [ 54%] [32mBuilding CXX object CMakeFiles/dwb_msgs__rosidl_typesupport_fastrtps_cpp.dir/rosidl_typesupport_fastrtps_cpp/dwb_msgs/srv/detail/dds_fastrtps/generate_twists__type_support.cpp.o[0m
[9.120s] [ 55%] [32mBuilding CXX object CMakeFiles/dwb_msgs__rosidl_typesupport_fastrtps_cpp.dir/rosidl_typesupport_fastrtps_cpp/dwb_msgs/srv/detail/dds_fastrtps/get_critic_score__type_support.cpp.o[0m
[9.123s] [35m[1mScanning dependencies of target dwb_msgs__rosidl_typesupport_introspection_c[0m
[9.127s] [ 56%] [32mBuilding CXX object CMakeFiles/dwb_msgs__rosidl_typesupport_fastrtps_cpp.dir/rosidl_typesupport_fastrtps_cpp/dwb_msgs/srv/detail/dds_fastrtps/score_trajectory__type_support.cpp.o[0m
[9.164s] [ 57%] [32m[1mLinking CXX shared library libdwb_msgs__rosidl_typesupport_c.so[0m
[9.173s] [ 58%] [32mBuilding C object CMakeFiles/dwb_msgs__rosidl_typesupport_introspection_c.dir/rosidl_typesupport_introspection_c/dwb_msgs/msg/detail/local_plan_evaluation__type_support.c.o[0m
[9.173s] [ 60%] [32mBuilding C object CMakeFiles/dwb_msgs__rosidl_typesupport_introspection_c.dir/rosidl_typesupport_introspection_c/dwb_msgs/msg/detail/trajectory_score__type_support.c.o[0m
[9.176s] [ 61%] [32mBuilding C object CMakeFiles/dwb_msgs__rosidl_typesupport_introspection_c.dir/rosidl_typesupport_introspection_c/dwb_msgs/msg/detail/trajectory2_d__type_support.c.o[0m
[9.178s] [ 62%] [32mBuilding C object CMakeFiles/dwb_msgs__rosidl_typesupport_introspection_c.dir/rosidl_typesupport_introspection_c/dwb_msgs/srv/detail/debug_local_plan__type_support.c.o[0m
[9.187s] [ 63%] [32mBuilding C object CMakeFiles/dwb_msgs__rosidl_typesupport_introspection_c.dir/rosidl_typesupport_introspection_c/dwb_msgs/msg/detail/critic_score__type_support.c.o[0m
[9.192s] [ 64%] [32m[1mLinking CXX shared library libdwb_msgs__rosidl_typesupport_introspection_cpp.so[0m
[9.246s] [ 65%] [32mBuilding C object CMakeFiles/dwb_msgs__rosidl_typesupport_introspection_c.dir/rosidl_typesupport_introspection_c/dwb_msgs/srv/detail/generate_trajectory__type_support.c.o[0m
[9.251s] [ 66%] [32mBuilding C object CMakeFiles/dwb_msgs__rosidl_typesupport_introspection_c.dir/rosidl_typesupport_introspection_c/dwb_msgs/srv/detail/generate_twists__type_support.c.o[0m
[9.273s] [ 67%] [32mBuilding C object CMakeFiles/dwb_msgs__rosidl_typesupport_introspection_c.dir/rosidl_typesupport_introspection_c/dwb_msgs/srv/detail/get_critic_score__type_support.c.o[0m
[9.279s] [ 67%] Built target dwb_msgs__rosidl_typesupport_c
[9.290s] [ 68%] [32mBuilding C object CMakeFiles/dwb_msgs__rosidl_typesupport_introspection_c.dir/rosidl_typesupport_introspection_c/dwb_msgs/srv/detail/score_trajectory__type_support.c.o[0m
[9.380s] [ 69%] [32m[1mLinking C shared library libdwb_msgs__rosidl_typesupport_introspection_c.so[0m
[9.431s] [ 69%] Built target dwb_msgs__rosidl_typesupport_introspection_c
[9.435s] [ 69%] Built target dwb_msgs__rosidl_typesupport_introspection_cpp
[9.782s] [ 70%] [32m[1mLinking CXX shared library libdwb_msgs__rosidl_typesupport_fastrtps_cpp.so[0m
[9.861s] [ 70%] Built target dwb_msgs__rosidl_typesupport_fastrtps_cpp
[9.871s] [ 71%] [34m[1mGenerating C type support for eProsima Fast-RTPS[0m
[10.751s] [35m[1mScanning dependencies of target dwb_msgs__rosidl_typesupport_fastrtps_c[0m
[10.781s] [ 72%] [32mBuilding CXX object CMakeFiles/dwb_msgs__rosidl_typesupport_fastrtps_c.dir/rosidl_typesupport_fastrtps_c/dwb_msgs/msg/detail/critic_score__type_support_c.cpp.o[0m
[10.783s] [ 73%] [32mBuilding CXX object CMakeFiles/dwb_msgs__rosidl_typesupport_fastrtps_c.dir/rosidl_typesupport_fastrtps_c/dwb_msgs/msg/detail/local_plan_evaluation__type_support_c.cpp.o[0m
[10.783s] [ 74%] [32mBuilding CXX object CMakeFiles/dwb_msgs__rosidl_typesupport_fastrtps_c.dir/rosidl_typesupport_fastrtps_c/dwb_msgs/srv/detail/generate_trajectory__type_support_c.cpp.o[0m
[10.783s] [ 75%] [32mBuilding CXX object CMakeFiles/dwb_msgs__rosidl_typesupport_fastrtps_c.dir/rosidl_typesupport_fastrtps_c/dwb_msgs/srv/detail/debug_local_plan__type_support_c.cpp.o[0m
[10.784s] [ 76%] [32mBuilding CXX object CMakeFiles/dwb_msgs__rosidl_typesupport_fastrtps_c.dir/rosidl_typesupport_fastrtps_c/dwb_msgs/srv/detail/generate_twists__type_support_c.cpp.o[0m
[10.784s] [ 77%] [32mBuilding CXX object CMakeFiles/dwb_msgs__rosidl_typesupport_fastrtps_c.dir/rosidl_typesupport_fastrtps_c/dwb_msgs/msg/detail/trajectory2_d__type_support_c.cpp.o[0m
[10.784s] [ 78%] [32mBuilding CXX object CMakeFiles/dwb_msgs__rosidl_typesupport_fastrtps_c.dir/rosidl_typesupport_fastrtps_c/dwb_msgs/msg/detail/trajectory_score__type_support_c.cpp.o[0m
[10.787s] [ 81%] [32mBuilding CXX object CMakeFiles/dwb_msgs__rosidl_typesupport_fastrtps_c.dir/rosidl_typesupport_fastrtps_c/dwb_msgs/srv/detail/get_critic_score__type_support_c.cpp.o[0m
[10.787s] [ 81%] [32mBuilding CXX object CMakeFiles/dwb_msgs__rosidl_typesupport_fastrtps_c.dir/rosidl_typesupport_fastrtps_c/dwb_msgs/srv/detail/score_trajectory__type_support_c.cpp.o[0m
[11.355s] [ 82%] [32m[1mLinking CXX shared library libdwb_msgs__rosidl_typesupport_fastrtps_c.so[0m
[11.438s] [ 82%] Built target dwb_msgs__rosidl_typesupport_fastrtps_c
[11.448s] [35m[1mScanning dependencies of target dwb_msgs[0m
[11.459s] [ 82%] Built target dwb_msgs
[11.469s] [35m[1mScanning dependencies of target dwb_msgs__py[0m
[11.480s] [ 83%] [34m[1mGenerating Python code for ROS interfaces[0m
[14.007s] [ 83%] Built target dwb_msgs__py
[14.016s] [35m[1mScanning dependencies of target dwb_msgs__python[0m
[14.048s] [ 84%] [32mBuilding C object CMakeFiles/dwb_msgs__python.dir/rosidl_generator_py/dwb_msgs/msg/_critic_score_s.c.o[0m
[14.048s] [ 85%] [32mBuilding C object CMakeFiles/dwb_msgs__python.dir/rosidl_generator_py/dwb_msgs/msg/_local_plan_evaluation_s.c.o[0m
[14.048s] [ 86%] [32mBuilding C object CMakeFiles/dwb_msgs__python.dir/rosidl_generator_py/dwb_msgs/msg/_trajectory_score_s.c.o[0m
[14.048s] [ 87%] [32mBuilding C object CMakeFiles/dwb_msgs__python.dir/rosidl_generator_py/dwb_msgs/srv/_generate_trajectory_s.c.o[0m
[14.048s] [ 88%] [32mBuilding C object CMakeFiles/dwb_msgs__python.dir/rosidl_generator_py/dwb_msgs/srv/_generate_twists_s.c.o[0m
[14.049s] [ 89%] [32mBuilding C object CMakeFiles/dwb_msgs__python.dir/rosidl_generator_py/dwb_msgs/msg/_trajectory2_d_s.c.o[0m
[14.050s] [ 90%] [32mBuilding C object CMakeFiles/dwb_msgs__python.dir/rosidl_generator_py/dwb_msgs/srv/_debug_local_plan_s.c.o[0m
[14.050s] [ 91%] [32mBuilding C object CMakeFiles/dwb_msgs__python.dir/rosidl_generator_py/dwb_msgs/srv/_score_trajectory_s.c.o[0m
[14.051s] [ 92%] [32mBuilding C object CMakeFiles/dwb_msgs__python.dir/rosidl_generator_py/dwb_msgs/srv/_get_critic_score_s.c.o[0m
[14.192s] [ 93%] [32m[1mLinking C shared library rosidl_generator_py/dwb_msgs/libdwb_msgs__python.so[0m
[14.237s] [ 93%] Built target dwb_msgs__python
[14.245s] [35m[1mScanning dependencies of target dwb_msgs__rosidl_typesupport_introspection_c__pyext[0m
[14.245s] [35m[1mScanning dependencies of target dwb_msgs__rosidl_typesupport_c__pyext[0m
[14.245s] [35m[1mScanning dependencies of target dwb_msgs__rosidl_typesupport_fastrtps_c__pyext[0m
[14.262s] [ 95%] [32mBuilding C object CMakeFiles/dwb_msgs__rosidl_typesupport_c__pyext.dir/rosidl_generator_py/dwb_msgs/_dwb_msgs_s.ep.rosidl_typesupport_c.c.o[0m
[14.262s] [ 95%] [32mBuilding C object CMakeFiles/dwb_msgs__rosidl_typesupport_introspection_c__pyext.dir/rosidl_generator_py/dwb_msgs/_dwb_msgs_s.ep.rosidl_typesupport_introspection_c.c.o[0m
[14.266s] [ 96%] [32mBuilding C object CMakeFiles/dwb_msgs__rosidl_typesupport_fastrtps_c__pyext.dir/rosidl_generator_py/dwb_msgs/_dwb_msgs_s.ep.rosidl_typesupport_fastrtps_c.c.o[0m
[14.375s] [ 98%] [32m[1mLinking C shared library rosidl_generator_py/dwb_msgs/dwb_msgs_s__rosidl_typesupport_introspection_c.cpython-38-x86_64-linux-gnu.so[0m
[14.375s] [ 98%] [32m[1mLinking C shared library rosidl_generator_py/dwb_msgs/dwb_msgs_s__rosidl_typesupport_c.cpython-38-x86_64-linux-gnu.so[0m
[14.380s] [100%] [32m[1mLinking CXX shared library rosidl_generator_py/dwb_msgs/dwb_msgs_s__rosidl_typesupport_fastrtps_c.cpython-38-x86_64-linux-gnu.so[0m
[14.415s] [100%] Built target dwb_msgs__rosidl_typesupport_c__pyext
[14.415s] [100%] Built target dwb_msgs__rosidl_typesupport_introspection_c__pyext
[14.446s] [100%] Built target dwb_msgs__rosidl_typesupport_fastrtps_c__pyext
[14.455s] Invoked command in '/ws/src/nav2/build/dwb_msgs' returned '0': AMENT_PREFIX_PATH=/ws/src/nav2/install/nav_2d_msgs:${AMENT_PREFIX_PATH} CMAKE_PREFIX_PATH=/ws/src/nav2/install/nav_2d_msgs:/opt/ros/foxy LD_LIBRARY_PATH=/ws/src/nav2/install/nav_2d_msgs/lib:${LD_LIBRARY_PATH} PYTHONPATH=/ws/src/nav2/install/nav_2d_msgs/lib/python3.8/site-packages:${PYTHONPATH} /usr/bin/cmake --build /ws/src/nav2/build/dwb_msgs -- -j16 -l16
[14.571s] Invoking command in '/ws/src/nav2/build/dwb_msgs': AMENT_PREFIX_PATH=/ws/src/nav2/install/nav_2d_msgs:${AMENT_PREFIX_PATH} CMAKE_PREFIX_PATH=/ws/src/nav2/install/nav_2d_msgs:/opt/ros/foxy LD_LIBRARY_PATH=/ws/src/nav2/install/nav_2d_msgs/lib:${LD_LIBRARY_PATH} PYTHONPATH=/ws/src/nav2/install/nav_2d_msgs/lib/python3.8/site-packages:${PYTHONPATH} /usr/bin/cmake --install /ws/src/nav2/build/dwb_msgs
[14.580s] -- Install configuration: ""
[14.580s] -- Execute custom install script
[14.580s] -- Symlinking: /ws/src/nav2/install/dwb_msgs/share/ament_index/resource_index/rosidl_interfaces/dwb_msgs
[14.589s] -- Symlinking: /ws/src/nav2/install/dwb_msgs/include/dwb_msgs/msg/critic_score.h
[14.599s] -- Symlinking: /ws/src/nav2/install/dwb_msgs/include/dwb_msgs/msg/detail/critic_score__functions.h
[14.607s] -- Symlinking: /ws/src/nav2/install/dwb_msgs/include/dwb_msgs/msg/detail/critic_score__struct.h
[14.614s] -- Symlinking: /ws/src/nav2/install/dwb_msgs/include/dwb_msgs/msg/detail/critic_score__type_support.h
[14.622s] -- Symlinking: /ws/src/nav2/install/dwb_msgs/include/dwb_msgs/msg/detail/local_plan_evaluation__functions.h
[14.630s] -- Symlinking: /ws/src/nav2/install/dwb_msgs/include/dwb_msgs/msg/detail/local_plan_evaluation__struct.h
[14.639s] -- Symlinking: /ws/src/nav2/install/dwb_msgs/include/dwb_msgs/msg/detail/local_plan_evaluation__type_support.h
[14.647s] -- Symlinking: /ws/src/nav2/install/dwb_msgs/include/dwb_msgs/msg/detail/trajectory2_d__functions.h
[14.656s] -- Symlinking: /ws/src/nav2/install/dwb_msgs/include/dwb_msgs/msg/detail/trajectory2_d__struct.h
[14.663s] -- Symlinking: /ws/src/nav2/install/dwb_msgs/include/dwb_msgs/msg/detail/trajectory2_d__type_support.h
[14.670s] -- Symlinking: /ws/src/nav2/install/dwb_msgs/include/dwb_msgs/msg/detail/trajectory_score__functions.h
[14.677s] -- Symlinking: /ws/src/nav2/install/dwb_msgs/include/dwb_msgs/msg/detail/trajectory_score__struct.h
[14.684s] -- Symlinking: /ws/src/nav2/install/dwb_msgs/include/dwb_msgs/msg/detail/trajectory_score__type_support.h
[14.691s] -- Symlinking: /ws/src/nav2/install/dwb_msgs/include/dwb_msgs/msg/local_plan_evaluation.h
[14.698s] -- Symlinking: /ws/src/nav2/install/dwb_msgs/include/dwb_msgs/msg/rosidl_generator_c__visibility_control.h
[14.706s] -- Symlinking: /ws/src/nav2/install/dwb_msgs/include/dwb_msgs/msg/trajectory2_d.h
[14.712s] -- Symlinking: /ws/src/nav2/install/dwb_msgs/include/dwb_msgs/msg/trajectory_score.h
[14.718s] -- Symlinking: /ws/src/nav2/install/dwb_msgs/include/dwb_msgs/srv/debug_local_plan.h
[14.726s] -- Symlinking: /ws/src/nav2/install/dwb_msgs/include/dwb_msgs/srv/detail/debug_local_plan__functions.h
[14.733s] -- Symlinking: /ws/src/nav2/install/dwb_msgs/include/dwb_msgs/srv/detail/debug_local_plan__struct.h
[14.739s] -- Symlinking: /ws/src/nav2/install/dwb_msgs/include/dwb_msgs/srv/detail/debug_local_plan__type_support.h
[14.747s] -- Symlinking: /ws/src/nav2/install/dwb_msgs/include/dwb_msgs/srv/detail/generate_trajectory__functions.h
[14.754s] -- Symlinking: /ws/src/nav2/install/dwb_msgs/include/dwb_msgs/srv/detail/generate_trajectory__struct.h
[14.761s] -- Symlinking: /ws/src/nav2/install/dwb_msgs/include/dwb_msgs/srv/detail/generate_trajectory__type_support.h
[14.770s] -- Symlinking: /ws/src/nav2/install/dwb_msgs/include/dwb_msgs/srv/detail/generate_twists__functions.h
[14.779s] -- Symlinking: /ws/src/nav2/install/dwb_msgs/include/dwb_msgs/srv/detail/generate_twists__struct.h
[14.787s] -- Symlinking: /ws/src/nav2/install/dwb_msgs/include/dwb_msgs/srv/detail/generate_twists__type_support.h
[14.797s] -- Symlinking: /ws/src/nav2/install/dwb_msgs/include/dwb_msgs/srv/detail/get_critic_score__functions.h
[14.806s] -- Symlinking: /ws/src/nav2/install/dwb_msgs/include/dwb_msgs/srv/detail/get_critic_score__struct.h
[14.815s] -- Symlinking: /ws/src/nav2/install/dwb_msgs/include/dwb_msgs/srv/detail/get_critic_score__type_support.h
[14.825s] -- Symlinking: /ws/src/nav2/install/dwb_msgs/include/dwb_msgs/srv/detail/score_trajectory__functions.h
[14.833s] -- Symlinking: /ws/src/nav2/install/dwb_msgs/include/dwb_msgs/srv/detail/score_trajectory__struct.h
[14.841s] -- Symlinking: /ws/src/nav2/install/dwb_msgs/include/dwb_msgs/srv/detail/score_trajectory__type_support.h
[14.852s] -- Symlinking: /ws/src/nav2/install/dwb_msgs/include/dwb_msgs/srv/generate_trajectory.h
[14.861s] -- Symlinking: /ws/src/nav2/install/dwb_msgs/include/dwb_msgs/srv/generate_twists.h
[14.870s] -- Symlinking: /ws/src/nav2/install/dwb_msgs/include/dwb_msgs/srv/get_critic_score.h
[14.878s] -- Symlinking: /ws/src/nav2/install/dwb_msgs/include/dwb_msgs/srv/score_trajectory.h
[14.886s] -- Symlinking: /ws/src/nav2/install/dwb_msgs/share/dwb_msgs/environment/library_path.sh
[14.895s] -- Symlinking: /ws/src/nav2/install/dwb_msgs/share/dwb_msgs/environment/library_path.dsv
[14.903s] -- Symlinking: /ws/src/nav2/install/dwb_msgs/include/dwb_msgs/msg/detail/critic_score__rosidl_typesupport_fastrtps_c.h
[14.910s] -- Symlinking: /ws/src/nav2/install/dwb_msgs/include/dwb_msgs/msg/detail/local_plan_evaluation__rosidl_typesupport_fastrtps_c.h
[14.918s] -- Symlinking: /ws/src/nav2/install/dwb_msgs/include/dwb_msgs/msg/detail/trajectory2_d__rosidl_typesupport_fastrtps_c.h
[14.927s] -- Symlinking: /ws/src/nav2/install/dwb_msgs/include/dwb_msgs/msg/detail/trajectory_score__rosidl_typesupport_fastrtps_c.h
[14.936s] -- Symlinking: /ws/src/nav2/install/dwb_msgs/include/dwb_msgs/msg/rosidl_typesupport_fastrtps_c__visibility_control.h
[14.945s] -- Symlinking: /ws/src/nav2/install/dwb_msgs/include/dwb_msgs/srv/detail/debug_local_plan__rosidl_typesupport_fastrtps_c.h
[14.951s] -- Symlinking: /ws/src/nav2/install/dwb_msgs/include/dwb_msgs/srv/detail/generate_trajectory__rosidl_typesupport_fastrtps_c.h
[14.960s] -- Symlinking: /ws/src/nav2/install/dwb_msgs/include/dwb_msgs/srv/detail/generate_twists__rosidl_typesupport_fastrtps_c.h
[14.969s] -- Symlinking: /ws/src/nav2/install/dwb_msgs/include/dwb_msgs/srv/detail/get_critic_score__rosidl_typesupport_fastrtps_c.h
[14.977s] -- Symlinking: /ws/src/nav2/install/dwb_msgs/include/dwb_msgs/srv/detail/score_trajectory__rosidl_typesupport_fastrtps_c.h
[14.984s] -- Symlinking: /ws/src/nav2/install/dwb_msgs/lib/libdwb_msgs__rosidl_typesupport_fastrtps_c.so
[14.992s] -- Symlinking: /ws/src/nav2/install/dwb_msgs/include/dwb_msgs/msg/detail/critic_score__rosidl_typesupport_fastrtps_cpp.hpp
[15.001s] -- Symlinking: /ws/src/nav2/install/dwb_msgs/include/dwb_msgs/msg/detail/local_plan_evaluation__rosidl_typesupport_fastrtps_cpp.hpp
[15.009s] -- Symlinking: /ws/src/nav2/install/dwb_msgs/include/dwb_msgs/msg/detail/trajectory2_d__rosidl_typesupport_fastrtps_cpp.hpp
[15.017s] -- Symlinking: /ws/src/nav2/install/dwb_msgs/include/dwb_msgs/msg/detail/trajectory_score__rosidl_typesupport_fastrtps_cpp.hpp
[15.026s] -- Symlinking: /ws/src/nav2/install/dwb_msgs/include/dwb_msgs/msg/rosidl_typesupport_fastrtps_cpp__visibility_control.h
[15.035s] -- Symlinking: /ws/src/nav2/install/dwb_msgs/include/dwb_msgs/srv/detail/debug_local_plan__rosidl_typesupport_fastrtps_cpp.hpp
[15.043s] -- Symlinking: /ws/src/nav2/install/dwb_msgs/include/dwb_msgs/srv/detail/generate_trajectory__rosidl_typesupport_fastrtps_cpp.hpp
[15.051s] -- Symlinking: /ws/src/nav2/install/dwb_msgs/include/dwb_msgs/srv/detail/generate_twists__rosidl_typesupport_fastrtps_cpp.hpp
[15.060s] -- Symlinking: /ws/src/nav2/install/dwb_msgs/include/dwb_msgs/srv/detail/get_critic_score__rosidl_typesupport_fastrtps_cpp.hpp
[15.067s] -- Symlinking: /ws/src/nav2/install/dwb_msgs/include/dwb_msgs/srv/detail/score_trajectory__rosidl_typesupport_fastrtps_cpp.hpp
[15.076s] -- Symlinking: /ws/src/nav2/install/dwb_msgs/lib/libdwb_msgs__rosidl_typesupport_fastrtps_cpp.so
[15.084s] -- Symlinking: /ws/src/nav2/install/dwb_msgs/include/dwb_msgs/msg/detail/critic_score__rosidl_typesupport_introspection_c.h
[15.092s] -- Symlinking: /ws/src/nav2/install/dwb_msgs/include/dwb_msgs/msg/detail/local_plan_evaluation__rosidl_typesupport_introspection_c.h
[15.100s] -- Symlinking: /ws/src/nav2/install/dwb_msgs/include/dwb_msgs/msg/detail/trajectory2_d__rosidl_typesupport_introspection_c.h
[15.106s] -- Symlinking: /ws/src/nav2/install/dwb_msgs/include/dwb_msgs/msg/detail/trajectory_score__rosidl_typesupport_introspection_c.h
[15.114s] -- Symlinking: /ws/src/nav2/install/dwb_msgs/include/dwb_msgs/msg/rosidl_typesupport_introspection_c__visibility_control.h
[15.120s] -- Symlinking: /ws/src/nav2/install/dwb_msgs/include/dwb_msgs/srv/detail/debug_local_plan__rosidl_typesupport_introspection_c.h
[15.128s] -- Symlinking: /ws/src/nav2/install/dwb_msgs/include/dwb_msgs/srv/detail/generate_trajectory__rosidl_typesupport_introspection_c.h
[15.137s] -- Symlinking: /ws/src/nav2/install/dwb_msgs/include/dwb_msgs/srv/detail/generate_twists__rosidl_typesupport_introspection_c.h
[15.144s] -- Symlinking: /ws/src/nav2/install/dwb_msgs/include/dwb_msgs/srv/detail/get_critic_score__rosidl_typesupport_introspection_c.h
[15.151s] -- Symlinking: /ws/src/nav2/install/dwb_msgs/include/dwb_msgs/srv/detail/score_trajectory__rosidl_typesupport_introspection_c.h
[15.159s] -- Symlinking: /ws/src/nav2/install/dwb_msgs/include/dwb_msgs/msg/critic_score.hpp
[15.166s] -- Symlinking: /ws/src/nav2/install/dwb_msgs/include/dwb_msgs/msg/detail/critic_score__builder.hpp
[15.172s] -- Symlinking: /ws/src/nav2/install/dwb_msgs/include/dwb_msgs/msg/detail/critic_score__struct.hpp
[15.179s] -- Symlinking: /ws/src/nav2/install/dwb_msgs/include/dwb_msgs/msg/detail/critic_score__traits.hpp
[15.186s] -- Symlinking: /ws/src/nav2/install/dwb_msgs/include/dwb_msgs/msg/detail/critic_score__type_support.hpp
[15.192s] -- Symlinking: /ws/src/nav2/install/dwb_msgs/include/dwb_msgs/msg/detail/local_plan_evaluation__builder.hpp
[15.199s] -- Symlinking: /ws/src/nav2/install/dwb_msgs/include/dwb_msgs/msg/detail/local_plan_evaluation__struct.hpp
[15.206s] -- Symlinking: /ws/src/nav2/install/dwb_msgs/include/dwb_msgs/msg/detail/local_plan_evaluation__traits.hpp
[15.213s] -- Symlinking: /ws/src/nav2/install/dwb_msgs/include/dwb_msgs/msg/detail/local_plan_evaluation__type_support.hpp
[15.219s] -- Symlinking: /ws/src/nav2/install/dwb_msgs/include/dwb_msgs/msg/detail/trajectory2_d__builder.hpp
[15.226s] -- Symlinking: /ws/src/nav2/install/dwb_msgs/include/dwb_msgs/msg/detail/trajectory2_d__struct.hpp
[15.233s] -- Symlinking: /ws/src/nav2/install/dwb_msgs/include/dwb_msgs/msg/detail/trajectory2_d__traits.hpp
[15.240s] -- Symlinking: /ws/src/nav2/install/dwb_msgs/include/dwb_msgs/msg/detail/trajectory2_d__type_support.hpp
[15.246s] -- Symlinking: /ws/src/nav2/install/dwb_msgs/include/dwb_msgs/msg/detail/trajectory_score__builder.hpp
[15.253s] -- Symlinking: /ws/src/nav2/install/dwb_msgs/include/dwb_msgs/msg/detail/trajectory_score__struct.hpp
[15.260s] -- Symlinking: /ws/src/nav2/install/dwb_msgs/include/dwb_msgs/msg/detail/trajectory_score__traits.hpp
[15.266s] -- Symlinking: /ws/src/nav2/install/dwb_msgs/include/dwb_msgs/msg/detail/trajectory_score__type_support.hpp
[15.273s] -- Symlinking: /ws/src/nav2/install/dwb_msgs/include/dwb_msgs/msg/local_plan_evaluation.hpp
[15.279s] -- Symlinking: /ws/src/nav2/install/dwb_msgs/include/dwb_msgs/msg/rosidl_generator_cpp__visibility_control.hpp
[15.286s] -- Symlinking: /ws/src/nav2/install/dwb_msgs/include/dwb_msgs/msg/trajectory2_d.hpp
[15.293s] -- Symlinking: /ws/src/nav2/install/dwb_msgs/include/dwb_msgs/msg/trajectory_score.hpp
[15.300s] -- Symlinking: /ws/src/nav2/install/dwb_msgs/include/dwb_msgs/srv/debug_local_plan.hpp
[15.308s] -- Symlinking: /ws/src/nav2/install/dwb_msgs/include/dwb_msgs/srv/detail/debug_local_plan__builder.hpp
[15.315s] -- Symlinking: /ws/src/nav2/install/dwb_msgs/include/dwb_msgs/srv/detail/debug_local_plan__struct.hpp
[15.322s] -- Symlinking: /ws/src/nav2/install/dwb_msgs/include/dwb_msgs/srv/detail/debug_local_plan__traits.hpp
[15.330s] -- Symlinking: /ws/src/nav2/install/dwb_msgs/include/dwb_msgs/srv/detail/debug_local_plan__type_support.hpp
[15.338s] -- Symlinking: /ws/src/nav2/install/dwb_msgs/include/dwb_msgs/srv/detail/generate_trajectory__builder.hpp
[15.346s] -- Symlinking: /ws/src/nav2/install/dwb_msgs/include/dwb_msgs/srv/detail/generate_trajectory__struct.hpp
[15.354s] -- Symlinking: /ws/src/nav2/install/dwb_msgs/include/dwb_msgs/srv/detail/generate_trajectory__traits.hpp
[15.364s] -- Symlinking: /ws/src/nav2/install/dwb_msgs/include/dwb_msgs/srv/detail/generate_trajectory__type_support.hpp
[15.371s] -- Symlinking: /ws/src/nav2/install/dwb_msgs/include/dwb_msgs/srv/detail/generate_twists__builder.hpp
[15.379s] -- Symlinking: /ws/src/nav2/install/dwb_msgs/include/dwb_msgs/srv/detail/generate_twists__struct.hpp
[15.385s] -- Symlinking: /ws/src/nav2/install/dwb_msgs/include/dwb_msgs/srv/detail/generate_twists__traits.hpp
[15.392s] -- Symlinking: /ws/src/nav2/install/dwb_msgs/include/dwb_msgs/srv/detail/generate_twists__type_support.hpp
[15.400s] -- Symlinking: /ws/src/nav2/install/dwb_msgs/include/dwb_msgs/srv/detail/get_critic_score__builder.hpp
[15.408s] -- Symlinking: /ws/src/nav2/install/dwb_msgs/include/dwb_msgs/srv/detail/get_critic_score__struct.hpp
[15.417s] -- Symlinking: /ws/src/nav2/install/dwb_msgs/include/dwb_msgs/srv/detail/get_critic_score__traits.hpp
[15.425s] -- Symlinking: /ws/src/nav2/install/dwb_msgs/include/dwb_msgs/srv/detail/get_critic_score__type_support.hpp
[15.433s] -- Symlinking: /ws/src/nav2/install/dwb_msgs/include/dwb_msgs/srv/detail/score_trajectory__builder.hpp
[15.442s] -- Symlinking: /ws/src/nav2/install/dwb_msgs/include/dwb_msgs/srv/detail/score_trajectory__struct.hpp
[15.451s] -- Symlinking: /ws/src/nav2/install/dwb_msgs/include/dwb_msgs/srv/detail/score_trajectory__traits.hpp
[15.460s] -- Symlinking: /ws/src/nav2/install/dwb_msgs/include/dwb_msgs/srv/detail/score_trajectory__type_support.hpp
[15.467s] -- Symlinking: /ws/src/nav2/install/dwb_msgs/include/dwb_msgs/srv/generate_trajectory.hpp
[15.475s] -- Symlinking: /ws/src/nav2/install/dwb_msgs/include/dwb_msgs/srv/generate_twists.hpp
[15.484s] -- Symlinking: /ws/src/nav2/install/dwb_msgs/include/dwb_msgs/srv/get_critic_score.hpp
[15.493s] -- Symlinking: /ws/src/nav2/install/dwb_msgs/include/dwb_msgs/srv/score_trajectory.hpp
[15.511s] -- Symlinking: /ws/src/nav2/install/dwb_msgs/include/dwb_msgs/msg/detail/critic_score__rosidl_typesupport_introspection_cpp.hpp
[15.521s] -- Symlinking: /ws/src/nav2/install/dwb_msgs/include/dwb_msgs/msg/detail/local_plan_evaluation__rosidl_typesupport_introspection_cpp.hpp
[15.529s] -- Symlinking: /ws/src/nav2/install/dwb_msgs/include/dwb_msgs/msg/detail/trajectory2_d__rosidl_typesupport_introspection_cpp.hpp
[15.537s] -- Symlinking: /ws/src/nav2/install/dwb_msgs/include/dwb_msgs/msg/detail/trajectory_score__rosidl_typesupport_introspection_cpp.hpp
[15.546s] -- Symlinking: /ws/src/nav2/install/dwb_msgs/include/dwb_msgs/srv/detail/debug_local_plan__rosidl_typesupport_introspection_cpp.hpp
[15.553s] -- Symlinking: /ws/src/nav2/install/dwb_msgs/include/dwb_msgs/srv/detail/generate_trajectory__rosidl_typesupport_introspection_cpp.hpp
[15.561s] -- Symlinking: /ws/src/nav2/install/dwb_msgs/include/dwb_msgs/srv/detail/generate_twists__rosidl_typesupport_introspection_cpp.hpp
[15.569s] -- Symlinking: /ws/src/nav2/install/dwb_msgs/include/dwb_msgs/srv/detail/get_critic_score__rosidl_typesupport_introspection_cpp.hpp
[15.577s] -- Symlinking: /ws/src/nav2/install/dwb_msgs/include/dwb_msgs/srv/detail/score_trajectory__rosidl_typesupport_introspection_cpp.hpp
[15.585s] -- Symlinking: /ws/src/nav2/install/dwb_msgs/share/dwb_msgs/environment/pythonpath.sh
[15.592s] -- Symlinking: /ws/src/nav2/install/dwb_msgs/share/dwb_msgs/environment/pythonpath.dsv
[15.600s] -- Symlinking: /ws/src/nav2/install/dwb_msgs/lib/python3.8/site-packages/dwb_msgs/__init__.py
[15.608s] -- Symlinking: /ws/src/nav2/install/dwb_msgs/lib/python3.8/site-packages/dwb_msgs/msg/__init__.py
[15.616s] -- Symlinking: /ws/src/nav2/install/dwb_msgs/lib/python3.8/site-packages/dwb_msgs/msg/_critic_score.py
[15.624s] -- Symlinking: /ws/src/nav2/install/dwb_msgs/lib/python3.8/site-packages/dwb_msgs/msg/_local_plan_evaluation.py
[15.631s] -- Symlinking: /ws/src/nav2/install/dwb_msgs/lib/python3.8/site-packages/dwb_msgs/msg/_trajectory2_d.py
[15.639s] -- Symlinking: /ws/src/nav2/install/dwb_msgs/lib/python3.8/site-packages/dwb_msgs/msg/_trajectory_score.py
[15.649s] -- Symlinking: /ws/src/nav2/install/dwb_msgs/lib/python3.8/site-packages/dwb_msgs/srv/__init__.py
[15.658s] -- Symlinking: /ws/src/nav2/install/dwb_msgs/lib/python3.8/site-packages/dwb_msgs/srv/_debug_local_plan.py
[15.665s] -- Symlinking: /ws/src/nav2/install/dwb_msgs/lib/python3.8/site-packages/dwb_msgs/srv/_generate_trajectory.py
[15.671s] -- Symlinking: /ws/src/nav2/install/dwb_msgs/lib/python3.8/site-packages/dwb_msgs/srv/_generate_twists.py
[15.678s] -- Symlinking: /ws/src/nav2/install/dwb_msgs/lib/python3.8/site-packages/dwb_msgs/srv/_get_critic_score.py
[15.685s] -- Symlinking: /ws/src/nav2/install/dwb_msgs/lib/python3.8/site-packages/dwb_msgs/srv/_score_trajectory.py
[15.693s] -- Symlinking: /ws/src/nav2/install/dwb_msgs/lib/python3.8/site-packages/dwb_msgs/dwb_msgs_s__rosidl_typesupport_fastrtps_c.cpython-38-x86_64-linux-gnu.so
[15.700s] -- Symlinking: /ws/src/nav2/install/dwb_msgs/lib/python3.8/site-packages/dwb_msgs/dwb_msgs_s__rosidl_typesupport_introspection_c.cpython-38-x86_64-linux-gnu.so
[15.713s] -- Symlinking: /ws/src/nav2/install/dwb_msgs/lib/python3.8/site-packages/dwb_msgs/dwb_msgs_s__rosidl_typesupport_c.cpython-38-x86_64-linux-gnu.so
[15.721s] -- Symlinking: /ws/src/nav2/install/dwb_msgs/lib/libdwb_msgs__python.so
[15.729s] -- Symlinking: /ws/src/nav2/install/dwb_msgs/share/dwb_msgs/msg/CriticScore.idl
[15.737s] -- Symlinking: /ws/src/nav2/install/dwb_msgs/share/dwb_msgs/msg/LocalPlanEvaluation.idl
[15.745s] -- Symlinking: /ws/src/nav2/install/dwb_msgs/share/dwb_msgs/msg/Trajectory2D.idl
[15.752s] -- Symlinking: /ws/src/nav2/install/dwb_msgs/share/dwb_msgs/msg/TrajectoryScore.idl
[15.759s] -- Symlinking: /ws/src/nav2/install/dwb_msgs/share/dwb_msgs/srv/DebugLocalPlan.idl
[15.768s] -- Symlinking: /ws/src/nav2/install/dwb_msgs/share/dwb_msgs/srv/GenerateTrajectory.idl
[15.777s] -- Symlinking: /ws/src/nav2/install/dwb_msgs/share/dwb_msgs/srv/GenerateTwists.idl
[15.785s] -- Symlinking: /ws/src/nav2/install/dwb_msgs/share/dwb_msgs/srv/GetCriticScore.idl
[15.793s] -- Symlinking: /ws/src/nav2/install/dwb_msgs/share/dwb_msgs/srv/ScoreTrajectory.idl
[15.800s] -- Symlinking: /ws/src/nav2/install/dwb_msgs/share/dwb_msgs/msg/CriticScore.msg
[15.807s] -- Symlinking: /ws/src/nav2/install/dwb_msgs/share/dwb_msgs/msg/LocalPlanEvaluation.msg
[15.814s] -- Symlinking: /ws/src/nav2/install/dwb_msgs/share/dwb_msgs/msg/Trajectory2D.msg
[15.824s] -- Symlinking: /ws/src/nav2/install/dwb_msgs/share/dwb_msgs/msg/TrajectoryScore.msg
[15.832s] -- Symlinking: /ws/src/nav2/install/dwb_msgs/share/dwb_msgs/srv/DebugLocalPlan.srv
[15.839s] -- Symlinking: /ws/src/nav2/install/dwb_msgs/share/dwb_msgs/srv/DebugLocalPlan_Request.msg
[15.847s] -- Symlinking: /ws/src/nav2/install/dwb_msgs/share/dwb_msgs/srv/DebugLocalPlan_Response.msg
[15.856s] -- Symlinking: /ws/src/nav2/install/dwb_msgs/share/dwb_msgs/srv/GenerateTrajectory.srv
[15.863s] -- Symlinking: /ws/src/nav2/install/dwb_msgs/share/dwb_msgs/srv/GenerateTrajectory_Request.msg
[15.872s] -- Symlinking: /ws/src/nav2/install/dwb_msgs/share/dwb_msgs/srv/GenerateTrajectory_Response.msg
[15.880s] -- Symlinking: /ws/src/nav2/install/dwb_msgs/share/dwb_msgs/srv/GenerateTwists.srv
[15.888s] -- Symlinking: /ws/src/nav2/install/dwb_msgs/share/dwb_msgs/srv/GenerateTwists_Request.msg
[15.895s] -- Symlinking: /ws/src/nav2/install/dwb_msgs/share/dwb_msgs/srv/GenerateTwists_Response.msg
[15.903s] -- Symlinking: /ws/src/nav2/install/dwb_msgs/share/dwb_msgs/srv/GetCriticScore.srv
[15.911s] -- Symlinking: /ws/src/nav2/install/dwb_msgs/share/dwb_msgs/srv/GetCriticScore_Request.msg
[15.920s] -- Symlinking: /ws/src/nav2/install/dwb_msgs/share/dwb_msgs/srv/GetCriticScore_Response.msg
[15.929s] -- Symlinking: /ws/src/nav2/install/dwb_msgs/share/dwb_msgs/srv/ScoreTrajectory.srv
[15.937s] -- Symlinking: /ws/src/nav2/install/dwb_msgs/share/dwb_msgs/srv/ScoreTrajectory_Request.msg
[15.945s] -- Symlinking: /ws/src/nav2/install/dwb_msgs/share/dwb_msgs/srv/ScoreTrajectory_Response.msg
[15.952s] -- Symlinking: /ws/src/nav2/install/dwb_msgs/share/ament_index/resource_index/package_run_dependencies/dwb_msgs
[15.959s] -- Symlinking: /ws/src/nav2/install/dwb_msgs/share/ament_index/resource_index/parent_prefix_path/dwb_msgs
[15.968s] -- Symlinking: /ws/src/nav2/install/dwb_msgs/share/dwb_msgs/environment/ament_prefix_path.sh
[15.975s] -- Symlinking: /ws/src/nav2/install/dwb_msgs/share/dwb_msgs/environment/ament_prefix_path.dsv
[15.982s] -- Symlinking: /ws/src/nav2/install/dwb_msgs/share/dwb_msgs/environment/path.sh
[15.992s] -- Symlinking: /ws/src/nav2/install/dwb_msgs/share/dwb_msgs/environment/path.dsv
[16.001s] -- Symlinking: /ws/src/nav2/install/dwb_msgs/share/dwb_msgs/local_setup.bash
[16.008s] -- Symlinking: /ws/src/nav2/install/dwb_msgs/share/dwb_msgs/local_setup.sh
[16.015s] -- Symlinking: /ws/src/nav2/install/dwb_msgs/share/dwb_msgs/local_setup.zsh
[16.023s] -- Symlinking: /ws/src/nav2/install/dwb_msgs/share/dwb_msgs/local_setup.dsv
[16.030s] -- Symlinking: /ws/src/nav2/install/dwb_msgs/share/dwb_msgs/package.dsv
[16.038s] -- Symlinking: /ws/src/nav2/install/dwb_msgs/share/ament_index/resource_index/packages/dwb_msgs
[16.046s] -- Symlinking: /ws/src/nav2/install/dwb_msgs/share/dwb_msgs/cmake/rosidl_cmake-extras.cmake
[16.053s] -- Symlinking: /ws/src/nav2/install/dwb_msgs/share/dwb_msgs/cmake/ament_cmake_export_dependencies-extras.cmake
[16.062s] -- Symlinking: /ws/src/nav2/install/dwb_msgs/share/dwb_msgs/cmake/ament_cmake_export_libraries-extras.cmake
[16.072s] -- Symlinking: /ws/src/nav2/install/dwb_msgs/share/dwb_msgs/cmake/ament_cmake_export_targets-extras.cmake
[16.081s] -- Symlinking: /ws/src/nav2/install/dwb_msgs/share/dwb_msgs/cmake/ament_cmake_export_include_directories-extras.cmake
[16.090s] -- Symlinking: /ws/src/nav2/install/dwb_msgs/share/dwb_msgs/cmake/rosidl_cmake_export_typesupport_libraries-extras.cmake
[16.097s] -- Symlinking: /ws/src/nav2/install/dwb_msgs/share/dwb_msgs/cmake/rosidl_cmake_export_typesupport_targets-extras.cmake
[16.105s] -- Symlinking: /ws/src/nav2/install/dwb_msgs/share/dwb_msgs/cmake/dwb_msgsConfig.cmake
[16.113s] -- Symlinking: /ws/src/nav2/install/dwb_msgs/share/dwb_msgs/cmake/dwb_msgsConfig-version.cmake
[16.120s] -- Symlinking: /ws/src/nav2/install/dwb_msgs/share/dwb_msgs/package.xml
[16.127s] -- Installing: /ws/src/nav2/install/dwb_msgs/lib/libdwb_msgs__rosidl_generator_c.so
[16.128s] -- Set runtime path of "/ws/src/nav2/install/dwb_msgs/lib/libdwb_msgs__rosidl_generator_c.so" to ""
[16.128s] -- Installing: /ws/src/nav2/install/dwb_msgs/lib/libdwb_msgs__rosidl_typesupport_introspection_c.so
[16.128s] -- Set runtime path of "/ws/src/nav2/install/dwb_msgs/lib/libdwb_msgs__rosidl_typesupport_introspection_c.so" to ""
[16.128s] -- Installing: /ws/src/nav2/install/dwb_msgs/lib/libdwb_msgs__rosidl_typesupport_c.so
[16.128s] -- Set runtime path of "/ws/src/nav2/install/dwb_msgs/lib/libdwb_msgs__rosidl_typesupport_c.so" to ""
[16.129s] -- Installing: /ws/src/nav2/install/dwb_msgs/lib/libdwb_msgs__rosidl_typesupport_introspection_cpp.so
[16.129s] -- Set runtime path of "/ws/src/nav2/install/dwb_msgs/lib/libdwb_msgs__rosidl_typesupport_introspection_cpp.so" to ""
[16.129s] -- Installing: /ws/src/nav2/install/dwb_msgs/lib/libdwb_msgs__rosidl_typesupport_cpp.so
[16.130s] -- Set runtime path of "/ws/src/nav2/install/dwb_msgs/lib/libdwb_msgs__rosidl_typesupport_cpp.so" to ""
[16.155s] Compiling '/ws/src/nav2/install/dwb_msgs/lib/python3.8/site-packages/dwb_msgs/__init__.py'...
[16.159s] -- Installing: /ws/src/nav2/install/dwb_msgs/share/dwb_msgs/cmake/dwb_msgs__rosidl_generator_cExport.cmake
[16.159s] -- Installing: /ws/src/nav2/install/dwb_msgs/share/dwb_msgs/cmake/dwb_msgs__rosidl_generator_cExport-noconfig.cmake
[16.159s] -- Installing: /ws/src/nav2/install/dwb_msgs/share/dwb_msgs/cmake/dwb_msgs__rosidl_typesupport_introspection_cExport.cmake
[16.159s] -- Installing: /ws/src/nav2/install/dwb_msgs/share/dwb_msgs/cmake/dwb_msgs__rosidl_typesupport_introspection_cExport-noconfig.cmake
[16.159s] -- Installing: /ws/src/nav2/install/dwb_msgs/share/dwb_msgs/cmake/dwb_msgs__rosidl_typesupport_cExport.cmake
[16.160s] -- Installing: /ws/src/nav2/install/dwb_msgs/share/dwb_msgs/cmake/dwb_msgs__rosidl_typesupport_cExport-noconfig.cmake
[16.160s] -- Installing: /ws/src/nav2/install/dwb_msgs/share/dwb_msgs/cmake/dwb_msgs__rosidl_generator_cppExport.cmake
[16.160s] -- Installing: /ws/src/nav2/install/dwb_msgs/share/dwb_msgs/cmake/dwb_msgs__rosidl_typesupport_introspection_cppExport.cmake
[16.160s] -- Installing: /ws/src/nav2/install/dwb_msgs/share/dwb_msgs/cmake/dwb_msgs__rosidl_typesupport_introspection_cppExport-noconfig.cmake
[16.160s] -- Installing: /ws/src/nav2/install/dwb_msgs/share/dwb_msgs/cmake/dwb_msgs__rosidl_typesupport_cppExport.cmake
[16.160s] -- Installing: /ws/src/nav2/install/dwb_msgs/share/dwb_msgs/cmake/dwb_msgs__rosidl_typesupport_cppExport-noconfig.cmake
[16.166s] Invoked command in '/ws/src/nav2/build/dwb_msgs' returned '0': AMENT_PREFIX_PATH=/ws/src/nav2/install/nav_2d_msgs:${AMENT_PREFIX_PATH} CMAKE_PREFIX_PATH=/ws/src/nav2/install/nav_2d_msgs:/opt/ros/foxy LD_LIBRARY_PATH=/ws/src/nav2/install/nav_2d_msgs/lib:${LD_LIBRARY_PATH} PYTHONPATH=/ws/src/nav2/install/nav_2d_msgs/lib/python3.8/site-packages:${PYTHONPATH} /usr/bin/cmake --install /ws/src/nav2/build/dwb_msgs
