[0.038s] Invoking command in '/ws/src/nav2/build/nav2_common': CMAKE_PREFIX_PATH=/opt/ros/foxy /usr/bin/cmake /ws/src/nav2/nav2_common -DAMENT_CMAKE_SYMLINK_INSTALL=1 -DCMAKE_INSTALL_PREFIX=/ws/src/nav2/install/nav2_common
[0.056s] -- Found ament_cmake_core: 0.9.12 (/opt/ros/foxy/share/ament_cmake_core/cmake)
[0.074s] -- Found PythonInterp: /usr/bin/python3 (found suitable version "3.8.10", minimum required is "3") 
[0.074s] -- Using PYTHON_EXECUTABLE: /usr/bin/python3
[0.215s] -- Override CMake install command with custom implementation using symlinks instead of copying resources
[0.219s] -- Found ament_cmake_python: 0.9.12 (/opt/ros/foxy/share/ament_cmake_python/cmake)
[0.299s] -- Configuring done
[0.300s] -- Generating done
[0.300s] -- Build files have been written to: /ws/src/nav2/build/nav2_common
[0.302s] Invoked command in '/ws/src/nav2/build/nav2_common' returned '0': CMAKE_PREFIX_PATH=/opt/ros/foxy /usr/bin/cmake /ws/src/nav2/nav2_common -DAMENT_CMAKE_SYMLINK_INSTALL=1 -DCMAKE_INSTALL_PREFIX=/ws/src/nav2/install/nav2_common
[0.306s] Invoking command in '/ws/src/nav2/build/nav2_common': CMAKE_PREFIX_PATH=/opt/ros/foxy /usr/bin/cmake --build /ws/src/nav2/build/nav2_common -- -j16 -l16
[0.337s] Invoked command in '/ws/src/nav2/build/nav2_common' returned '0': CMAKE_PREFIX_PATH=/opt/ros/foxy /usr/bin/cmake --build /ws/src/nav2/build/nav2_common -- -j16 -l16
[0.364s] Invoking command in '/ws/src/nav2/build/nav2_common': CMAKE_PREFIX_PATH=/opt/ros/foxy /usr/bin/cmake --install /ws/src/nav2/build/nav2_common
[0.370s] -- Install configuration: ""
[0.371s] -- Execute custom install script
[0.371s] -- Symlinking: /ws/src/nav2/install/nav2_common/share/nav2_common/environment/pythonpath.sh
[0.380s] -- Symlinking: /ws/src/nav2/install/nav2_common/share/nav2_common/environment/pythonpath.dsv
[0.388s] -- Symlinking: /ws/src/nav2/install/nav2_common/lib/python3.8/site-packages/nav2_common/__init__.py
[0.395s] -- Symlinking: /ws/src/nav2/install/nav2_common/lib/python3.8/site-packages/nav2_common/launch/__init__.py
[0.403s] -- Symlinking: /ws/src/nav2/install/nav2_common/lib/python3.8/site-packages/nav2_common/launch/has_node_params.py
[0.410s] -- Symlinking: /ws/src/nav2/install/nav2_common/lib/python3.8/site-packages/nav2_common/launch/replace_string.py
[0.417s] -- Symlinking: /ws/src/nav2/install/nav2_common/lib/python3.8/site-packages/nav2_common/launch/rewritten_yaml.py
[0.423s] -- Symlinking: /ws/src/nav2/install/nav2_common/share/ament_index/resource_index/package_run_dependencies/nav2_common
[0.430s] -- Symlinking: /ws/src/nav2/install/nav2_common/share/ament_index/resource_index/parent_prefix_path/nav2_common
[0.437s] -- Symlinking: /ws/src/nav2/install/nav2_common/share/nav2_common/environment/ament_prefix_path.sh
[0.445s] -- Symlinking: /ws/src/nav2/install/nav2_common/share/nav2_common/environment/ament_prefix_path.dsv
[0.453s] -- Symlinking: /ws/src/nav2/install/nav2_common/share/nav2_common/environment/path.sh
[0.460s] -- Symlinking: /ws/src/nav2/install/nav2_common/share/nav2_common/environment/path.dsv
[0.467s] -- Symlinking: /ws/src/nav2/install/nav2_common/share/nav2_common/local_setup.bash
[0.475s] -- Symlinking: /ws/src/nav2/install/nav2_common/share/nav2_common/local_setup.sh
[0.483s] -- Symlinking: /ws/src/nav2/install/nav2_common/share/nav2_common/local_setup.zsh
[0.490s] -- Symlinking: /ws/src/nav2/install/nav2_common/share/nav2_common/local_setup.dsv
[0.498s] -- Symlinking: /ws/src/nav2/install/nav2_common/share/nav2_common/package.dsv
[0.507s] -- Symlinking: /ws/src/nav2/install/nav2_common/share/ament_index/resource_index/packages/nav2_common
[0.515s] -- Symlinking: /ws/src/nav2/install/nav2_common/share/nav2_common/cmake/nav2_common-extras.cmake
[0.524s] -- Symlinking: /ws/src/nav2/install/nav2_common/share/nav2_common/cmake/nav2_commonConfig.cmake
[0.532s] -- Symlinking: /ws/src/nav2/install/nav2_common/share/nav2_common/cmake/nav2_commonConfig-version.cmake
[0.540s] -- Symlinking: /ws/src/nav2/install/nav2_common/share/nav2_common/package.xml
[0.548s] -- Symlinking: /ws/src/nav2/install/nav2_common/share/nav2_common/cmake/nav2_package.cmake
[0.580s] Listing '/ws/src/nav2/install/nav2_common/lib/python3.8/site-packages/nav2_common'...
[0.581s] Compiling '/ws/src/nav2/install/nav2_common/lib/python3.8/site-packages/nav2_common/__init__.py'...
[0.581s] Listing '/ws/src/nav2/install/nav2_common/lib/python3.8/site-packages/nav2_common/launch'...
[0.581s] Compiling '/ws/src/nav2/install/nav2_common/lib/python3.8/site-packages/nav2_common/launch/__init__.py'...
[0.581s] Compiling '/ws/src/nav2/install/nav2_common/lib/python3.8/site-packages/nav2_common/launch/has_node_params.py'...
[0.581s] Compiling '/ws/src/nav2/install/nav2_common/lib/python3.8/site-packages/nav2_common/launch/replace_string.py'...
[0.581s] Compiling '/ws/src/nav2/install/nav2_common/lib/python3.8/site-packages/nav2_common/launch/rewritten_yaml.py'...
[0.587s] Invoked command in '/ws/src/nav2/build/nav2_common' returned '0': CMAKE_PREFIX_PATH=/opt/ros/foxy /usr/bin/cmake --install /ws/src/nav2/build/nav2_common
