[0.033s] Invoking command in '/ws/src/nav2/build/nav_2d_msgs': CMAKE_PREFIX_PATH=/opt/ros/foxy /usr/bin/cmake /ws/src/nav2/nav2_dwb_controller/nav_2d_msgs -DAMENT_CMAKE_SYMLINK_INSTALL=1 -DCMAKE_INSTALL_PREFIX=/ws/src/nav2/install/nav_2d_msgs
[0.081s] -- The C compiler identification is GNU 9.4.0
[0.127s] -- The CXX compiler identification is GNU 9.4.0
[0.133s] -- Check for working C compiler: /usr/bin/cc
[0.191s] -- Check for working C compiler: /usr/bin/cc -- works
[0.192s] -- Detecting C compiler ABI info
[0.253s] -- Detecting C compiler ABI info - done
[0.262s] -- Detecting C compile features
[0.262s] -- Detecting C compile features - done
[0.264s] -- Check for working CXX compiler: /usr/bin/c++
[0.333s] -- Check for working CXX compiler: /usr/bin/c++ -- works
[0.334s] -- Detecting CXX compiler ABI info
[0.400s] -- Detecting CXX compiler ABI info - done
[0.411s] -- Detecting CXX compile features
[0.411s] -- Detecting CXX compile features - done
[0.414s] -- Found geometry_msgs: 2.0.5 (/opt/ros/foxy/share/geometry_msgs/cmake)
[0.437s] -- Found PythonInterp: /usr/bin/python3 (found suitable version "3.8.10", minimum required is "3") 
[0.438s] -- Using PYTHON_EXECUTABLE: /usr/bin/python3
[0.574s] -- Override CMake install command with custom implementation using symlinks instead of copying resources
[0.644s] -- Using all available rosidl_typesupport_c: rosidl_typesupport_fastrtps_c;rosidl_typesupport_introspection_c
[0.655s] -- Found rosidl_adapter: 1.3.1 (/opt/ros/foxy/share/rosidl_adapter/cmake)
[0.737s] -- Found OpenSSL: /usr/lib/x86_64-linux-gnu/libcrypto.so (found version "1.1.1f")  
[0.769s] -- Found FastRTPS: /opt/ros/foxy/include  
[0.862s] -- Using all available rosidl_typesupport_cpp: rosidl_typesupport_fastrtps_cpp;rosidl_typesupport_introspection_cpp
[0.948s] -- Found rosidl_default_generators: 1.0.1 (/opt/ros/foxy/share/rosidl_default_generators/cmake)
[0.978s] -- Found PythonInterp: /usr/bin/python3 (found version "3.8.10") 
[1.169s] -- Found ament_cmake_ros: 0.9.2 (/opt/ros/foxy/share/ament_cmake_ros/cmake)
[1.393s] -- Using all available rosidl_typesupport_c: rosidl_typesupport_fastrtps_c;rosidl_typesupport_introspection_c
[1.479s] -- Using all available rosidl_typesupport_cpp: rosidl_typesupport_fastrtps_cpp;rosidl_typesupport_introspection_cpp
[1.500s] -- Found PythonInterp: /usr/bin/python3 (found suitable version "3.8.10", minimum required is "3.5") 
[1.503s] -- Found python_cmake_module: 0.8.1 (/opt/ros/foxy/share/python_cmake_module/cmake)
[1.524s] -- Found PythonLibs: /usr/lib/x86_64-linux-gnu/libpython3.8.so (found suitable version "3.8.10", minimum required is "3.5") 
[1.524s] -- Using PYTHON_EXECUTABLE: /usr/bin/python3
[1.524s] -- Using PYTHON_INCLUDE_DIRS: /usr/include/python3.8
[1.524s] -- Using PYTHON_LIBRARIES: /usr/lib/x86_64-linux-gnu/libpython3.8.so
[1.541s] -- Found PythonExtra: .so  
[1.619s] -- Configuring done
[1.669s] -- Generating done
[1.671s] -- Build files have been written to: /ws/src/nav2/build/nav_2d_msgs
[1.678s] Invoked command in '/ws/src/nav2/build/nav_2d_msgs' returned '0': CMAKE_PREFIX_PATH=/opt/ros/foxy /usr/bin/cmake /ws/src/nav2/nav2_dwb_controller/nav_2d_msgs -DAMENT_CMAKE_SYMLINK_INSTALL=1 -DCMAKE_INSTALL_PREFIX=/ws/src/nav2/install/nav_2d_msgs
[1.679s] Invoking command in '/ws/src/nav2/build/nav_2d_msgs': CMAKE_PREFIX_PATH=/opt/ros/foxy /usr/bin/cmake --build /ws/src/nav2/build/nav_2d_msgs -- -j16 -l16
[1.717s] [35m[1mScanning dependencies of target nav_2d_msgs__cpp[0m
[1.717s] [  1%] [34m[1mGenerating C code for ROS interfaces[0m
[1.727s] [  2%] [34m[1mGenerating C++ code for ROS interfaces[0m
[2.173s] [  2%] Built target nav_2d_msgs__cpp
[2.184s] [  5%] [34m[1mGenerating C++ type support dispatch for ROS interfaces[0m
[2.184s] [  5%] [34m[1mGenerating C++ type support for eProsima Fast-RTPS[0m
[2.184s] [  7%] [34m[1mGenerating C++ introspection for ROS interfaces[0m
[2.243s] [35m[1mScanning dependencies of target nav_2d_msgs__rosidl_generator_c[0m
[2.263s] [  8%] [32mBuilding C object CMakeFiles/nav_2d_msgs__rosidl_generator_c.dir/rosidl_generator_c/nav_2d_msgs/msg/detail/path2_d__functions.c.o[0m
[2.263s] [  9%] [32mBuilding C object CMakeFiles/nav_2d_msgs__rosidl_generator_c.dir/rosidl_generator_c/nav_2d_msgs/msg/detail/twist2_d__functions.c.o[0m
[2.263s] [ 11%] [32mBuilding C object CMakeFiles/nav_2d_msgs__rosidl_generator_c.dir/rosidl_generator_c/nav_2d_msgs/msg/detail/pose2_d32__functions.c.o[0m
[2.263s] [ 12%] [32mBuilding C object CMakeFiles/nav_2d_msgs__rosidl_generator_c.dir/rosidl_generator_c/nav_2d_msgs/msg/detail/pose2_d_stamped__functions.c.o[0m
[2.264s] [ 14%] [32mBuilding C object CMakeFiles/nav_2d_msgs__rosidl_generator_c.dir/rosidl_generator_c/nav_2d_msgs/msg/detail/twist2_d32__functions.c.o[0m
[2.264s] [ 15%] [32mBuilding C object CMakeFiles/nav_2d_msgs__rosidl_generator_c.dir/rosidl_generator_c/nav_2d_msgs/msg/detail/twist2_d_stamped__functions.c.o[0m
[2.325s] [ 16%] [32m[1mLinking C shared library libnav_2d_msgs__rosidl_generator_c.so[0m
[2.365s] [ 16%] Built target nav_2d_msgs__rosidl_generator_c
[2.375s] [ 18%] [34m[1mGenerating C type support dispatch for ROS interfaces[0m
[2.377s] [ 19%] [34m[1mGenerating C introspection for ROS interfaces[0m
[2.642s] [35m[1mScanning dependencies of target nav_2d_msgs__rosidl_typesupport_introspection_cpp[0m
[2.660s] [ 21%] [32mBuilding CXX object CMakeFiles/nav_2d_msgs__rosidl_typesupport_introspection_cpp.dir/rosidl_typesupport_introspection_cpp/nav_2d_msgs/msg/detail/twist2_d32__type_support.cpp.o[0m
[2.662s] [ 25%] [32mBuilding CXX object CMakeFiles/nav_2d_msgs__rosidl_typesupport_introspection_cpp.dir/rosidl_typesupport_introspection_cpp/nav_2d_msgs/msg/detail/pose2_d32__type_support.cpp.o[0m
[2.662s] [ 25%] [32mBuilding CXX object CMakeFiles/nav_2d_msgs__rosidl_typesupport_introspection_cpp.dir/rosidl_typesupport_introspection_cpp/nav_2d_msgs/msg/detail/twist2_d__type_support.cpp.o[0m
[2.662s] [ 26%] [32mBuilding CXX object CMakeFiles/nav_2d_msgs__rosidl_typesupport_introspection_cpp.dir/rosidl_typesupport_introspection_cpp/nav_2d_msgs/msg/detail/path2_d__type_support.cpp.o[0m
[2.662s] [ 26%] [32mBuilding CXX object CMakeFiles/nav_2d_msgs__rosidl_typesupport_introspection_cpp.dir/rosidl_typesupport_introspection_cpp/nav_2d_msgs/msg/detail/pose2_d_stamped__type_support.cpp.o[0m
[2.662s] [ 28%] [32mBuilding CXX object CMakeFiles/nav_2d_msgs__rosidl_typesupport_introspection_cpp.dir/rosidl_typesupport_introspection_cpp/nav_2d_msgs/msg/detail/twist2_d_stamped__type_support.cpp.o[0m
[2.765s] [35m[1mScanning dependencies of target nav_2d_msgs__rosidl_typesupport_cpp[0m
[2.778s] [35m[1mScanning dependencies of target nav_2d_msgs__rosidl_typesupport_fastrtps_cpp[0m
[2.786s] [ 29%] [32mBuilding CXX object CMakeFiles/nav_2d_msgs__rosidl_typesupport_cpp.dir/rosidl_typesupport_cpp/nav_2d_msgs/msg/path2_d__type_support.cpp.o[0m
[2.789s] [ 30%] [32mBuilding CXX object CMakeFiles/nav_2d_msgs__rosidl_typesupport_cpp.dir/rosidl_typesupport_cpp/nav_2d_msgs/msg/pose2_d32__type_support.cpp.o[0m
[2.791s] [ 32%] [32mBuilding CXX object CMakeFiles/nav_2d_msgs__rosidl_typesupport_cpp.dir/rosidl_typesupport_cpp/nav_2d_msgs/msg/pose2_d_stamped__type_support.cpp.o[0m
[2.792s] [ 33%] [32mBuilding CXX object CMakeFiles/nav_2d_msgs__rosidl_typesupport_cpp.dir/rosidl_typesupport_cpp/nav_2d_msgs/msg/twist2_d__type_support.cpp.o[0m
[2.802s] [ 35%] [32mBuilding CXX object CMakeFiles/nav_2d_msgs__rosidl_typesupport_cpp.dir/rosidl_typesupport_cpp/nav_2d_msgs/msg/twist2_d32__type_support.cpp.o[0m
[2.807s] [ 36%] [32mBuilding CXX object CMakeFiles/nav_2d_msgs__rosidl_typesupport_cpp.dir/rosidl_typesupport_cpp/nav_2d_msgs/msg/twist2_d_stamped__type_support.cpp.o[0m
[2.813s] [35m[1mScanning dependencies of target nav_2d_msgs__rosidl_typesupport_c[0m
[2.815s] [ 38%] [32mBuilding CXX object CMakeFiles/nav_2d_msgs__rosidl_typesupport_fastrtps_cpp.dir/rosidl_typesupport_fastrtps_cpp/nav_2d_msgs/msg/detail/dds_fastrtps/path2_d__type_support.cpp.o[0m
[2.848s] [ 39%] [32mBuilding CXX object CMakeFiles/nav_2d_msgs__rosidl_typesupport_fastrtps_cpp.dir/rosidl_typesupport_fastrtps_cpp/nav_2d_msgs/msg/detail/dds_fastrtps/pose2_d32__type_support.cpp.o[0m
[2.878s] [ 40%] [32mBuilding CXX object CMakeFiles/nav_2d_msgs__rosidl_typesupport_c.dir/rosidl_typesupport_c/nav_2d_msgs/msg/path2_d__type_support.cpp.o[0m
[2.983s] [ 42%] [32mBuilding CXX object CMakeFiles/nav_2d_msgs__rosidl_typesupport_c.dir/rosidl_typesupport_c/nav_2d_msgs/msg/pose2_d32__type_support.cpp.o[0m
[3.092s] [ 43%] [32mBuilding CXX object CMakeFiles/nav_2d_msgs__rosidl_typesupport_c.dir/rosidl_typesupport_c/nav_2d_msgs/msg/pose2_d_stamped__type_support.cpp.o[0m
[3.192s] [ 45%] [32mBuilding CXX object CMakeFiles/nav_2d_msgs__rosidl_typesupport_c.dir/rosidl_typesupport_c/nav_2d_msgs/msg/twist2_d__type_support.cpp.o[0m
[3.204s] [ 46%] [32mBuilding CXX object CMakeFiles/nav_2d_msgs__rosidl_typesupport_c.dir/rosidl_typesupport_c/nav_2d_msgs/msg/twist2_d32__type_support.cpp.o[0m
[3.209s] [ 47%] [32mBuilding CXX object CMakeFiles/nav_2d_msgs__rosidl_typesupport_fastrtps_cpp.dir/rosidl_typesupport_fastrtps_cpp/nav_2d_msgs/msg/detail/dds_fastrtps/pose2_d_stamped__type_support.cpp.o[0m
[3.212s] [ 49%] [32mBuilding CXX object CMakeFiles/nav_2d_msgs__rosidl_typesupport_fastrtps_cpp.dir/rosidl_typesupport_fastrtps_cpp/nav_2d_msgs/msg/detail/dds_fastrtps/twist2_d32__type_support.cpp.o[0m
[3.217s] [ 50%] [32mBuilding CXX object CMakeFiles/nav_2d_msgs__rosidl_typesupport_fastrtps_cpp.dir/rosidl_typesupport_fastrtps_cpp/nav_2d_msgs/msg/detail/dds_fastrtps/twist2_d__type_support.cpp.o[0m
[3.223s] [35m[1mScanning dependencies of target nav_2d_msgs__rosidl_typesupport_introspection_c[0m
[3.249s] [ 52%] [32mBuilding CXX object CMakeFiles/nav_2d_msgs__rosidl_typesupport_c.dir/rosidl_typesupport_c/nav_2d_msgs/msg/twist2_d_stamped__type_support.cpp.o[0m
[3.272s] [ 53%] [32mBuilding CXX object CMakeFiles/nav_2d_msgs__rosidl_typesupport_fastrtps_cpp.dir/rosidl_typesupport_fastrtps_cpp/nav_2d_msgs/msg/detail/dds_fastrtps/twist2_d_stamped__type_support.cpp.o[0m
[3.285s] [ 54%] [32mBuilding C object CMakeFiles/nav_2d_msgs__rosidl_typesupport_introspection_c.dir/rosidl_typesupport_introspection_c/nav_2d_msgs/msg/detail/path2_d__type_support.c.o[0m
[3.294s] [ 56%] [32mBuilding C object CMakeFiles/nav_2d_msgs__rosidl_typesupport_introspection_c.dir/rosidl_typesupport_introspection_c/nav_2d_msgs/msg/detail/pose2_d32__type_support.c.o[0m
[3.304s] [ 57%] [32m[1mLinking CXX shared library libnav_2d_msgs__rosidl_typesupport_introspection_cpp.so[0m
[3.304s] [ 59%] [32mBuilding C object CMakeFiles/nav_2d_msgs__rosidl_typesupport_introspection_c.dir/rosidl_typesupport_introspection_c/nav_2d_msgs/msg/detail/twist2_d__type_support.c.o[0m
[3.306s] [ 60%] [32mBuilding C object CMakeFiles/nav_2d_msgs__rosidl_typesupport_introspection_c.dir/rosidl_typesupport_introspection_c/nav_2d_msgs/msg/detail/pose2_d_stamped__type_support.c.o[0m
[3.369s] [ 61%] [32m[1mLinking CXX shared library libnav_2d_msgs__rosidl_typesupport_c.so[0m
[3.377s] [ 63%] [32mBuilding C object CMakeFiles/nav_2d_msgs__rosidl_typesupport_introspection_c.dir/rosidl_typesupport_introspection_c/nav_2d_msgs/msg/detail/twist2_d32__type_support.c.o[0m
[3.383s] [ 64%] [32mBuilding C object CMakeFiles/nav_2d_msgs__rosidl_typesupport_introspection_c.dir/rosidl_typesupport_introspection_c/nav_2d_msgs/msg/detail/twist2_d_stamped__type_support.c.o[0m
[3.459s] [ 64%] Built target nav_2d_msgs__rosidl_typesupport_c
[3.466s] [ 66%] [32m[1mLinking CXX shared library libnav_2d_msgs__rosidl_typesupport_cpp.so[0m
[3.473s] [ 67%] [32m[1mLinking C shared library libnav_2d_msgs__rosidl_typesupport_introspection_c.so[0m
[3.481s] [ 67%] Built target nav_2d_msgs__rosidl_typesupport_introspection_cpp
[3.528s] [ 67%] Built target nav_2d_msgs__rosidl_typesupport_introspection_c
[3.533s] [ 67%] Built target nav_2d_msgs__rosidl_typesupport_cpp
[3.869s] [ 69%] [32m[1mLinking CXX shared library libnav_2d_msgs__rosidl_typesupport_fastrtps_cpp.so[0m
[3.966s] [ 69%] Built target nav_2d_msgs__rosidl_typesupport_fastrtps_cpp
[3.978s] [ 70%] [34m[1mGenerating C type support for eProsima Fast-RTPS[0m
[4.402s] [35m[1mScanning dependencies of target nav_2d_msgs__rosidl_typesupport_fastrtps_c[0m
[4.426s] [ 76%] [32mBuilding CXX object CMakeFiles/nav_2d_msgs__rosidl_typesupport_fastrtps_c.dir/rosidl_typesupport_fastrtps_c/nav_2d_msgs/msg/detail/twist2_d__type_support_c.cpp.o[0m
[4.426s] [ 76%] [32mBuilding CXX object CMakeFiles/nav_2d_msgs__rosidl_typesupport_fastrtps_c.dir/rosidl_typesupport_fastrtps_c/nav_2d_msgs/msg/detail/pose2_d_stamped__type_support_c.cpp.o[0m
[4.426s] [ 76%] [32mBuilding CXX object CMakeFiles/nav_2d_msgs__rosidl_typesupport_fastrtps_c.dir/rosidl_typesupport_fastrtps_c/nav_2d_msgs/msg/detail/twist2_d32__type_support_c.cpp.o[0m
[4.427s] [ 76%] [32mBuilding CXX object CMakeFiles/nav_2d_msgs__rosidl_typesupport_fastrtps_c.dir/rosidl_typesupport_fastrtps_c/nav_2d_msgs/msg/detail/pose2_d32__type_support_c.cpp.o[0m
[4.427s] [ 77%] [32mBuilding CXX object CMakeFiles/nav_2d_msgs__rosidl_typesupport_fastrtps_c.dir/rosidl_typesupport_fastrtps_c/nav_2d_msgs/msg/detail/path2_d__type_support_c.cpp.o[0m
[4.427s] [ 78%] [32mBuilding CXX object CMakeFiles/nav_2d_msgs__rosidl_typesupport_fastrtps_c.dir/rosidl_typesupport_fastrtps_c/nav_2d_msgs/msg/detail/twist2_d_stamped__type_support_c.cpp.o[0m
[4.982s] [ 80%] [32m[1mLinking CXX shared library libnav_2d_msgs__rosidl_typesupport_fastrtps_c.so[0m
[5.066s] [ 80%] Built target nav_2d_msgs__rosidl_typesupport_fastrtps_c
[5.075s] [35m[1mScanning dependencies of target nav_2d_msgs[0m
[5.086s] [ 80%] Built target nav_2d_msgs
[5.096s] [35m[1mScanning dependencies of target nav_2d_msgs__py[0m
[5.109s] [ 81%] [34m[1mGenerating Python code for ROS interfaces[0m
[6.065s] [ 81%] Built target nav_2d_msgs__py
[6.076s] [35m[1mScanning dependencies of target nav_2d_msgs__python[0m
[6.121s] [ 87%] [32mBuilding C object CMakeFiles/nav_2d_msgs__python.dir/rosidl_generator_py/nav_2d_msgs/msg/_twist2_d_s.c.o[0m
[6.121s] [ 87%] [32mBuilding C object CMakeFiles/nav_2d_msgs__python.dir/rosidl_generator_py/nav_2d_msgs/msg/_pose2_d_stamped_s.c.o[0m
[6.121s] [ 87%] [32mBuilding C object CMakeFiles/nav_2d_msgs__python.dir/rosidl_generator_py/nav_2d_msgs/msg/_pose2_d32_s.c.o[0m
[6.121s] [ 87%] [32mBuilding C object CMakeFiles/nav_2d_msgs__python.dir/rosidl_generator_py/nav_2d_msgs/msg/_path2_d_s.c.o[0m
[6.122s] [ 88%] [32mBuilding C object CMakeFiles/nav_2d_msgs__python.dir/rosidl_generator_py/nav_2d_msgs/msg/_twist2_d32_s.c.o[0m
[6.122s] [ 90%] [32mBuilding C object CMakeFiles/nav_2d_msgs__python.dir/rosidl_generator_py/nav_2d_msgs/msg/_twist2_d_stamped_s.c.o[0m
[6.266s] [ 91%] [32m[1mLinking C shared library rosidl_generator_py/nav_2d_msgs/libnav_2d_msgs__python.so[0m
[6.314s] [ 91%] Built target nav_2d_msgs__python
[6.325s] [35m[1mScanning dependencies of target nav_2d_msgs__rosidl_typesupport_introspection_c__pyext[0m
[6.325s] [35m[1mScanning dependencies of target nav_2d_msgs__rosidl_typesupport_fastrtps_c__pyext[0m
[6.325s] [35m[1mScanning dependencies of target nav_2d_msgs__rosidl_typesupport_c__pyext[0m
[6.345s] [ 92%] [32mBuilding C object CMakeFiles/nav_2d_msgs__rosidl_typesupport_introspection_c__pyext.dir/rosidl_generator_py/nav_2d_msgs/_nav_2d_msgs_s.ep.rosidl_typesupport_introspection_c.c.o[0m
[6.345s] [ 94%] [32mBuilding C object CMakeFiles/nav_2d_msgs__rosidl_typesupport_c__pyext.dir/rosidl_generator_py/nav_2d_msgs/_nav_2d_msgs_s.ep.rosidl_typesupport_c.c.o[0m
[6.346s] [ 95%] [32mBuilding C object CMakeFiles/nav_2d_msgs__rosidl_typesupport_fastrtps_c__pyext.dir/rosidl_generator_py/nav_2d_msgs/_nav_2d_msgs_s.ep.rosidl_typesupport_fastrtps_c.c.o[0m
[6.446s] [ 98%] [32m[1mLinking C shared library rosidl_generator_py/nav_2d_msgs/nav_2d_msgs_s__rosidl_typesupport_introspection_c.cpython-38-x86_64-linux-gnu.so[0m
[6.446s] [ 98%] [32m[1mLinking C shared library rosidl_generator_py/nav_2d_msgs/nav_2d_msgs_s__rosidl_typesupport_c.cpython-38-x86_64-linux-gnu.so[0m
[6.446s] [100%] [32m[1mLinking CXX shared library rosidl_generator_py/nav_2d_msgs/nav_2d_msgs_s__rosidl_typesupport_fastrtps_c.cpython-38-x86_64-linux-gnu.so[0m
[6.488s] [100%] Built target nav_2d_msgs__rosidl_typesupport_introspection_c__pyext
[6.491s] [100%] Built target nav_2d_msgs__rosidl_typesupport_c__pyext
[6.520s] [100%] Built target nav_2d_msgs__rosidl_typesupport_fastrtps_c__pyext
[6.534s] Invoked command in '/ws/src/nav2/build/nav_2d_msgs' returned '0': CMAKE_PREFIX_PATH=/opt/ros/foxy /usr/bin/cmake --build /ws/src/nav2/build/nav_2d_msgs -- -j16 -l16
[6.626s] Invoking command in '/ws/src/nav2/build/nav_2d_msgs': CMAKE_PREFIX_PATH=/opt/ros/foxy /usr/bin/cmake --install /ws/src/nav2/build/nav_2d_msgs
[6.635s] -- Install configuration: ""
[6.636s] -- Execute custom install script
[6.636s] -- Symlinking: /ws/src/nav2/install/nav_2d_msgs/share/ament_index/resource_index/rosidl_interfaces/nav_2d_msgs
[6.647s] -- Symlinking: /ws/src/nav2/install/nav_2d_msgs/include/nav_2d_msgs/msg/detail/path2_d__functions.h
[6.657s] -- Symlinking: /ws/src/nav2/install/nav_2d_msgs/include/nav_2d_msgs/msg/detail/path2_d__struct.h
[6.666s] -- Symlinking: /ws/src/nav2/install/nav_2d_msgs/include/nav_2d_msgs/msg/detail/path2_d__type_support.h
[6.675s] -- Symlinking: /ws/src/nav2/install/nav_2d_msgs/include/nav_2d_msgs/msg/detail/pose2_d32__functions.h
[6.685s] -- Symlinking: /ws/src/nav2/install/nav_2d_msgs/include/nav_2d_msgs/msg/detail/pose2_d32__struct.h
[6.694s] -- Symlinking: /ws/src/nav2/install/nav_2d_msgs/include/nav_2d_msgs/msg/detail/pose2_d32__type_support.h
[6.702s] -- Symlinking: /ws/src/nav2/install/nav_2d_msgs/include/nav_2d_msgs/msg/detail/pose2_d_stamped__functions.h
[6.711s] -- Symlinking: /ws/src/nav2/install/nav_2d_msgs/include/nav_2d_msgs/msg/detail/pose2_d_stamped__struct.h
[6.719s] -- Symlinking: /ws/src/nav2/install/nav_2d_msgs/include/nav_2d_msgs/msg/detail/pose2_d_stamped__type_support.h
[6.727s] -- Symlinking: /ws/src/nav2/install/nav_2d_msgs/include/nav_2d_msgs/msg/detail/twist2_d32__functions.h
[6.736s] -- Symlinking: /ws/src/nav2/install/nav_2d_msgs/include/nav_2d_msgs/msg/detail/twist2_d32__struct.h
[6.744s] -- Symlinking: /ws/src/nav2/install/nav_2d_msgs/include/nav_2d_msgs/msg/detail/twist2_d32__type_support.h
[6.752s] -- Symlinking: /ws/src/nav2/install/nav_2d_msgs/include/nav_2d_msgs/msg/detail/twist2_d__functions.h
[6.760s] -- Symlinking: /ws/src/nav2/install/nav_2d_msgs/include/nav_2d_msgs/msg/detail/twist2_d__struct.h
[6.769s] -- Symlinking: /ws/src/nav2/install/nav_2d_msgs/include/nav_2d_msgs/msg/detail/twist2_d__type_support.h
[6.777s] -- Symlinking: /ws/src/nav2/install/nav_2d_msgs/include/nav_2d_msgs/msg/detail/twist2_d_stamped__functions.h
[6.786s] -- Symlinking: /ws/src/nav2/install/nav_2d_msgs/include/nav_2d_msgs/msg/detail/twist2_d_stamped__struct.h
[6.794s] -- Symlinking: /ws/src/nav2/install/nav_2d_msgs/include/nav_2d_msgs/msg/detail/twist2_d_stamped__type_support.h
[6.803s] -- Symlinking: /ws/src/nav2/install/nav_2d_msgs/include/nav_2d_msgs/msg/path2_d.h
[6.811s] -- Symlinking: /ws/src/nav2/install/nav_2d_msgs/include/nav_2d_msgs/msg/pose2_d32.h
[6.819s] -- Symlinking: /ws/src/nav2/install/nav_2d_msgs/include/nav_2d_msgs/msg/pose2_d_stamped.h
[6.828s] -- Symlinking: /ws/src/nav2/install/nav_2d_msgs/include/nav_2d_msgs/msg/rosidl_generator_c__visibility_control.h
[6.836s] -- Symlinking: /ws/src/nav2/install/nav_2d_msgs/include/nav_2d_msgs/msg/twist2_d.h
[6.844s] -- Symlinking: /ws/src/nav2/install/nav_2d_msgs/include/nav_2d_msgs/msg/twist2_d32.h
[6.853s] -- Symlinking: /ws/src/nav2/install/nav_2d_msgs/include/nav_2d_msgs/msg/twist2_d_stamped.h
[6.863s] -- Symlinking: /ws/src/nav2/install/nav_2d_msgs/share/nav_2d_msgs/environment/library_path.sh
[6.871s] -- Symlinking: /ws/src/nav2/install/nav_2d_msgs/share/nav_2d_msgs/environment/library_path.dsv
[6.881s] -- Symlinking: /ws/src/nav2/install/nav_2d_msgs/include/nav_2d_msgs/msg/detail/path2_d__rosidl_typesupport_fastrtps_c.h
[6.890s] -- Symlinking: /ws/src/nav2/install/nav_2d_msgs/include/nav_2d_msgs/msg/detail/pose2_d32__rosidl_typesupport_fastrtps_c.h
[6.898s] -- Symlinking: /ws/src/nav2/install/nav_2d_msgs/include/nav_2d_msgs/msg/detail/pose2_d_stamped__rosidl_typesupport_fastrtps_c.h
[6.907s] -- Symlinking: /ws/src/nav2/install/nav_2d_msgs/include/nav_2d_msgs/msg/detail/twist2_d32__rosidl_typesupport_fastrtps_c.h
[6.917s] -- Symlinking: /ws/src/nav2/install/nav_2d_msgs/include/nav_2d_msgs/msg/detail/twist2_d__rosidl_typesupport_fastrtps_c.h
[6.927s] -- Symlinking: /ws/src/nav2/install/nav_2d_msgs/include/nav_2d_msgs/msg/detail/twist2_d_stamped__rosidl_typesupport_fastrtps_c.h
[6.936s] -- Symlinking: /ws/src/nav2/install/nav_2d_msgs/include/nav_2d_msgs/msg/rosidl_typesupport_fastrtps_c__visibility_control.h
[6.945s] -- Symlinking: /ws/src/nav2/install/nav_2d_msgs/lib/libnav_2d_msgs__rosidl_typesupport_fastrtps_c.so
[6.956s] -- Symlinking: /ws/src/nav2/install/nav_2d_msgs/include/nav_2d_msgs/msg/detail/path2_d__rosidl_typesupport_fastrtps_cpp.hpp
[6.966s] -- Symlinking: /ws/src/nav2/install/nav_2d_msgs/include/nav_2d_msgs/msg/detail/pose2_d32__rosidl_typesupport_fastrtps_cpp.hpp
[6.975s] -- Symlinking: /ws/src/nav2/install/nav_2d_msgs/include/nav_2d_msgs/msg/detail/pose2_d_stamped__rosidl_typesupport_fastrtps_cpp.hpp
[6.985s] -- Symlinking: /ws/src/nav2/install/nav_2d_msgs/include/nav_2d_msgs/msg/detail/twist2_d32__rosidl_typesupport_fastrtps_cpp.hpp
[6.994s] -- Symlinking: /ws/src/nav2/install/nav_2d_msgs/include/nav_2d_msgs/msg/detail/twist2_d__rosidl_typesupport_fastrtps_cpp.hpp
[7.003s] -- Symlinking: /ws/src/nav2/install/nav_2d_msgs/include/nav_2d_msgs/msg/detail/twist2_d_stamped__rosidl_typesupport_fastrtps_cpp.hpp
[7.012s] -- Symlinking: /ws/src/nav2/install/nav_2d_msgs/include/nav_2d_msgs/msg/rosidl_typesupport_fastrtps_cpp__visibility_control.h
[7.021s] -- Symlinking: /ws/src/nav2/install/nav_2d_msgs/lib/libnav_2d_msgs__rosidl_typesupport_fastrtps_cpp.so
[7.030s] -- Symlinking: /ws/src/nav2/install/nav_2d_msgs/include/nav_2d_msgs/msg/detail/path2_d__rosidl_typesupport_introspection_c.h
[7.039s] -- Symlinking: /ws/src/nav2/install/nav_2d_msgs/include/nav_2d_msgs/msg/detail/pose2_d32__rosidl_typesupport_introspection_c.h
[7.047s] -- Symlinking: /ws/src/nav2/install/nav_2d_msgs/include/nav_2d_msgs/msg/detail/pose2_d_stamped__rosidl_typesupport_introspection_c.h
[7.056s] -- Symlinking: /ws/src/nav2/install/nav_2d_msgs/include/nav_2d_msgs/msg/detail/twist2_d32__rosidl_typesupport_introspection_c.h
[7.064s] -- Symlinking: /ws/src/nav2/install/nav_2d_msgs/include/nav_2d_msgs/msg/detail/twist2_d__rosidl_typesupport_introspection_c.h
[7.072s] -- Symlinking: /ws/src/nav2/install/nav_2d_msgs/include/nav_2d_msgs/msg/detail/twist2_d_stamped__rosidl_typesupport_introspection_c.h
[7.081s] -- Symlinking: /ws/src/nav2/install/nav_2d_msgs/include/nav_2d_msgs/msg/rosidl_typesupport_introspection_c__visibility_control.h
[7.090s] -- Symlinking: /ws/src/nav2/install/nav_2d_msgs/include/nav_2d_msgs/msg/detail/path2_d__builder.hpp
[7.099s] -- Symlinking: /ws/src/nav2/install/nav_2d_msgs/include/nav_2d_msgs/msg/detail/path2_d__struct.hpp
[7.108s] -- Symlinking: /ws/src/nav2/install/nav_2d_msgs/include/nav_2d_msgs/msg/detail/path2_d__traits.hpp
[7.115s] -- Symlinking: /ws/src/nav2/install/nav_2d_msgs/include/nav_2d_msgs/msg/detail/path2_d__type_support.hpp
[7.124s] -- Symlinking: /ws/src/nav2/install/nav_2d_msgs/include/nav_2d_msgs/msg/detail/pose2_d32__builder.hpp
[7.133s] -- Symlinking: /ws/src/nav2/install/nav_2d_msgs/include/nav_2d_msgs/msg/detail/pose2_d32__struct.hpp
[7.142s] -- Symlinking: /ws/src/nav2/install/nav_2d_msgs/include/nav_2d_msgs/msg/detail/pose2_d32__traits.hpp
[7.150s] -- Symlinking: /ws/src/nav2/install/nav_2d_msgs/include/nav_2d_msgs/msg/detail/pose2_d32__type_support.hpp
[7.158s] -- Symlinking: /ws/src/nav2/install/nav_2d_msgs/include/nav_2d_msgs/msg/detail/pose2_d_stamped__builder.hpp
[7.167s] -- Symlinking: /ws/src/nav2/install/nav_2d_msgs/include/nav_2d_msgs/msg/detail/pose2_d_stamped__struct.hpp
[7.175s] -- Symlinking: /ws/src/nav2/install/nav_2d_msgs/include/nav_2d_msgs/msg/detail/pose2_d_stamped__traits.hpp
[7.184s] -- Symlinking: /ws/src/nav2/install/nav_2d_msgs/include/nav_2d_msgs/msg/detail/pose2_d_stamped__type_support.hpp
[7.192s] -- Symlinking: /ws/src/nav2/install/nav_2d_msgs/include/nav_2d_msgs/msg/detail/twist2_d32__builder.hpp
[7.202s] -- Symlinking: /ws/src/nav2/install/nav_2d_msgs/include/nav_2d_msgs/msg/detail/twist2_d32__struct.hpp
[7.211s] -- Symlinking: /ws/src/nav2/install/nav_2d_msgs/include/nav_2d_msgs/msg/detail/twist2_d32__traits.hpp
[7.219s] -- Symlinking: /ws/src/nav2/install/nav_2d_msgs/include/nav_2d_msgs/msg/detail/twist2_d32__type_support.hpp
[7.228s] -- Symlinking: /ws/src/nav2/install/nav_2d_msgs/include/nav_2d_msgs/msg/detail/twist2_d__builder.hpp
[7.236s] -- Symlinking: /ws/src/nav2/install/nav_2d_msgs/include/nav_2d_msgs/msg/detail/twist2_d__struct.hpp
[7.245s] -- Symlinking: /ws/src/nav2/install/nav_2d_msgs/include/nav_2d_msgs/msg/detail/twist2_d__traits.hpp
[7.253s] -- Symlinking: /ws/src/nav2/install/nav_2d_msgs/include/nav_2d_msgs/msg/detail/twist2_d__type_support.hpp
[7.261s] -- Symlinking: /ws/src/nav2/install/nav_2d_msgs/include/nav_2d_msgs/msg/detail/twist2_d_stamped__builder.hpp
[7.270s] -- Symlinking: /ws/src/nav2/install/nav_2d_msgs/include/nav_2d_msgs/msg/detail/twist2_d_stamped__struct.hpp
[7.280s] -- Symlinking: /ws/src/nav2/install/nav_2d_msgs/include/nav_2d_msgs/msg/detail/twist2_d_stamped__traits.hpp
[7.289s] -- Symlinking: /ws/src/nav2/install/nav_2d_msgs/include/nav_2d_msgs/msg/detail/twist2_d_stamped__type_support.hpp
[7.298s] -- Symlinking: /ws/src/nav2/install/nav_2d_msgs/include/nav_2d_msgs/msg/path2_d.hpp
[7.308s] -- Symlinking: /ws/src/nav2/install/nav_2d_msgs/include/nav_2d_msgs/msg/pose2_d32.hpp
[7.317s] -- Symlinking: /ws/src/nav2/install/nav_2d_msgs/include/nav_2d_msgs/msg/pose2_d_stamped.hpp
[7.326s] -- Symlinking: /ws/src/nav2/install/nav_2d_msgs/include/nav_2d_msgs/msg/rosidl_generator_cpp__visibility_control.hpp
[7.335s] -- Symlinking: /ws/src/nav2/install/nav_2d_msgs/include/nav_2d_msgs/msg/twist2_d.hpp
[7.344s] -- Symlinking: /ws/src/nav2/install/nav_2d_msgs/include/nav_2d_msgs/msg/twist2_d32.hpp
[7.354s] -- Symlinking: /ws/src/nav2/install/nav_2d_msgs/include/nav_2d_msgs/msg/twist2_d_stamped.hpp
[7.364s] -- Symlinking: /ws/src/nav2/install/nav_2d_msgs/include/nav_2d_msgs/msg/detail/path2_d__rosidl_typesupport_introspection_cpp.hpp
[7.373s] -- Symlinking: /ws/src/nav2/install/nav_2d_msgs/include/nav_2d_msgs/msg/detail/pose2_d32__rosidl_typesupport_introspection_cpp.hpp
[7.382s] -- Symlinking: /ws/src/nav2/install/nav_2d_msgs/include/nav_2d_msgs/msg/detail/pose2_d_stamped__rosidl_typesupport_introspection_cpp.hpp
[7.392s] -- Symlinking: /ws/src/nav2/install/nav_2d_msgs/include/nav_2d_msgs/msg/detail/twist2_d32__rosidl_typesupport_introspection_cpp.hpp
[7.401s] -- Symlinking: /ws/src/nav2/install/nav_2d_msgs/include/nav_2d_msgs/msg/detail/twist2_d__rosidl_typesupport_introspection_cpp.hpp
[7.411s] -- Symlinking: /ws/src/nav2/install/nav_2d_msgs/include/nav_2d_msgs/msg/detail/twist2_d_stamped__rosidl_typesupport_introspection_cpp.hpp
[7.421s] -- Symlinking: /ws/src/nav2/install/nav_2d_msgs/share/nav_2d_msgs/environment/pythonpath.sh
[7.431s] -- Symlinking: /ws/src/nav2/install/nav_2d_msgs/share/nav_2d_msgs/environment/pythonpath.dsv
[7.441s] -- Symlinking: /ws/src/nav2/install/nav_2d_msgs/lib/python3.8/site-packages/nav_2d_msgs/__init__.py
[7.452s] -- Symlinking: /ws/src/nav2/install/nav_2d_msgs/lib/python3.8/site-packages/nav_2d_msgs/msg/__init__.py
[7.466s] -- Symlinking: /ws/src/nav2/install/nav_2d_msgs/lib/python3.8/site-packages/nav_2d_msgs/msg/_path2_d.py
[7.478s] -- Symlinking: /ws/src/nav2/install/nav_2d_msgs/lib/python3.8/site-packages/nav_2d_msgs/msg/_pose2_d32.py
[7.490s] -- Symlinking: /ws/src/nav2/install/nav_2d_msgs/lib/python3.8/site-packages/nav_2d_msgs/msg/_pose2_d_stamped.py
[7.505s] -- Symlinking: /ws/src/nav2/install/nav_2d_msgs/lib/python3.8/site-packages/nav_2d_msgs/msg/_twist2_d.py
[7.521s] -- Symlinking: /ws/src/nav2/install/nav_2d_msgs/lib/python3.8/site-packages/nav_2d_msgs/msg/_twist2_d32.py
[7.535s] -- Symlinking: /ws/src/nav2/install/nav_2d_msgs/lib/python3.8/site-packages/nav_2d_msgs/msg/_twist2_d_stamped.py
[7.548s] -- Symlinking: /ws/src/nav2/install/nav_2d_msgs/lib/python3.8/site-packages/nav_2d_msgs/nav_2d_msgs_s__rosidl_typesupport_fastrtps_c.cpython-38-x86_64-linux-gnu.so
[7.558s] -- Symlinking: /ws/src/nav2/install/nav_2d_msgs/lib/python3.8/site-packages/nav_2d_msgs/nav_2d_msgs_s__rosidl_typesupport_introspection_c.cpython-38-x86_64-linux-gnu.so
[7.567s] -- Symlinking: /ws/src/nav2/install/nav_2d_msgs/lib/python3.8/site-packages/nav_2d_msgs/nav_2d_msgs_s__rosidl_typesupport_c.cpython-38-x86_64-linux-gnu.so
[7.577s] -- Symlinking: /ws/src/nav2/install/nav_2d_msgs/lib/libnav_2d_msgs__python.so
[7.588s] -- Symlinking: /ws/src/nav2/install/nav_2d_msgs/share/nav_2d_msgs/msg/Path2D.idl
[7.598s] -- Symlinking: /ws/src/nav2/install/nav_2d_msgs/share/nav_2d_msgs/msg/Pose2D32.idl
[7.609s] -- Symlinking: /ws/src/nav2/install/nav_2d_msgs/share/nav_2d_msgs/msg/Pose2DStamped.idl
[7.619s] -- Symlinking: /ws/src/nav2/install/nav_2d_msgs/share/nav_2d_msgs/msg/Twist2D.idl
[7.627s] -- Symlinking: /ws/src/nav2/install/nav_2d_msgs/share/nav_2d_msgs/msg/Twist2D32.idl
[7.637s] -- Symlinking: /ws/src/nav2/install/nav_2d_msgs/share/nav_2d_msgs/msg/Twist2DStamped.idl
[7.648s] -- Symlinking: /ws/src/nav2/install/nav_2d_msgs/share/nav_2d_msgs/msg/Path2D.msg
[7.657s] -- Symlinking: /ws/src/nav2/install/nav_2d_msgs/share/nav_2d_msgs/msg/Pose2D32.msg
[7.667s] -- Symlinking: /ws/src/nav2/install/nav_2d_msgs/share/nav_2d_msgs/msg/Pose2DStamped.msg
[7.677s] -- Symlinking: /ws/src/nav2/install/nav_2d_msgs/share/nav_2d_msgs/msg/Twist2D.msg
[7.686s] -- Symlinking: /ws/src/nav2/install/nav_2d_msgs/share/nav_2d_msgs/msg/Twist2D32.msg
[7.696s] -- Symlinking: /ws/src/nav2/install/nav_2d_msgs/share/nav_2d_msgs/msg/Twist2DStamped.msg
[7.706s] -- Symlinking: /ws/src/nav2/install/nav_2d_msgs/share/ament_index/resource_index/package_run_dependencies/nav_2d_msgs
[7.716s] -- Symlinking: /ws/src/nav2/install/nav_2d_msgs/share/ament_index/resource_index/parent_prefix_path/nav_2d_msgs
[7.725s] -- Symlinking: /ws/src/nav2/install/nav_2d_msgs/share/nav_2d_msgs/environment/ament_prefix_path.sh
[7.735s] -- Symlinking: /ws/src/nav2/install/nav_2d_msgs/share/nav_2d_msgs/environment/ament_prefix_path.dsv
[7.744s] -- Symlinking: /ws/src/nav2/install/nav_2d_msgs/share/nav_2d_msgs/environment/path.sh
[7.757s] -- Symlinking: /ws/src/nav2/install/nav_2d_msgs/share/nav_2d_msgs/environment/path.dsv
[7.769s] -- Symlinking: /ws/src/nav2/install/nav_2d_msgs/share/nav_2d_msgs/local_setup.bash
[7.785s] -- Symlinking: /ws/src/nav2/install/nav_2d_msgs/share/nav_2d_msgs/local_setup.sh
[7.797s] -- Symlinking: /ws/src/nav2/install/nav_2d_msgs/share/nav_2d_msgs/local_setup.zsh
[7.814s] -- Symlinking: /ws/src/nav2/install/nav_2d_msgs/share/nav_2d_msgs/local_setup.dsv
[7.826s] -- Symlinking: /ws/src/nav2/install/nav_2d_msgs/share/nav_2d_msgs/package.dsv
[7.839s] -- Symlinking: /ws/src/nav2/install/nav_2d_msgs/share/ament_index/resource_index/packages/nav_2d_msgs
[7.852s] -- Symlinking: /ws/src/nav2/install/nav_2d_msgs/share/nav_2d_msgs/cmake/rosidl_cmake-extras.cmake
[7.865s] -- Symlinking: /ws/src/nav2/install/nav_2d_msgs/share/nav_2d_msgs/cmake/ament_cmake_export_dependencies-extras.cmake
[7.879s] -- Symlinking: /ws/src/nav2/install/nav_2d_msgs/share/nav_2d_msgs/cmake/ament_cmake_export_libraries-extras.cmake
[7.889s] -- Symlinking: /ws/src/nav2/install/nav_2d_msgs/share/nav_2d_msgs/cmake/ament_cmake_export_targets-extras.cmake
[7.900s] -- Symlinking: /ws/src/nav2/install/nav_2d_msgs/share/nav_2d_msgs/cmake/ament_cmake_export_include_directories-extras.cmake
[7.910s] -- Symlinking: /ws/src/nav2/install/nav_2d_msgs/share/nav_2d_msgs/cmake/rosidl_cmake_export_typesupport_libraries-extras.cmake
[7.921s] -- Symlinking: /ws/src/nav2/install/nav_2d_msgs/share/nav_2d_msgs/cmake/rosidl_cmake_export_typesupport_targets-extras.cmake
[7.935s] -- Symlinking: /ws/src/nav2/install/nav_2d_msgs/share/nav_2d_msgs/cmake/nav_2d_msgsConfig.cmake
[7.949s] -- Symlinking: /ws/src/nav2/install/nav_2d_msgs/share/nav_2d_msgs/cmake/nav_2d_msgsConfig-version.cmake
[7.966s] -- Symlinking: /ws/src/nav2/install/nav_2d_msgs/share/nav_2d_msgs/package.xml
[7.984s] -- Installing: /ws/src/nav2/install/nav_2d_msgs/lib/libnav_2d_msgs__rosidl_generator_c.so
[7.985s] -- Set runtime path of "/ws/src/nav2/install/nav_2d_msgs/lib/libnav_2d_msgs__rosidl_generator_c.so" to ""
[7.986s] -- Installing: /ws/src/nav2/install/nav_2d_msgs/lib/libnav_2d_msgs__rosidl_typesupport_introspection_c.so
[7.987s] -- Set runtime path of "/ws/src/nav2/install/nav_2d_msgs/lib/libnav_2d_msgs__rosidl_typesupport_introspection_c.so" to ""
[7.987s] -- Installing: /ws/src/nav2/install/nav_2d_msgs/lib/libnav_2d_msgs__rosidl_typesupport_c.so
[7.988s] -- Set runtime path of "/ws/src/nav2/install/nav_2d_msgs/lib/libnav_2d_msgs__rosidl_typesupport_c.so" to ""
[7.989s] -- Installing: /ws/src/nav2/install/nav_2d_msgs/lib/libnav_2d_msgs__rosidl_typesupport_introspection_cpp.so
[7.990s] -- Set runtime path of "/ws/src/nav2/install/nav_2d_msgs/lib/libnav_2d_msgs__rosidl_typesupport_introspection_cpp.so" to ""
[7.990s] -- Installing: /ws/src/nav2/install/nav_2d_msgs/lib/libnav_2d_msgs__rosidl_typesupport_cpp.so
[7.991s] -- Set runtime path of "/ws/src/nav2/install/nav_2d_msgs/lib/libnav_2d_msgs__rosidl_typesupport_cpp.so" to ""
[8.103s] Compiling '/ws/src/nav2/install/nav_2d_msgs/lib/python3.8/site-packages/nav_2d_msgs/__init__.py'...
[8.112s] -- Installing: /ws/src/nav2/install/nav_2d_msgs/share/nav_2d_msgs/cmake/nav_2d_msgs__rosidl_generator_cExport.cmake
[8.112s] -- Installing: /ws/src/nav2/install/nav_2d_msgs/share/nav_2d_msgs/cmake/nav_2d_msgs__rosidl_generator_cExport-noconfig.cmake
[8.113s] -- Installing: /ws/src/nav2/install/nav_2d_msgs/share/nav_2d_msgs/cmake/nav_2d_msgs__rosidl_typesupport_introspection_cExport.cmake
[8.113s] -- Installing: /ws/src/nav2/install/nav_2d_msgs/share/nav_2d_msgs/cmake/nav_2d_msgs__rosidl_typesupport_introspection_cExport-noconfig.cmake
[8.114s] -- Installing: /ws/src/nav2/install/nav_2d_msgs/share/nav_2d_msgs/cmake/nav_2d_msgs__rosidl_typesupport_cExport.cmake
[8.115s] -- Installing: /ws/src/nav2/install/nav_2d_msgs/share/nav_2d_msgs/cmake/nav_2d_msgs__rosidl_typesupport_cExport-noconfig.cmake
[8.115s] -- Installing: /ws/src/nav2/install/nav_2d_msgs/share/nav_2d_msgs/cmake/nav_2d_msgs__rosidl_generator_cppExport.cmake
[8.116s] -- Installing: /ws/src/nav2/install/nav_2d_msgs/share/nav_2d_msgs/cmake/nav_2d_msgs__rosidl_typesupport_introspection_cppExport.cmake
[8.117s] -- Installing: /ws/src/nav2/install/nav_2d_msgs/share/nav_2d_msgs/cmake/nav_2d_msgs__rosidl_typesupport_introspection_cppExport-noconfig.cmake
[8.118s] -- Installing: /ws/src/nav2/install/nav_2d_msgs/share/nav_2d_msgs/cmake/nav_2d_msgs__rosidl_typesupport_cppExport.cmake
[8.118s] -- Installing: /ws/src/nav2/install/nav_2d_msgs/share/nav_2d_msgs/cmake/nav_2d_msgs__rosidl_typesupport_cppExport-noconfig.cmake
[8.131s] Invoked command in '/ws/src/nav2/build/nav_2d_msgs' returned '0': CMAKE_PREFIX_PATH=/opt/ros/foxy /usr/bin/cmake --install /ws/src/nav2/build/nav_2d_msgs
