[ 33%] Built target path_ops
[ 66%] Built target conversions
[100%] Built target tf_help
-- Install configuration: "Release"
-- Execute custom install script
-- Symlinking: /ws/src/nav2/install/nav_2d_utils/lib/libconversions.so
-- Symlinking: /ws/src/nav2/install/nav_2d_utils/lib/libpath_ops.so
-- Symlinking: /ws/src/nav2/install/nav_2d_utils/lib/libtf_help.so
-- Symlinking: /ws/src/nav2/install/nav_2d_utils/include//nav_2d_utils/conversions.hpp
-- Symlinking: /ws/src/nav2/install/nav_2d_utils/include//nav_2d_utils/odom_subscriber.hpp
-- Symlinking: /ws/src/nav2/install/nav_2d_utils/include//nav_2d_utils/parameters.hpp
-- Symlinking: /ws/src/nav2/install/nav_2d_utils/include//nav_2d_utils/path_ops.hpp
-- Symlinking: /ws/src/nav2/install/nav_2d_utils/include//nav_2d_utils/tf_help.hpp
-- Symlinking: /ws/src/nav2/install/nav_2d_utils/share/nav_2d_utils/environment/library_path.sh
-- Symlinking: /ws/src/nav2/install/nav_2d_utils/share/nav_2d_utils/environment/library_path.dsv
-- Symlinking: /ws/src/nav2/install/nav_2d_utils/share/ament_index/resource_index/package_run_dependencies/nav_2d_utils
-- Symlinking: /ws/src/nav2/install/nav_2d_utils/share/ament_index/resource_index/parent_prefix_path/nav_2d_utils
-- Symlinking: /ws/src/nav2/install/nav_2d_utils/share/nav_2d_utils/environment/ament_prefix_path.sh
-- Symlinking: /ws/src/nav2/install/nav_2d_utils/share/nav_2d_utils/environment/ament_prefix_path.dsv
-- Symlinking: /ws/src/nav2/install/nav_2d_utils/share/nav_2d_utils/environment/path.sh
-- Symlinking: /ws/src/nav2/install/nav_2d_utils/share/nav_2d_utils/environment/path.dsv
-- Symlinking: /ws/src/nav2/install/nav_2d_utils/share/nav_2d_utils/local_setup.bash
-- Symlinking: /ws/src/nav2/install/nav_2d_utils/share/nav_2d_utils/local_setup.sh
-- Symlinking: /ws/src/nav2/install/nav_2d_utils/share/nav_2d_utils/local_setup.zsh
-- Symlinking: /ws/src/nav2/install/nav_2d_utils/share/nav_2d_utils/local_setup.dsv
-- Symlinking: /ws/src/nav2/install/nav_2d_utils/share/nav_2d_utils/package.dsv
-- Symlinking: /ws/src/nav2/install/nav_2d_utils/share/ament_index/resource_index/packages/nav_2d_utils
-- Symlinking: /ws/src/nav2/install/nav_2d_utils/share/nav_2d_utils/cmake/ament_cmake_export_include_directories-extras.cmake
-- Symlinking: /ws/src/nav2/install/nav_2d_utils/share/nav_2d_utils/cmake/ament_cmake_export_libraries-extras.cmake
-- Symlinking: /ws/src/nav2/install/nav_2d_utils/share/nav_2d_utils/cmake/ament_cmake_export_dependencies-extras.cmake
-- Symlinking: /ws/src/nav2/install/nav_2d_utils/share/nav_2d_utils/cmake/nav_2d_utilsConfig.cmake
-- Symlinking: /ws/src/nav2/install/nav_2d_utils/share/nav_2d_utils/cmake/nav_2d_utilsConfig-version.cmake
-- Symlinking: /ws/src/nav2/install/nav_2d_utils/share/nav_2d_utils/package.xml
