[0.022s] Invoking command in '/ws/src/nav2/build/nav_2d_msgs': CMAKE_PREFIX_PATH=/opt/ros/foxy /usr/bin/cmake --build /ws/src/nav2/build/nav_2d_msgs -- -j16 -l16
[0.073s] [  1%] Built target nav_2d_msgs__cpp
[0.074s] [ 12%] Built target nav_2d_msgs__rosidl_generator_c
[0.099s] [ 54%] Built target nav_2d_msgs__rosidl_typesupport_cpp
[0.099s] [ 54%] Built target nav_2d_msgs__rosidl_typesupport_introspection_c
[0.099s] [ 57%] Built target nav_2d_msgs__rosidl_typesupport_c
[0.099s] [ 57%] Built target nav_2d_msgs__rosidl_typesupport_introspection_cpp
[0.100s] [ 69%] Built target nav_2d_msgs__rosidl_typesupport_fastrtps_cpp
[0.131s] [ 80%] Built target nav_2d_msgs__rosidl_typesupport_fastrtps_c
[0.152s] [ 80%] Built target nav_2d_msgs
[0.171s] [ 81%] Built target nav_2d_msgs__py
[0.202s] [ 91%] Built target nav_2d_msgs__python
[0.228s] [100%] Built target nav_2d_msgs__rosidl_typesupport_fastrtps_c__pyext
[0.228s] [100%] Built target nav_2d_msgs__rosidl_typesupport_c__pyext
[0.229s] [100%] Built target nav_2d_msgs__rosidl_typesupport_introspection_c__pyext
[0.248s] Invoked command in '/ws/src/nav2/build/nav_2d_msgs' returned '0': CMAKE_PREFIX_PATH=/opt/ros/foxy /usr/bin/cmake --build /ws/src/nav2/build/nav_2d_msgs -- -j16 -l16
[0.334s] Invoking command in '/ws/src/nav2/build/nav_2d_msgs': CMAKE_PREFIX_PATH=/opt/ros/foxy /usr/bin/cmake --install /ws/src/nav2/build/nav_2d_msgs
[0.343s] -- Install configuration: ""
[0.343s] -- Execute custom install script
[0.343s] -- Up-to-date symlink: /ws/src/nav2/install/nav_2d_msgs/share/ament_index/resource_index/rosidl_interfaces/nav_2d_msgs
[0.345s] -- Up-to-date symlink: /ws/src/nav2/install/nav_2d_msgs/include/nav_2d_msgs/msg/detail/path2_d__functions.h
[0.346s] -- Up-to-date symlink: /ws/src/nav2/install/nav_2d_msgs/include/nav_2d_msgs/msg/detail/path2_d__struct.h
[0.346s] -- Up-to-date symlink: /ws/src/nav2/install/nav_2d_msgs/include/nav_2d_msgs/msg/detail/path2_d__type_support.h
[0.346s] -- Up-to-date symlink: /ws/src/nav2/install/nav_2d_msgs/include/nav_2d_msgs/msg/detail/pose2_d32__functions.h
[0.346s] -- Up-to-date symlink: /ws/src/nav2/install/nav_2d_msgs/include/nav_2d_msgs/msg/detail/pose2_d32__struct.h
[0.346s] -- Up-to-date symlink: /ws/src/nav2/install/nav_2d_msgs/include/nav_2d_msgs/msg/detail/pose2_d32__type_support.h
[0.346s] -- Up-to-date symlink: /ws/src/nav2/install/nav_2d_msgs/include/nav_2d_msgs/msg/detail/pose2_d_stamped__functions.h
[0.347s] -- Up-to-date symlink: /ws/src/nav2/install/nav_2d_msgs/include/nav_2d_msgs/msg/detail/pose2_d_stamped__struct.h
[0.347s] -- Up-to-date symlink: /ws/src/nav2/install/nav_2d_msgs/include/nav_2d_msgs/msg/detail/pose2_d_stamped__type_support.h
[0.347s] -- Up-to-date symlink: /ws/src/nav2/install/nav_2d_msgs/include/nav_2d_msgs/msg/detail/twist2_d32__functions.h
[0.347s] -- Up-to-date symlink: /ws/src/nav2/install/nav_2d_msgs/include/nav_2d_msgs/msg/detail/twist2_d32__struct.h
[0.347s] -- Up-to-date symlink: /ws/src/nav2/install/nav_2d_msgs/include/nav_2d_msgs/msg/detail/twist2_d32__type_support.h
[0.348s] -- Up-to-date symlink: /ws/src/nav2/install/nav_2d_msgs/include/nav_2d_msgs/msg/detail/twist2_d__functions.h
[0.348s] -- Up-to-date symlink: /ws/src/nav2/install/nav_2d_msgs/include/nav_2d_msgs/msg/detail/twist2_d__struct.h
[0.348s] -- Up-to-date symlink: /ws/src/nav2/install/nav_2d_msgs/include/nav_2d_msgs/msg/detail/twist2_d__type_support.h
[0.350s] -- Up-to-date symlink: /ws/src/nav2/install/nav_2d_msgs/include/nav_2d_msgs/msg/detail/twist2_d_stamped__functions.h
[0.350s] -- Up-to-date symlink: /ws/src/nav2/install/nav_2d_msgs/include/nav_2d_msgs/msg/detail/twist2_d_stamped__struct.h
[0.350s] -- Up-to-date symlink: /ws/src/nav2/install/nav_2d_msgs/include/nav_2d_msgs/msg/detail/twist2_d_stamped__type_support.h
[0.350s] -- Up-to-date symlink: /ws/src/nav2/install/nav_2d_msgs/include/nav_2d_msgs/msg/path2_d.h
[0.350s] -- Up-to-date symlink: /ws/src/nav2/install/nav_2d_msgs/include/nav_2d_msgs/msg/pose2_d32.h
[0.350s] -- Up-to-date symlink: /ws/src/nav2/install/nav_2d_msgs/include/nav_2d_msgs/msg/pose2_d_stamped.h
[0.351s] -- Up-to-date symlink: /ws/src/nav2/install/nav_2d_msgs/include/nav_2d_msgs/msg/rosidl_generator_c__visibility_control.h
[0.351s] -- Up-to-date symlink: /ws/src/nav2/install/nav_2d_msgs/include/nav_2d_msgs/msg/twist2_d.h
[0.351s] -- Up-to-date symlink: /ws/src/nav2/install/nav_2d_msgs/include/nav_2d_msgs/msg/twist2_d32.h
[0.351s] -- Up-to-date symlink: /ws/src/nav2/install/nav_2d_msgs/include/nav_2d_msgs/msg/twist2_d_stamped.h
[0.351s] -- Up-to-date symlink: /ws/src/nav2/install/nav_2d_msgs/share/nav_2d_msgs/environment/library_path.sh
[0.351s] -- Up-to-date symlink: /ws/src/nav2/install/nav_2d_msgs/share/nav_2d_msgs/environment/library_path.dsv
[0.351s] -- Up-to-date symlink: /ws/src/nav2/install/nav_2d_msgs/include/nav_2d_msgs/msg/detail/path2_d__rosidl_typesupport_fastrtps_c.h
[0.351s] -- Up-to-date symlink: /ws/src/nav2/install/nav_2d_msgs/include/nav_2d_msgs/msg/detail/pose2_d32__rosidl_typesupport_fastrtps_c.h
[0.351s] -- Up-to-date symlink: /ws/src/nav2/install/nav_2d_msgs/include/nav_2d_msgs/msg/detail/pose2_d_stamped__rosidl_typesupport_fastrtps_c.h
[0.351s] -- Up-to-date symlink: /ws/src/nav2/install/nav_2d_msgs/include/nav_2d_msgs/msg/detail/twist2_d32__rosidl_typesupport_fastrtps_c.h
[0.351s] -- Up-to-date symlink: /ws/src/nav2/install/nav_2d_msgs/include/nav_2d_msgs/msg/detail/twist2_d__rosidl_typesupport_fastrtps_c.h
[0.352s] -- Up-to-date symlink: /ws/src/nav2/install/nav_2d_msgs/include/nav_2d_msgs/msg/detail/twist2_d_stamped__rosidl_typesupport_fastrtps_c.h
[0.352s] -- Up-to-date symlink: /ws/src/nav2/install/nav_2d_msgs/include/nav_2d_msgs/msg/rosidl_typesupport_fastrtps_c__visibility_control.h
[0.352s] -- Up-to-date symlink: /ws/src/nav2/install/nav_2d_msgs/lib/libnav_2d_msgs__rosidl_typesupport_fastrtps_c.so
[0.352s] -- Up-to-date symlink: /ws/src/nav2/install/nav_2d_msgs/include/nav_2d_msgs/msg/detail/path2_d__rosidl_typesupport_fastrtps_cpp.hpp
[0.352s] -- Up-to-date symlink: /ws/src/nav2/install/nav_2d_msgs/include/nav_2d_msgs/msg/detail/pose2_d32__rosidl_typesupport_fastrtps_cpp.hpp
[0.352s] -- Up-to-date symlink: /ws/src/nav2/install/nav_2d_msgs/include/nav_2d_msgs/msg/detail/pose2_d_stamped__rosidl_typesupport_fastrtps_cpp.hpp
[0.352s] -- Up-to-date symlink: /ws/src/nav2/install/nav_2d_msgs/include/nav_2d_msgs/msg/detail/twist2_d32__rosidl_typesupport_fastrtps_cpp.hpp
[0.352s] -- Up-to-date symlink: /ws/src/nav2/install/nav_2d_msgs/include/nav_2d_msgs/msg/detail/twist2_d__rosidl_typesupport_fastrtps_cpp.hpp
[0.352s] -- Up-to-date symlink: /ws/src/nav2/install/nav_2d_msgs/include/nav_2d_msgs/msg/detail/twist2_d_stamped__rosidl_typesupport_fastrtps_cpp.hpp
[0.352s] -- Up-to-date symlink: /ws/src/nav2/install/nav_2d_msgs/include/nav_2d_msgs/msg/rosidl_typesupport_fastrtps_cpp__visibility_control.h
[0.352s] -- Up-to-date symlink: /ws/src/nav2/install/nav_2d_msgs/lib/libnav_2d_msgs__rosidl_typesupport_fastrtps_cpp.so
[0.352s] -- Up-to-date symlink: /ws/src/nav2/install/nav_2d_msgs/include/nav_2d_msgs/msg/detail/path2_d__rosidl_typesupport_introspection_c.h
[0.353s] -- Up-to-date symlink: /ws/src/nav2/install/nav_2d_msgs/include/nav_2d_msgs/msg/detail/pose2_d32__rosidl_typesupport_introspection_c.h
[0.353s] -- Up-to-date symlink: /ws/src/nav2/install/nav_2d_msgs/include/nav_2d_msgs/msg/detail/pose2_d_stamped__rosidl_typesupport_introspection_c.h
[0.353s] -- Up-to-date symlink: /ws/src/nav2/install/nav_2d_msgs/include/nav_2d_msgs/msg/detail/twist2_d32__rosidl_typesupport_introspection_c.h
[0.353s] -- Up-to-date symlink: /ws/src/nav2/install/nav_2d_msgs/include/nav_2d_msgs/msg/detail/twist2_d__rosidl_typesupport_introspection_c.h
[0.353s] -- Up-to-date symlink: /ws/src/nav2/install/nav_2d_msgs/include/nav_2d_msgs/msg/detail/twist2_d_stamped__rosidl_typesupport_introspection_c.h
[0.353s] -- Up-to-date symlink: /ws/src/nav2/install/nav_2d_msgs/include/nav_2d_msgs/msg/rosidl_typesupport_introspection_c__visibility_control.h
[0.353s] -- Up-to-date symlink: /ws/src/nav2/install/nav_2d_msgs/include/nav_2d_msgs/msg/detail/path2_d__builder.hpp
[0.353s] -- Up-to-date symlink: /ws/src/nav2/install/nav_2d_msgs/include/nav_2d_msgs/msg/detail/path2_d__struct.hpp
[0.354s] -- Up-to-date symlink: /ws/src/nav2/install/nav_2d_msgs/include/nav_2d_msgs/msg/detail/path2_d__traits.hpp
[0.354s] -- Up-to-date symlink: /ws/src/nav2/install/nav_2d_msgs/include/nav_2d_msgs/msg/detail/path2_d__type_support.hpp
[0.354s] -- Up-to-date symlink: /ws/src/nav2/install/nav_2d_msgs/include/nav_2d_msgs/msg/detail/pose2_d32__builder.hpp
[0.354s] -- Up-to-date symlink: /ws/src/nav2/install/nav_2d_msgs/include/nav_2d_msgs/msg/detail/pose2_d32__struct.hpp
[0.354s] -- Up-to-date symlink: /ws/src/nav2/install/nav_2d_msgs/include/nav_2d_msgs/msg/detail/pose2_d32__traits.hpp
[0.354s] -- Up-to-date symlink: /ws/src/nav2/install/nav_2d_msgs/include/nav_2d_msgs/msg/detail/pose2_d32__type_support.hpp
[0.354s] -- Up-to-date symlink: /ws/src/nav2/install/nav_2d_msgs/include/nav_2d_msgs/msg/detail/pose2_d_stamped__builder.hpp
[0.354s] -- Up-to-date symlink: /ws/src/nav2/install/nav_2d_msgs/include/nav_2d_msgs/msg/detail/pose2_d_stamped__struct.hpp
[0.354s] -- Up-to-date symlink: /ws/src/nav2/install/nav_2d_msgs/include/nav_2d_msgs/msg/detail/pose2_d_stamped__traits.hpp
[0.354s] -- Up-to-date symlink: /ws/src/nav2/install/nav_2d_msgs/include/nav_2d_msgs/msg/detail/pose2_d_stamped__type_support.hpp
[0.355s] -- Up-to-date symlink: /ws/src/nav2/install/nav_2d_msgs/include/nav_2d_msgs/msg/detail/twist2_d32__builder.hpp
[0.355s] -- Up-to-date symlink: /ws/src/nav2/install/nav_2d_msgs/include/nav_2d_msgs/msg/detail/twist2_d32__struct.hpp
[0.355s] -- Up-to-date symlink: /ws/src/nav2/install/nav_2d_msgs/include/nav_2d_msgs/msg/detail/twist2_d32__traits.hpp
[0.355s] -- Up-to-date symlink: /ws/src/nav2/install/nav_2d_msgs/include/nav_2d_msgs/msg/detail/twist2_d32__type_support.hpp
[0.355s] -- Up-to-date symlink: /ws/src/nav2/install/nav_2d_msgs/include/nav_2d_msgs/msg/detail/twist2_d__builder.hpp
[0.355s] -- Up-to-date symlink: /ws/src/nav2/install/nav_2d_msgs/include/nav_2d_msgs/msg/detail/twist2_d__struct.hpp
[0.355s] -- Up-to-date symlink: /ws/src/nav2/install/nav_2d_msgs/include/nav_2d_msgs/msg/detail/twist2_d__traits.hpp
[0.355s] -- Up-to-date symlink: /ws/src/nav2/install/nav_2d_msgs/include/nav_2d_msgs/msg/detail/twist2_d__type_support.hpp
[0.355s] -- Up-to-date symlink: /ws/src/nav2/install/nav_2d_msgs/include/nav_2d_msgs/msg/detail/twist2_d_stamped__builder.hpp
[0.356s] -- Up-to-date symlink: /ws/src/nav2/install/nav_2d_msgs/include/nav_2d_msgs/msg/detail/twist2_d_stamped__struct.hpp
[0.356s] -- Up-to-date symlink: /ws/src/nav2/install/nav_2d_msgs/include/nav_2d_msgs/msg/detail/twist2_d_stamped__traits.hpp
[0.356s] -- Up-to-date symlink: /ws/src/nav2/install/nav_2d_msgs/include/nav_2d_msgs/msg/detail/twist2_d_stamped__type_support.hpp
[0.356s] -- Up-to-date symlink: /ws/src/nav2/install/nav_2d_msgs/include/nav_2d_msgs/msg/path2_d.hpp
[0.356s] -- Up-to-date symlink: /ws/src/nav2/install/nav_2d_msgs/include/nav_2d_msgs/msg/pose2_d32.hpp
[0.356s] -- Up-to-date symlink: /ws/src/nav2/install/nav_2d_msgs/include/nav_2d_msgs/msg/pose2_d_stamped.hpp
[0.356s] -- Up-to-date symlink: /ws/src/nav2/install/nav_2d_msgs/include/nav_2d_msgs/msg/rosidl_generator_cpp__visibility_control.hpp
[0.356s] -- Up-to-date symlink: /ws/src/nav2/install/nav_2d_msgs/include/nav_2d_msgs/msg/twist2_d.hpp
[0.358s] -- Up-to-date symlink: /ws/src/nav2/install/nav_2d_msgs/include/nav_2d_msgs/msg/twist2_d32.hpp
[0.359s] -- Up-to-date symlink: /ws/src/nav2/install/nav_2d_msgs/include/nav_2d_msgs/msg/twist2_d_stamped.hpp
[0.359s] -- Up-to-date symlink: /ws/src/nav2/install/nav_2d_msgs/include/nav_2d_msgs/msg/detail/path2_d__rosidl_typesupport_introspection_cpp.hpp
[0.359s] -- Up-to-date symlink: /ws/src/nav2/install/nav_2d_msgs/include/nav_2d_msgs/msg/detail/pose2_d32__rosidl_typesupport_introspection_cpp.hpp
[0.359s] -- Up-to-date symlink: /ws/src/nav2/install/nav_2d_msgs/include/nav_2d_msgs/msg/detail/pose2_d_stamped__rosidl_typesupport_introspection_cpp.hpp
[0.359s] -- Up-to-date symlink: /ws/src/nav2/install/nav_2d_msgs/include/nav_2d_msgs/msg/detail/twist2_d32__rosidl_typesupport_introspection_cpp.hpp
[0.359s] -- Up-to-date symlink: /ws/src/nav2/install/nav_2d_msgs/include/nav_2d_msgs/msg/detail/twist2_d__rosidl_typesupport_introspection_cpp.hpp
[0.359s] -- Up-to-date symlink: /ws/src/nav2/install/nav_2d_msgs/include/nav_2d_msgs/msg/detail/twist2_d_stamped__rosidl_typesupport_introspection_cpp.hpp
[0.359s] -- Up-to-date symlink: /ws/src/nav2/install/nav_2d_msgs/share/nav_2d_msgs/environment/pythonpath.sh
[0.360s] -- Up-to-date symlink: /ws/src/nav2/install/nav_2d_msgs/share/nav_2d_msgs/environment/pythonpath.dsv
[0.360s] -- Up-to-date symlink: /ws/src/nav2/install/nav_2d_msgs/lib/python3.8/site-packages/nav_2d_msgs/__init__.py
[0.360s] -- Up-to-date symlink: /ws/src/nav2/install/nav_2d_msgs/lib/python3.8/site-packages/nav_2d_msgs/msg/__init__.py
[0.360s] -- Up-to-date symlink: /ws/src/nav2/install/nav_2d_msgs/lib/python3.8/site-packages/nav_2d_msgs/msg/_path2_d.py
[0.360s] -- Up-to-date symlink: /ws/src/nav2/install/nav_2d_msgs/lib/python3.8/site-packages/nav_2d_msgs/msg/_pose2_d32.py
[0.360s] -- Up-to-date symlink: /ws/src/nav2/install/nav_2d_msgs/lib/python3.8/site-packages/nav_2d_msgs/msg/_pose2_d_stamped.py
[0.360s] -- Up-to-date symlink: /ws/src/nav2/install/nav_2d_msgs/lib/python3.8/site-packages/nav_2d_msgs/msg/_twist2_d.py
[0.360s] -- Up-to-date symlink: /ws/src/nav2/install/nav_2d_msgs/lib/python3.8/site-packages/nav_2d_msgs/msg/_twist2_d32.py
[0.360s] -- Up-to-date symlink: /ws/src/nav2/install/nav_2d_msgs/lib/python3.8/site-packages/nav_2d_msgs/msg/_twist2_d_stamped.py
[0.360s] -- Up-to-date symlink: /ws/src/nav2/install/nav_2d_msgs/lib/python3.8/site-packages/nav_2d_msgs/nav_2d_msgs_s__rosidl_typesupport_fastrtps_c.cpython-38-x86_64-linux-gnu.so
[0.360s] -- Up-to-date symlink: /ws/src/nav2/install/nav_2d_msgs/lib/python3.8/site-packages/nav_2d_msgs/nav_2d_msgs_s__rosidl_typesupport_introspection_c.cpython-38-x86_64-linux-gnu.so
[0.361s] -- Up-to-date symlink: /ws/src/nav2/install/nav_2d_msgs/lib/python3.8/site-packages/nav_2d_msgs/nav_2d_msgs_s__rosidl_typesupport_c.cpython-38-x86_64-linux-gnu.so
[0.361s] -- Up-to-date symlink: /ws/src/nav2/install/nav_2d_msgs/lib/libnav_2d_msgs__python.so
[0.361s] -- Up-to-date symlink: /ws/src/nav2/install/nav_2d_msgs/share/nav_2d_msgs/msg/Path2D.idl
[0.361s] -- Up-to-date symlink: /ws/src/nav2/install/nav_2d_msgs/share/nav_2d_msgs/msg/Pose2D32.idl
[0.361s] -- Up-to-date symlink: /ws/src/nav2/install/nav_2d_msgs/share/nav_2d_msgs/msg/Pose2DStamped.idl
[0.361s] -- Up-to-date symlink: /ws/src/nav2/install/nav_2d_msgs/share/nav_2d_msgs/msg/Twist2D.idl
[0.362s] -- Up-to-date symlink: /ws/src/nav2/install/nav_2d_msgs/share/nav_2d_msgs/msg/Twist2D32.idl
[0.362s] -- Up-to-date symlink: /ws/src/nav2/install/nav_2d_msgs/share/nav_2d_msgs/msg/Twist2DStamped.idl
[0.362s] -- Up-to-date symlink: /ws/src/nav2/install/nav_2d_msgs/share/nav_2d_msgs/msg/Path2D.msg
[0.362s] -- Up-to-date symlink: /ws/src/nav2/install/nav_2d_msgs/share/nav_2d_msgs/msg/Pose2D32.msg
[0.362s] -- Up-to-date symlink: /ws/src/nav2/install/nav_2d_msgs/share/nav_2d_msgs/msg/Pose2DStamped.msg
[0.362s] -- Up-to-date symlink: /ws/src/nav2/install/nav_2d_msgs/share/nav_2d_msgs/msg/Twist2D.msg
[0.363s] -- Up-to-date symlink: /ws/src/nav2/install/nav_2d_msgs/share/nav_2d_msgs/msg/Twist2D32.msg
[0.363s] -- Up-to-date symlink: /ws/src/nav2/install/nav_2d_msgs/share/nav_2d_msgs/msg/Twist2DStamped.msg
[0.363s] -- Up-to-date symlink: /ws/src/nav2/install/nav_2d_msgs/share/ament_index/resource_index/package_run_dependencies/nav_2d_msgs
[0.363s] -- Up-to-date symlink: /ws/src/nav2/install/nav_2d_msgs/share/ament_index/resource_index/parent_prefix_path/nav_2d_msgs
[0.363s] -- Up-to-date symlink: /ws/src/nav2/install/nav_2d_msgs/share/nav_2d_msgs/environment/ament_prefix_path.sh
[0.363s] -- Up-to-date symlink: /ws/src/nav2/install/nav_2d_msgs/share/nav_2d_msgs/environment/ament_prefix_path.dsv
[0.364s] -- Up-to-date symlink: /ws/src/nav2/install/nav_2d_msgs/share/nav_2d_msgs/environment/path.sh
[0.364s] -- Up-to-date symlink: /ws/src/nav2/install/nav_2d_msgs/share/nav_2d_msgs/environment/path.dsv
[0.364s] -- Up-to-date symlink: /ws/src/nav2/install/nav_2d_msgs/share/nav_2d_msgs/local_setup.bash
[0.364s] -- Up-to-date symlink: /ws/src/nav2/install/nav_2d_msgs/share/nav_2d_msgs/local_setup.sh
[0.364s] -- Up-to-date symlink: /ws/src/nav2/install/nav_2d_msgs/share/nav_2d_msgs/local_setup.zsh
[0.364s] -- Up-to-date symlink: /ws/src/nav2/install/nav_2d_msgs/share/nav_2d_msgs/local_setup.dsv
[0.365s] -- Symlinking: /ws/src/nav2/install/nav_2d_msgs/share/nav_2d_msgs/package.dsv
[0.376s] -- Up-to-date symlink: /ws/src/nav2/install/nav_2d_msgs/share/ament_index/resource_index/packages/nav_2d_msgs
[0.378s] -- Up-to-date symlink: /ws/src/nav2/install/nav_2d_msgs/share/nav_2d_msgs/cmake/rosidl_cmake-extras.cmake
[0.378s] -- Up-to-date symlink: /ws/src/nav2/install/nav_2d_msgs/share/nav_2d_msgs/cmake/ament_cmake_export_dependencies-extras.cmake
[0.379s] -- Up-to-date symlink: /ws/src/nav2/install/nav_2d_msgs/share/nav_2d_msgs/cmake/ament_cmake_export_libraries-extras.cmake
[0.379s] -- Up-to-date symlink: /ws/src/nav2/install/nav_2d_msgs/share/nav_2d_msgs/cmake/ament_cmake_export_targets-extras.cmake
[0.379s] -- Up-to-date symlink: /ws/src/nav2/install/nav_2d_msgs/share/nav_2d_msgs/cmake/ament_cmake_export_include_directories-extras.cmake
[0.379s] -- Up-to-date symlink: /ws/src/nav2/install/nav_2d_msgs/share/nav_2d_msgs/cmake/rosidl_cmake_export_typesupport_libraries-extras.cmake
[0.379s] -- Up-to-date symlink: /ws/src/nav2/install/nav_2d_msgs/share/nav_2d_msgs/cmake/rosidl_cmake_export_typesupport_targets-extras.cmake
[0.379s] -- Up-to-date symlink: /ws/src/nav2/install/nav_2d_msgs/share/nav_2d_msgs/cmake/nav_2d_msgsConfig.cmake
[0.379s] -- Up-to-date symlink: /ws/src/nav2/install/nav_2d_msgs/share/nav_2d_msgs/cmake/nav_2d_msgsConfig-version.cmake
[0.380s] -- Up-to-date symlink: /ws/src/nav2/install/nav_2d_msgs/share/nav_2d_msgs/package.xml
[0.380s] -- Up-to-date: /ws/src/nav2/install/nav_2d_msgs/lib/libnav_2d_msgs__rosidl_generator_c.so
[0.380s] -- Up-to-date: /ws/src/nav2/install/nav_2d_msgs/lib/libnav_2d_msgs__rosidl_typesupport_introspection_c.so
[0.380s] -- Up-to-date: /ws/src/nav2/install/nav_2d_msgs/lib/libnav_2d_msgs__rosidl_typesupport_c.so
[0.380s] -- Up-to-date: /ws/src/nav2/install/nav_2d_msgs/lib/libnav_2d_msgs__rosidl_typesupport_introspection_cpp.so
[0.380s] -- Up-to-date: /ws/src/nav2/install/nav_2d_msgs/lib/libnav_2d_msgs__rosidl_typesupport_cpp.so
[0.411s] -- Up-to-date: /ws/src/nav2/install/nav_2d_msgs/share/nav_2d_msgs/cmake/nav_2d_msgs__rosidl_generator_cExport.cmake
[0.411s] -- Up-to-date: /ws/src/nav2/install/nav_2d_msgs/share/nav_2d_msgs/cmake/nav_2d_msgs__rosidl_generator_cExport-noconfig.cmake
[0.412s] -- Up-to-date: /ws/src/nav2/install/nav_2d_msgs/share/nav_2d_msgs/cmake/nav_2d_msgs__rosidl_typesupport_introspection_cExport.cmake
[0.412s] -- Up-to-date: /ws/src/nav2/install/nav_2d_msgs/share/nav_2d_msgs/cmake/nav_2d_msgs__rosidl_typesupport_introspection_cExport-noconfig.cmake
[0.412s] -- Up-to-date: /ws/src/nav2/install/nav_2d_msgs/share/nav_2d_msgs/cmake/nav_2d_msgs__rosidl_typesupport_cExport.cmake
[0.412s] -- Up-to-date: /ws/src/nav2/install/nav_2d_msgs/share/nav_2d_msgs/cmake/nav_2d_msgs__rosidl_typesupport_cExport-noconfig.cmake
[0.412s] -- Up-to-date: /ws/src/nav2/install/nav_2d_msgs/share/nav_2d_msgs/cmake/nav_2d_msgs__rosidl_generator_cppExport.cmake
[0.412s] -- Up-to-date: /ws/src/nav2/install/nav_2d_msgs/share/nav_2d_msgs/cmake/nav_2d_msgs__rosidl_typesupport_introspection_cppExport.cmake
[0.412s] -- Up-to-date: /ws/src/nav2/install/nav_2d_msgs/share/nav_2d_msgs/cmake/nav_2d_msgs__rosidl_typesupport_introspection_cppExport-noconfig.cmake
[0.413s] -- Up-to-date: /ws/src/nav2/install/nav_2d_msgs/share/nav_2d_msgs/cmake/nav_2d_msgs__rosidl_typesupport_cppExport.cmake
[0.413s] -- Up-to-date: /ws/src/nav2/install/nav_2d_msgs/share/nav_2d_msgs/cmake/nav_2d_msgs__rosidl_typesupport_cppExport-noconfig.cmake
[0.418s] Invoked command in '/ws/src/nav2/build/nav_2d_msgs' returned '0': CMAKE_PREFIX_PATH=/opt/ros/foxy /usr/bin/cmake --install /ws/src/nav2/build/nav_2d_msgs
