[0.295s] Invoking command in '/ws/src/nav2/build/smac_planner': AMENT_PREFIX_PATH=/ws/src/nav2/install/nav2_core:/ws/src/nav2/install/nav2_costmap_2d:/ws/src/nav2/install/nav2_util:/ws/src/nav2/install/nav2_voxel_grid:/ws/src/nav2/install/nav2_msgs:/ws/src/nav2/install/nav2_common:${AMENT_PREFIX_PATH} CMAKE_PREFIX_PATH=/ws/src/nav2/install/nav2_core:/ws/src/nav2/install/nav2_costmap_2d:/ws/src/nav2/install/nav2_util:/ws/src/nav2/install/nav2_voxel_grid:/ws/src/nav2/install/nav2_msgs:/ws/src/nav2/install/nav2_common:/opt/ros/foxy LD_LIBRARY_PATH=/ws/src/nav2/install/nav2_costmap_2d/lib:/ws/src/nav2/install/nav2_util/lib:/ws/src/nav2/install/nav2_voxel_grid/lib:/ws/src/nav2/install/nav2_msgs/lib:${LD_LIBRARY_PATH} PYTHONPATH=/ws/src/nav2/install/nav2_msgs/lib/python3.8/site-packages:/ws/src/nav2/install/nav2_common/lib/python3.8/site-packages:${PYTHONPATH} /usr/bin/cmake /ws/src/nav2/smac_planner -DAMENT_CMAKE_SYMLINK_INSTALL=1 -DCMAKE_INSTALL_PREFIX=/ws/src/nav2/install/smac_planner
[0.369s] -- Found ament_cmake: 0.9.12 (/opt/ros/foxy/share/ament_cmake/cmake)
[0.440s] -- Using PYTHON_EXECUTABLE: /usr/bin/python3
[1.529s] -- Override CMake install command with custom implementation using symlinks instead of copying resources
[1.549s] -- Found nav2_common: 0.4.7 (/ws/src/nav2/install/nav2_common/share/nav2_common/cmake)
[1.561s] -- Found rclcpp: 2.4.3 (/opt/ros/foxy/share/rclcpp/cmake)
[1.814s] -- Using all available rosidl_typesupport_c: rosidl_typesupport_fastrtps_c;rosidl_typesupport_introspection_c
[1.864s] -- Found rosidl_adapter: 1.3.1 (/opt/ros/foxy/share/rosidl_adapter/cmake)
[2.783s] -- Using all available rosidl_typesupport_cpp: rosidl_typesupport_fastrtps_cpp;rosidl_typesupport_introspection_cpp
[3.055s] -- Found rmw_implementation_cmake: 1.0.4 (/opt/ros/foxy/share/rmw_implementation_cmake/cmake)
[3.063s] -- Using RMW implementation 'rmw_fastrtps_cpp' as default
[3.826s] -- Found rclcpp_action: 2.4.3 (/opt/ros/foxy/share/rclcpp_action/cmake)
[4.002s] -- Found rclcpp_lifecycle: 2.4.3 (/opt/ros/foxy/share/rclcpp_lifecycle/cmake)
[4.073s] -- Found visualization_msgs: 2.0.5 (/opt/ros/foxy/share/visualization_msgs/cmake)
[4.635s] -- Found nav2_util: 0.4.7 (/ws/src/nav2/install/nav2_util/share/nav2_util/cmake)
[6.479s] -- Found eigen3_cmake_module: 0.1.1 (/opt/ros/foxy/share/eigen3_cmake_module/cmake)
[7.198s] -- Found nav2_core: 0.4.7 (/ws/src/nav2/install/nav2_core/share/nav2_core/cmake)
[11.140s] -- Found installed version of Eigen: /usr/lib/cmake/eigen3
[11.142s] -- Found required Ceres dependency: Eigen version 3.3.7 in /usr/include/eigen3
[11.149s] -- Found required Ceres dependency: glog
[11.154s] -- Found installed version of gflags: /usr/lib/x86_64-linux-gnu/cmake/gflags
[11.154s] -- Detected gflags version: 2.2.2
[11.156s] -- Found required Ceres dependency: gflags
[11.158s] -- Found Ceres version: 1.14.0 installed in: /usr with components: [EigenSparse, SparseLinearAlgebraLibrary, LAPACK, SuiteSparse, CXSparse, SchurSpecializations, OpenMP, Multithreading]
[11.172s] -- Found ompl: /opt/ros/foxy/include/ompl-1.5;/usr/include/eigen3  
[12.600s] -- Found OpenMP_C: -fopenmp (found version "4.5") 
[13.076s] -- Found OpenMP_CXX: -fopenmp (found version "4.5") 
[13.076s] -- Found OpenMP: TRUE (found version "4.5")  
[22.500s] -- Found ament_lint_auto: 0.9.8 (/opt/ros/foxy/share/ament_lint_auto/cmake)
[22.698s] -- Found ament_cmake_gtest: 0.9.12 (/opt/ros/foxy/share/ament_cmake_gtest/cmake)
[22.707s] -- Found gtest sources under '/opt/ros/foxy/src/gtest_vendor': C++ tests using 'Google Test' will be built
[22.710s] -- Check if compiler accepts -pthread
[22.833s] -- Check if compiler accepts -pthread - yes
[57.441s] -- Added test 'copyright' to check source files copyright and LICENSE
[57.455s] -- Added test 'cppcheck' to perform static code analysis on C / C++ code
[57.455s] -- Configured cppcheck include dirs: /ws/src/nav2/smac_planner/include
[57.456s] -- Configured cppcheck exclude dirs and/or files: 
[57.459s] -- Added test 'cpplint' to check C / C++ code against the Google style
[57.459s] -- Configured cpplint exclude dirs and/or files: 
[57.461s] -- Added test 'lint_cmake' to check CMake code style
[57.464s] -- Added test 'uncrustify' to check C / C++ code style
[57.464s] -- Configured uncrustify additional arguments: 
[57.465s] -- Added test 'xmllint' to check XML markup files
[57.478s] -- Configuring done
[58.487s] -- Generating done
[58.494s] -- Build files have been written to: /ws/src/nav2/build/smac_planner
[58.530s] Invoked command in '/ws/src/nav2/build/smac_planner' returned '0': AMENT_PREFIX_PATH=/ws/src/nav2/install/nav2_core:/ws/src/nav2/install/nav2_costmap_2d:/ws/src/nav2/install/nav2_util:/ws/src/nav2/install/nav2_voxel_grid:/ws/src/nav2/install/nav2_msgs:/ws/src/nav2/install/nav2_common:${AMENT_PREFIX_PATH} CMAKE_PREFIX_PATH=/ws/src/nav2/install/nav2_core:/ws/src/nav2/install/nav2_costmap_2d:/ws/src/nav2/install/nav2_util:/ws/src/nav2/install/nav2_voxel_grid:/ws/src/nav2/install/nav2_msgs:/ws/src/nav2/install/nav2_common:/opt/ros/foxy LD_LIBRARY_PATH=/ws/src/nav2/install/nav2_costmap_2d/lib:/ws/src/nav2/install/nav2_util/lib:/ws/src/nav2/install/nav2_voxel_grid/lib:/ws/src/nav2/install/nav2_msgs/lib:${LD_LIBRARY_PATH} PYTHONPATH=/ws/src/nav2/install/nav2_msgs/lib/python3.8/site-packages:/ws/src/nav2/install/nav2_common/lib/python3.8/site-packages:${PYTHONPATH} /usr/bin/cmake /ws/src/nav2/smac_planner -DAMENT_CMAKE_SYMLINK_INSTALL=1 -DCMAKE_INSTALL_PREFIX=/ws/src/nav2/install/smac_planner
[58.535s] Invoking command in '/ws/src/nav2/build/smac_planner': AMENT_PREFIX_PATH=/ws/src/nav2/install/nav2_core:/ws/src/nav2/install/nav2_costmap_2d:/ws/src/nav2/install/nav2_util:/ws/src/nav2/install/nav2_voxel_grid:/ws/src/nav2/install/nav2_msgs:/ws/src/nav2/install/nav2_common:${AMENT_PREFIX_PATH} CMAKE_PREFIX_PATH=/ws/src/nav2/install/nav2_core:/ws/src/nav2/install/nav2_costmap_2d:/ws/src/nav2/install/nav2_util:/ws/src/nav2/install/nav2_voxel_grid:/ws/src/nav2/install/nav2_msgs:/ws/src/nav2/install/nav2_common:/opt/ros/foxy LD_LIBRARY_PATH=/ws/src/nav2/install/nav2_costmap_2d/lib:/ws/src/nav2/install/nav2_util/lib:/ws/src/nav2/install/nav2_voxel_grid/lib:/ws/src/nav2/install/nav2_msgs/lib:${LD_LIBRARY_PATH} PYTHONPATH=/ws/src/nav2/install/nav2_msgs/lib/python3.8/site-packages:/ws/src/nav2/install/nav2_common/lib/python3.8/site-packages:${PYTHONPATH} /usr/bin/cmake --build /ws/src/nav2/build/smac_planner -- -j16 -l16
[58.621s] [35m[1mScanning dependencies of target gtest[0m
[58.622s] [35m[1mScanning dependencies of target smac_planner_2d[0m
[58.622s] [35m[1mScanning dependencies of target gtest_main[0m
[58.623s] [35m[1mScanning dependencies of target smac_planner[0m
[58.651s] [  2%] [32mBuilding CXX object gtest/CMakeFiles/gtest_main.dir/src/gtest_main.cc.o[0m
[58.656s] [  5%] [32mBuilding CXX object gtest/CMakeFiles/gtest.dir/src/gtest-all.cc.o[0m
[58.834s] [  8%] [32mBuilding CXX object CMakeFiles/smac_planner.dir/src/node_se2.cpp.o[0m
[58.846s] [ 11%] [32mBuilding CXX object CMakeFiles/smac_planner.dir/src/a_star.cpp.o[0m
[58.847s] [ 14%] [32mBuilding CXX object CMakeFiles/smac_planner_2d.dir/src/smac_planner_2d.cpp.o[0m
[58.848s] [ 17%] [32mBuilding CXX object CMakeFiles/smac_planner.dir/src/costmap_downsampler.cpp.o[0m
[58.864s] [ 20%] [32mBuilding CXX object CMakeFiles/smac_planner.dir/src/smac_planner.cpp.o[0m
[58.865s] [ 23%] [32mBuilding CXX object CMakeFiles/smac_planner.dir/src/node_2d.cpp.o[0m
[58.865s] [ 26%] [32mBuilding CXX object CMakeFiles/smac_planner_2d.dir/src/a_star.cpp.o[0m
[58.927s] [ 29%] [32mBuilding CXX object CMakeFiles/smac_planner_2d.dir/src/node_se2.cpp.o[0m
[58.952s] [ 32%] [32mBuilding CXX object CMakeFiles/smac_planner_2d.dir/src/costmap_downsampler.cpp.o[0m
[58.953s] [ 35%] [32mBuilding CXX object CMakeFiles/smac_planner_2d.dir/src/node_2d.cpp.o[0m
[61.133s] [ 38%] [32m[1mLinking CXX static library libgtest_main.a[0m
[61.345s] [ 38%] Built target gtest_main
[72.339s] [ 41%] [32m[1mLinking CXX static library libgtest.a[0m
[72.390s] [ 41%] Built target gtest
[73.494s] [ 44%] [32m[1mLinking CXX shared library libsmac_planner.so[0m
[74.075s] [ 47%] [32m[1mLinking CXX shared library libsmac_planner_2d.so[0m
[74.565s] [ 47%] Built target smac_planner
[74.579s] [35m[1mScanning dependencies of target test_a_star[0m
[74.579s] [35m[1mScanning dependencies of target test_costmap_downsampler[0m
[74.672s] [ 50%] [32mBuilding CXX object test/CMakeFiles/test_costmap_downsampler.dir/test_costmap_downsampler.cpp.o[0m
[74.673s] [ 52%] [32mBuilding CXX object test/CMakeFiles/test_a_star.dir/test_a_star.cpp.o[0m
[75.519s] [ 52%] Built target smac_planner_2d
[75.540s] [35m[1mScanning dependencies of target test_nodebasic[0m
[75.540s] [35m[1mScanning dependencies of target test_collision_checker[0m
[75.655s] [ 55%] [32mBuilding CXX object test/CMakeFiles/test_collision_checker.dir/test_collision_checker.cpp.o[0m
[75.689s] [ 58%] [32mBuilding CXX object test/CMakeFiles/test_nodebasic.dir/test_nodebasic.cpp.o[0m
[80.794s] [ 61%] [32m[1mLinking CXX executable test_collision_checker[0m
[80.946s] [ 64%] [32m[1mLinking CXX executable test_nodebasic[0m
[81.031s] [ 67%] [32m[1mLinking CXX executable test_a_star[0m
[81.090s] [ 70%] [32m[1mLinking CXX executable test_costmap_downsampler[0m
[81.471s] [ 70%] Built target test_nodebasic
[81.475s] [ 70%] Built target test_collision_checker
[81.490s] [35m[1mScanning dependencies of target test_smoother[0m
[81.490s] [35m[1mScanning dependencies of target test_smac_2d[0m
[81.496s] [35m[1mScanning dependencies of target test_smac_se2[0m
[81.629s] [ 73%] [32mBuilding CXX object test/CMakeFiles/test_smoother.dir/test_smoother.cpp.o[0m
[81.654s] [ 76%] [32mBuilding CXX object test/CMakeFiles/test_smac_2d.dir/test_smac_2d.cpp.o[0m
[81.660s] [ 79%] [32mBuilding CXX object test/CMakeFiles/test_smac_se2.dir/test_smac_se2.cpp.o[0m
[81.747s] [ 79%] Built target test_a_star
[81.765s] [35m[1mScanning dependencies of target test_nodese2[0m
[81.782s] [ 79%] Built target test_costmap_downsampler
[81.797s] [35m[1mScanning dependencies of target test_node2d[0m
[81.869s] [ 82%] [32mBuilding CXX object test/CMakeFiles/test_nodese2.dir/test_nodese2.cpp.o[0m
[81.878s] [ 85%] [32mBuilding CXX object test/CMakeFiles/test_node2d.dir/test_node2d.cpp.o[0m
[88.283s] [ 88%] [32m[1mLinking CXX executable test_node2d[0m
[89.034s] [ 88%] Built target test_node2d
[89.408s] [ 91%] [32m[1mLinking CXX executable test_nodese2[0m
[89.911s] [ 91%] Built target test_nodese2
[91.091s] [ 94%] [32m[1mLinking CXX executable test_smoother[0m
[91.339s] [ 97%] [32m[1mLinking CXX executable test_smac_2d[0m
[91.480s] [100%] [32m[1mLinking CXX executable test_smac_se2[0m
[91.585s] [100%] Built target test_smoother
[91.821s] [100%] Built target test_smac_2d
[91.919s] [100%] Built target test_smac_se2
[91.931s] Invoked command in '/ws/src/nav2/build/smac_planner' returned '0': AMENT_PREFIX_PATH=/ws/src/nav2/install/nav2_core:/ws/src/nav2/install/nav2_costmap_2d:/ws/src/nav2/install/nav2_util:/ws/src/nav2/install/nav2_voxel_grid:/ws/src/nav2/install/nav2_msgs:/ws/src/nav2/install/nav2_common:${AMENT_PREFIX_PATH} CMAKE_PREFIX_PATH=/ws/src/nav2/install/nav2_core:/ws/src/nav2/install/nav2_costmap_2d:/ws/src/nav2/install/nav2_util:/ws/src/nav2/install/nav2_voxel_grid:/ws/src/nav2/install/nav2_msgs:/ws/src/nav2/install/nav2_common:/opt/ros/foxy LD_LIBRARY_PATH=/ws/src/nav2/install/nav2_costmap_2d/lib:/ws/src/nav2/install/nav2_util/lib:/ws/src/nav2/install/nav2_voxel_grid/lib:/ws/src/nav2/install/nav2_msgs/lib:${LD_LIBRARY_PATH} PYTHONPATH=/ws/src/nav2/install/nav2_msgs/lib/python3.8/site-packages:/ws/src/nav2/install/nav2_common/lib/python3.8/site-packages:${PYTHONPATH} /usr/bin/cmake --build /ws/src/nav2/build/smac_planner -- -j16 -l16
[91.967s] Invoking command in '/ws/src/nav2/build/smac_planner': AMENT_PREFIX_PATH=/ws/src/nav2/install/nav2_core:/ws/src/nav2/install/nav2_costmap_2d:/ws/src/nav2/install/nav2_util:/ws/src/nav2/install/nav2_voxel_grid:/ws/src/nav2/install/nav2_msgs:/ws/src/nav2/install/nav2_common:${AMENT_PREFIX_PATH} CMAKE_PREFIX_PATH=/ws/src/nav2/install/nav2_core:/ws/src/nav2/install/nav2_costmap_2d:/ws/src/nav2/install/nav2_util:/ws/src/nav2/install/nav2_voxel_grid:/ws/src/nav2/install/nav2_msgs:/ws/src/nav2/install/nav2_common:/opt/ros/foxy LD_LIBRARY_PATH=/ws/src/nav2/install/nav2_costmap_2d/lib:/ws/src/nav2/install/nav2_util/lib:/ws/src/nav2/install/nav2_voxel_grid/lib:/ws/src/nav2/install/nav2_msgs/lib:${LD_LIBRARY_PATH} PYTHONPATH=/ws/src/nav2/install/nav2_msgs/lib/python3.8/site-packages:/ws/src/nav2/install/nav2_common/lib/python3.8/site-packages:${PYTHONPATH} /usr/bin/cmake --install /ws/src/nav2/build/smac_planner
[91.976s] -- Install configuration: "Release"
[91.977s] -- Execute custom install script
[91.977s] -- Symlinking: /ws/src/nav2/install/smac_planner/share/smac_planner//smac_plugin.xml
[91.988s] -- Symlinking: /ws/src/nav2/install/smac_planner/share/smac_planner//smac_plugin_2d.xml
[91.997s] -- Symlinking: /ws/src/nav2/install/smac_planner/lib/libsmac_planner.so
[92.005s] -- Symlinking: /ws/src/nav2/install/smac_planner/lib/libsmac_planner_2d.so
[92.016s] -- Symlinking: /ws/src/nav2/install/smac_planner/include//smac_planner/a_star.hpp
[92.026s] -- Symlinking: /ws/src/nav2/install/smac_planner/include//smac_planner/collision_checker.hpp
[92.035s] -- Symlinking: /ws/src/nav2/install/smac_planner/include//smac_planner/constants.hpp
[92.046s] -- Symlinking: /ws/src/nav2/install/smac_planner/include//smac_planner/costmap_downsampler.hpp
[92.056s] -- Symlinking: /ws/src/nav2/install/smac_planner/include//smac_planner/node_2d.hpp
[92.067s] -- Symlinking: /ws/src/nav2/install/smac_planner/include//smac_planner/node_basic.hpp
[92.077s] -- Symlinking: /ws/src/nav2/install/smac_planner/include//smac_planner/node_se2.hpp
[92.087s] -- Symlinking: /ws/src/nav2/install/smac_planner/include//smac_planner/options.hpp
[92.098s] -- Symlinking: /ws/src/nav2/install/smac_planner/include//smac_planner/smac_planner.hpp
[92.108s] -- Symlinking: /ws/src/nav2/install/smac_planner/include//smac_planner/smac_planner_2d.hpp
[92.119s] -- Symlinking: /ws/src/nav2/install/smac_planner/include//smac_planner/smoother.hpp
[92.128s] -- Symlinking: /ws/src/nav2/install/smac_planner/include//smac_planner/smoother_cost_function.hpp
[92.138s] -- Symlinking: /ws/src/nav2/install/smac_planner/include//smac_planner/types.hpp
[92.147s] -- Symlinking: /ws/src/nav2/install/smac_planner/share/smac_planner/environment/library_path.sh
[92.158s] -- Symlinking: /ws/src/nav2/install/smac_planner/share/smac_planner/environment/library_path.dsv
[92.168s] -- Symlinking: /ws/src/nav2/install/smac_planner/share/ament_index/resource_index/package_run_dependencies/smac_planner
[92.179s] -- Symlinking: /ws/src/nav2/install/smac_planner/share/ament_index/resource_index/parent_prefix_path/smac_planner
[92.190s] -- Symlinking: /ws/src/nav2/install/smac_planner/share/smac_planner/environment/ament_prefix_path.sh
[92.199s] -- Symlinking: /ws/src/nav2/install/smac_planner/share/smac_planner/environment/ament_prefix_path.dsv
[92.209s] -- Symlinking: /ws/src/nav2/install/smac_planner/share/smac_planner/environment/path.sh
[92.218s] -- Symlinking: /ws/src/nav2/install/smac_planner/share/smac_planner/environment/path.dsv
[92.227s] -- Symlinking: /ws/src/nav2/install/smac_planner/share/smac_planner/local_setup.bash
[92.236s] -- Symlinking: /ws/src/nav2/install/smac_planner/share/smac_planner/local_setup.sh
[92.244s] -- Symlinking: /ws/src/nav2/install/smac_planner/share/smac_planner/local_setup.zsh
[92.254s] -- Symlinking: /ws/src/nav2/install/smac_planner/share/smac_planner/local_setup.dsv
[92.264s] -- Symlinking: /ws/src/nav2/install/smac_planner/share/smac_planner/package.dsv
[92.274s] -- Symlinking: /ws/src/nav2/install/smac_planner/share/ament_index/resource_index/packages/smac_planner
[92.284s] -- Symlinking: /ws/src/nav2/install/smac_planner/share/ament_index/resource_index/nav2_core__pluginlib__plugin/smac_planner
[92.293s] -- Symlinking: /ws/src/nav2/install/smac_planner/share/smac_planner/cmake/ament_cmake_export_include_directories-extras.cmake
[92.303s] -- Symlinking: /ws/src/nav2/install/smac_planner/share/smac_planner/cmake/ament_cmake_export_libraries-extras.cmake
[92.312s] -- Symlinking: /ws/src/nav2/install/smac_planner/share/smac_planner/cmake/ament_cmake_export_dependencies-extras.cmake
[92.322s] -- Symlinking: /ws/src/nav2/install/smac_planner/share/smac_planner/cmake/ament_cmake_export_definitions-extras.cmake
[92.332s] -- Symlinking: /ws/src/nav2/install/smac_planner/share/smac_planner/cmake/smac_plannerConfig.cmake
[92.341s] -- Symlinking: /ws/src/nav2/install/smac_planner/share/smac_planner/cmake/smac_plannerConfig-version.cmake
[92.351s] -- Symlinking: /ws/src/nav2/install/smac_planner/share/smac_planner/package.xml
[92.366s] Invoked command in '/ws/src/nav2/build/smac_planner' returned '0': AMENT_PREFIX_PATH=/ws/src/nav2/install/nav2_core:/ws/src/nav2/install/nav2_costmap_2d:/ws/src/nav2/install/nav2_util:/ws/src/nav2/install/nav2_voxel_grid:/ws/src/nav2/install/nav2_msgs:/ws/src/nav2/install/nav2_common:${AMENT_PREFIX_PATH} CMAKE_PREFIX_PATH=/ws/src/nav2/install/nav2_core:/ws/src/nav2/install/nav2_costmap_2d:/ws/src/nav2/install/nav2_util:/ws/src/nav2/install/nav2_voxel_grid:/ws/src/nav2/install/nav2_msgs:/ws/src/nav2/install/nav2_common:/opt/ros/foxy LD_LIBRARY_PATH=/ws/src/nav2/install/nav2_costmap_2d/lib:/ws/src/nav2/install/nav2_util/lib:/ws/src/nav2/install/nav2_voxel_grid/lib:/ws/src/nav2/install/nav2_msgs/lib:${LD_LIBRARY_PATH} PYTHONPATH=/ws/src/nav2/install/nav2_msgs/lib/python3.8/site-packages:/ws/src/nav2/install/nav2_common/lib/python3.8/site-packages:${PYTHONPATH} /usr/bin/cmake --install /ws/src/nav2/build/smac_planner
