[0.015s] Invoking command in '/ws/src/nav2/build/nav2_voxel_grid': AMENT_PREFIX_PATH=/ws/src/nav2/install/nav2_common:${AMENT_PREFIX_PATH} CMAKE_PREFIX_PATH=/ws/src/nav2/install/nav2_common:/opt/ros/foxy PYTHONPATH=/ws/src/nav2/install/nav2_common/lib/python3.8/site-packages:${PYTHONPATH} /usr/bin/cmake /ws/src/nav2/nav2_voxel_grid -DAMENT_CMAKE_SYMLINK_INSTALL=1 -DCMAKE_INSTALL_PREFIX=/ws/src/nav2/install/nav2_voxel_grid
[0.058s] -- The C compiler identification is GNU 9.4.0
[0.104s] -- The CXX compiler identification is GNU 9.4.0
[0.109s] -- Check for working C compiler: /usr/bin/cc
[0.167s] -- Check for working C compiler: /usr/bin/cc -- works
[0.168s] -- Detecting C compiler ABI info
[0.227s] -- Detecting C compiler ABI info - done
[0.238s] -- Detecting C compile features
[0.238s] -- Detecting C compile features - done
[0.240s] -- Check for working CXX compiler: /usr/bin/c++
[0.313s] -- Check for working CXX compiler: /usr/bin/c++ -- works
[0.313s] -- Detecting CXX compiler ABI info
[0.381s] -- Detecting CXX compiler ABI info - done
[0.393s] -- Detecting CXX compile features
[0.393s] -- Detecting CXX compile features - done
[0.396s] -- Found ament_cmake: 0.9.12 (/opt/ros/foxy/share/ament_cmake/cmake)
[0.420s] -- Found PythonInterp: /usr/bin/python3 (found suitable version "3.8.10", minimum required is "3") 
[0.420s] -- Using PYTHON_EXECUTABLE: /usr/bin/python3
[0.560s] -- Override CMake install command with custom implementation using symlinks instead of copying resources
[0.593s] -- Found nav2_common: 0.4.7 (/ws/src/nav2/install/nav2_common/share/nav2_common/cmake)
[0.605s] -- Found rclcpp: 2.4.3 (/opt/ros/foxy/share/rclcpp/cmake)
[0.652s] -- Using all available rosidl_typesupport_c: rosidl_typesupport_fastrtps_c;rosidl_typesupport_introspection_c
[0.660s] -- Found rosidl_adapter: 1.3.1 (/opt/ros/foxy/share/rosidl_adapter/cmake)
[0.733s] -- Found OpenSSL: /usr/lib/x86_64-linux-gnu/libcrypto.so (found version "1.1.1f")  
[0.761s] -- Found FastRTPS: /opt/ros/foxy/include  
[0.838s] -- Using all available rosidl_typesupport_cpp: rosidl_typesupport_fastrtps_cpp;rosidl_typesupport_introspection_cpp
[0.889s] -- Found rmw_implementation_cmake: 1.0.4 (/opt/ros/foxy/share/rmw_implementation_cmake/cmake)
[0.890s] -- Using RMW implementation 'rmw_fastrtps_cpp' as default
[0.901s] -- Looking for pthread.h
[0.960s] -- Looking for pthread.h - found
[0.960s] -- Performing Test CMAKE_HAVE_LIBC_PTHREAD
[1.023s] -- Performing Test CMAKE_HAVE_LIBC_PTHREAD - Failed
[1.023s] -- Looking for pthread_create in pthreads
[1.071s] -- Looking for pthread_create in pthreads - not found
[1.071s] -- Looking for pthread_create in pthread
[1.128s] -- Looking for pthread_create in pthread - found
[1.130s] -- Found Threads: TRUE  
[1.269s] -- Setting build type to Release as none was specified.
[1.273s] -- Found ament_lint_auto: 0.9.8 (/opt/ros/foxy/share/ament_lint_auto/cmake)
[1.366s] -- Found gtest sources under '/opt/ros/foxy/src/gtest_vendor': C++ tests using 'Google Test' will be built
[1.368s] -- Check if compiler accepts -pthread
[1.433s] -- Check if compiler accepts -pthread - yes
[1.440s] -- Added test 'cppcheck' to perform static code analysis on C / C++ code
[1.440s] -- Configured cppcheck include dirs: /ws/src/nav2/nav2_voxel_grid/include
[1.440s] -- Configured cppcheck exclude dirs and/or files: 
[1.441s] -- Added test 'cpplint' to check C / C++ code against the Google style
[1.441s] -- Configured cpplint exclude dirs and/or files: 
[1.442s] -- Added test 'lint_cmake' to check CMake code style
[1.443s] -- Added test 'uncrustify' to check C / C++ code style
[1.443s] -- Configured uncrustify additional arguments: 
[1.443s] -- Added test 'xmllint' to check XML markup files
[1.448s] -- Configuring done
[1.459s] -- Generating done
[1.460s] -- Build files have been written to: /ws/src/nav2/build/nav2_voxel_grid
[1.468s] Invoked command in '/ws/src/nav2/build/nav2_voxel_grid' returned '0': AMENT_PREFIX_PATH=/ws/src/nav2/install/nav2_common:${AMENT_PREFIX_PATH} CMAKE_PREFIX_PATH=/ws/src/nav2/install/nav2_common:/opt/ros/foxy PYTHONPATH=/ws/src/nav2/install/nav2_common/lib/python3.8/site-packages:${PYTHONPATH} /usr/bin/cmake /ws/src/nav2/nav2_voxel_grid -DAMENT_CMAKE_SYMLINK_INSTALL=1 -DCMAKE_INSTALL_PREFIX=/ws/src/nav2/install/nav2_voxel_grid
[1.470s] Invoking command in '/ws/src/nav2/build/nav2_voxel_grid': AMENT_PREFIX_PATH=/ws/src/nav2/install/nav2_common:${AMENT_PREFIX_PATH} CMAKE_PREFIX_PATH=/ws/src/nav2/install/nav2_common:/opt/ros/foxy PYTHONPATH=/ws/src/nav2/install/nav2_common/lib/python3.8/site-packages:${PYTHONPATH} /usr/bin/cmake --build /ws/src/nav2/build/nav2_voxel_grid -- -j16 -l16
[1.507s] [35m[1mScanning dependencies of target voxel_grid[0m
[1.508s] [35m[1mScanning dependencies of target gtest_main[0m
[1.508s] [35m[1mScanning dependencies of target gtest[0m
[1.527s] [ 12%] [32mBuilding CXX object gtest/CMakeFiles/gtest_main.dir/src/gtest_main.cc.o[0m
[1.533s] [ 25%] [32mBuilding CXX object gtest/CMakeFiles/gtest.dir/src/gtest-all.cc.o[0m
[1.554s] [ 37%] [32mBuilding CXX object CMakeFiles/voxel_grid.dir/src/voxel_grid.cpp.o[0m
[2.748s] [ 50%] [32m[1mLinking CXX static library libgtest_main.a[0m
[2.836s] [ 50%] Built target gtest_main
[4.104s] [ 62%] [32m[1mLinking CXX shared library libvoxel_grid.so[0m
[4.259s] [ 62%] Built target voxel_grid
[10.376s] [ 75%] [32m[1mLinking CXX static library libgtest.a[0m
[10.493s] [ 75%] Built target gtest
[10.533s] [35m[1mScanning dependencies of target voxel_grid_tests[0m
[10.654s] [ 87%] [32mBuilding CXX object test/CMakeFiles/voxel_grid_tests.dir/voxel_grid_tests.cpp.o[0m
[16.048s] [100%] [32m[1mLinking CXX executable voxel_grid_tests[0m
[16.330s] [100%] Built target voxel_grid_tests
[16.361s] Invoked command in '/ws/src/nav2/build/nav2_voxel_grid' returned '0': AMENT_PREFIX_PATH=/ws/src/nav2/install/nav2_common:${AMENT_PREFIX_PATH} CMAKE_PREFIX_PATH=/ws/src/nav2/install/nav2_common:/opt/ros/foxy PYTHONPATH=/ws/src/nav2/install/nav2_common/lib/python3.8/site-packages:${PYTHONPATH} /usr/bin/cmake --build /ws/src/nav2/build/nav2_voxel_grid -- -j16 -l16
[16.423s] Invoking command in '/ws/src/nav2/build/nav2_voxel_grid': AMENT_PREFIX_PATH=/ws/src/nav2/install/nav2_common:${AMENT_PREFIX_PATH} CMAKE_PREFIX_PATH=/ws/src/nav2/install/nav2_common:/opt/ros/foxy PYTHONPATH=/ws/src/nav2/install/nav2_common/lib/python3.8/site-packages:${PYTHONPATH} /usr/bin/cmake --install /ws/src/nav2/build/nav2_voxel_grid
[16.443s] -- Install configuration: "Release"
[16.444s] -- Execute custom install script
[16.445s] -- Symlinking: /ws/src/nav2/install/nav2_voxel_grid/lib/libvoxel_grid.so
[16.465s] -- Symlinking: /ws/src/nav2/install/nav2_voxel_grid/include/nav2_voxel_grid/voxel_grid.hpp
[16.502s] -- Symlinking: /ws/src/nav2/install/nav2_voxel_grid/share/nav2_voxel_grid/environment/library_path.sh
[16.528s] -- Symlinking: /ws/src/nav2/install/nav2_voxel_grid/share/nav2_voxel_grid/environment/library_path.dsv
[16.575s] -- Symlinking: /ws/src/nav2/install/nav2_voxel_grid/share/ament_index/resource_index/package_run_dependencies/nav2_voxel_grid
[16.624s] -- Symlinking: /ws/src/nav2/install/nav2_voxel_grid/share/ament_index/resource_index/parent_prefix_path/nav2_voxel_grid
[16.665s] -- Symlinking: /ws/src/nav2/install/nav2_voxel_grid/share/nav2_voxel_grid/environment/ament_prefix_path.sh
[16.709s] -- Symlinking: /ws/src/nav2/install/nav2_voxel_grid/share/nav2_voxel_grid/environment/ament_prefix_path.dsv
[16.728s] -- Symlinking: /ws/src/nav2/install/nav2_voxel_grid/share/nav2_voxel_grid/environment/path.sh
[16.747s] -- Symlinking: /ws/src/nav2/install/nav2_voxel_grid/share/nav2_voxel_grid/environment/path.dsv
[16.791s] -- Symlinking: /ws/src/nav2/install/nav2_voxel_grid/share/nav2_voxel_grid/local_setup.bash
[16.812s] -- Symlinking: /ws/src/nav2/install/nav2_voxel_grid/share/nav2_voxel_grid/local_setup.sh
[16.832s] -- Symlinking: /ws/src/nav2/install/nav2_voxel_grid/share/nav2_voxel_grid/local_setup.zsh
[16.849s] -- Symlinking: /ws/src/nav2/install/nav2_voxel_grid/share/nav2_voxel_grid/local_setup.dsv
[16.870s] -- Symlinking: /ws/src/nav2/install/nav2_voxel_grid/share/nav2_voxel_grid/package.dsv
[16.891s] -- Symlinking: /ws/src/nav2/install/nav2_voxel_grid/share/ament_index/resource_index/packages/nav2_voxel_grid
[16.907s] -- Symlinking: /ws/src/nav2/install/nav2_voxel_grid/share/nav2_voxel_grid/cmake/ament_cmake_export_dependencies-extras.cmake
[16.936s] -- Symlinking: /ws/src/nav2/install/nav2_voxel_grid/share/nav2_voxel_grid/cmake/ament_cmake_export_include_directories-extras.cmake
[16.954s] -- Symlinking: /ws/src/nav2/install/nav2_voxel_grid/share/nav2_voxel_grid/cmake/ament_cmake_export_libraries-extras.cmake
[16.969s] -- Symlinking: /ws/src/nav2/install/nav2_voxel_grid/share/nav2_voxel_grid/cmake/nav2_voxel_gridConfig.cmake
[16.988s] -- Symlinking: /ws/src/nav2/install/nav2_voxel_grid/share/nav2_voxel_grid/cmake/nav2_voxel_gridConfig-version.cmake
[17.008s] -- Symlinking: /ws/src/nav2/install/nav2_voxel_grid/share/nav2_voxel_grid/package.xml
[17.040s] Invoked command in '/ws/src/nav2/build/nav2_voxel_grid' returned '0': AMENT_PREFIX_PATH=/ws/src/nav2/install/nav2_common:${AMENT_PREFIX_PATH} CMAKE_PREFIX_PATH=/ws/src/nav2/install/nav2_common:/opt/ros/foxy PYTHONPATH=/ws/src/nav2/install/nav2_common/lib/python3.8/site-packages:${PYTHONPATH} /usr/bin/cmake --install /ws/src/nav2/build/nav2_voxel_grid
