[0.286s] Invoking command in '/ws/src/nav2/build/nav2_core': AMENT_PREFIX_PATH=/ws/src/nav2/install/nav2_costmap_2d:/ws/src/nav2/install/nav2_util:/ws/src/nav2/install/nav2_voxel_grid:/ws/src/nav2/install/nav2_msgs:/ws/src/nav2/install/nav2_common:${AMENT_PREFIX_PATH} CMAKE_PREFIX_PATH=/ws/src/nav2/install/nav2_costmap_2d:/ws/src/nav2/install/nav2_util:/ws/src/nav2/install/nav2_voxel_grid:/ws/src/nav2/install/nav2_msgs:/ws/src/nav2/install/nav2_common:/opt/ros/foxy LD_LIBRARY_PATH=/ws/src/nav2/install/nav2_costmap_2d/lib:/ws/src/nav2/install/nav2_util/lib:/ws/src/nav2/install/nav2_voxel_grid/lib:/ws/src/nav2/install/nav2_msgs/lib:${LD_LIBRARY_PATH} PYTHONPATH=/ws/src/nav2/install/nav2_msgs/lib/python3.8/site-packages:/ws/src/nav2/install/nav2_common/lib/python3.8/site-packages:${PYTHONPATH} /usr/bin/cmake --build /ws/src/nav2/build/nav2_core -- -j16 -l16
[0.501s] Invoked command in '/ws/src/nav2/build/nav2_core' returned '0': AMENT_PREFIX_PATH=/ws/src/nav2/install/nav2_costmap_2d:/ws/src/nav2/install/nav2_util:/ws/src/nav2/install/nav2_voxel_grid:/ws/src/nav2/install/nav2_msgs:/ws/src/nav2/install/nav2_common:${AMENT_PREFIX_PATH} CMAKE_PREFIX_PATH=/ws/src/nav2/install/nav2_costmap_2d:/ws/src/nav2/install/nav2_util:/ws/src/nav2/install/nav2_voxel_grid:/ws/src/nav2/install/nav2_msgs:/ws/src/nav2/install/nav2_common:/opt/ros/foxy LD_LIBRARY_PATH=/ws/src/nav2/install/nav2_costmap_2d/lib:/ws/src/nav2/install/nav2_util/lib:/ws/src/nav2/install/nav2_voxel_grid/lib:/ws/src/nav2/install/nav2_msgs/lib:${LD_LIBRARY_PATH} PYTHONPATH=/ws/src/nav2/install/nav2_msgs/lib/python3.8/site-packages:/ws/src/nav2/install/nav2_common/lib/python3.8/site-packages:${PYTHONPATH} /usr/bin/cmake --build /ws/src/nav2/build/nav2_core -- -j16 -l16
[0.712s] Invoking command in '/ws/src/nav2/build/nav2_core': AMENT_PREFIX_PATH=/ws/src/nav2/install/nav2_costmap_2d:/ws/src/nav2/install/nav2_util:/ws/src/nav2/install/nav2_voxel_grid:/ws/src/nav2/install/nav2_msgs:/ws/src/nav2/install/nav2_common:${AMENT_PREFIX_PATH} CMAKE_PREFIX_PATH=/ws/src/nav2/install/nav2_costmap_2d:/ws/src/nav2/install/nav2_util:/ws/src/nav2/install/nav2_voxel_grid:/ws/src/nav2/install/nav2_msgs:/ws/src/nav2/install/nav2_common:/opt/ros/foxy LD_LIBRARY_PATH=/ws/src/nav2/install/nav2_costmap_2d/lib:/ws/src/nav2/install/nav2_util/lib:/ws/src/nav2/install/nav2_voxel_grid/lib:/ws/src/nav2/install/nav2_msgs/lib:${LD_LIBRARY_PATH} PYTHONPATH=/ws/src/nav2/install/nav2_msgs/lib/python3.8/site-packages:/ws/src/nav2/install/nav2_common/lib/python3.8/site-packages:${PYTHONPATH} /usr/bin/cmake --install /ws/src/nav2/build/nav2_core
[0.736s] -- Install configuration: "Release"
[0.738s] -- Execute custom install script
[0.739s] -- Up-to-date symlink: /ws/src/nav2/install/nav2_core/include//nav2_core/controller.hpp
[0.740s] -- Up-to-date symlink: /ws/src/nav2/install/nav2_core/include//nav2_core/exceptions.hpp
[0.741s] -- Up-to-date symlink: /ws/src/nav2/install/nav2_core/include//nav2_core/global_planner.hpp
[0.741s] -- Up-to-date symlink: /ws/src/nav2/install/nav2_core/include//nav2_core/goal_checker.hpp
[0.742s] -- Up-to-date symlink: /ws/src/nav2/install/nav2_core/include//nav2_core/progress_checker.hpp
[0.743s] -- Up-to-date symlink: /ws/src/nav2/install/nav2_core/include//nav2_core/recovery.hpp
[0.744s] -- Up-to-date symlink: /ws/src/nav2/install/nav2_core/share/ament_index/resource_index/package_run_dependencies/nav2_core
[0.744s] -- Up-to-date symlink: /ws/src/nav2/install/nav2_core/share/ament_index/resource_index/parent_prefix_path/nav2_core
[0.745s] -- Up-to-date symlink: /ws/src/nav2/install/nav2_core/share/nav2_core/environment/ament_prefix_path.sh
[0.746s] -- Up-to-date symlink: /ws/src/nav2/install/nav2_core/share/nav2_core/environment/ament_prefix_path.dsv
[0.747s] -- Up-to-date symlink: /ws/src/nav2/install/nav2_core/share/nav2_core/environment/path.sh
[0.747s] -- Up-to-date symlink: /ws/src/nav2/install/nav2_core/share/nav2_core/environment/path.dsv
[0.748s] -- Up-to-date symlink: /ws/src/nav2/install/nav2_core/share/nav2_core/local_setup.bash
[0.749s] -- Up-to-date symlink: /ws/src/nav2/install/nav2_core/share/nav2_core/local_setup.sh
[0.749s] -- Up-to-date symlink: /ws/src/nav2/install/nav2_core/share/nav2_core/local_setup.zsh
[0.750s] -- Up-to-date symlink: /ws/src/nav2/install/nav2_core/share/nav2_core/local_setup.dsv
[0.751s] -- Symlinking: /ws/src/nav2/install/nav2_core/share/nav2_core/package.dsv
[0.806s] -- Up-to-date symlink: /ws/src/nav2/install/nav2_core/share/ament_index/resource_index/packages/nav2_core
[0.807s] -- Up-to-date symlink: /ws/src/nav2/install/nav2_core/share/nav2_core/cmake/ament_cmake_export_include_directories-extras.cmake
[0.807s] -- Up-to-date symlink: /ws/src/nav2/install/nav2_core/share/nav2_core/cmake/ament_cmake_export_dependencies-extras.cmake
[0.816s] -- Up-to-date symlink: /ws/src/nav2/install/nav2_core/share/nav2_core/cmake/nav2_coreConfig.cmake
[0.817s] -- Up-to-date symlink: /ws/src/nav2/install/nav2_core/share/nav2_core/cmake/nav2_coreConfig-version.cmake
[0.817s] -- Up-to-date symlink: /ws/src/nav2/install/nav2_core/share/nav2_core/package.xml
[0.843s] Invoked command in '/ws/src/nav2/build/nav2_core' returned '0': AMENT_PREFIX_PATH=/ws/src/nav2/install/nav2_costmap_2d:/ws/src/nav2/install/nav2_util:/ws/src/nav2/install/nav2_voxel_grid:/ws/src/nav2/install/nav2_msgs:/ws/src/nav2/install/nav2_common:${AMENT_PREFIX_PATH} CMAKE_PREFIX_PATH=/ws/src/nav2/install/nav2_costmap_2d:/ws/src/nav2/install/nav2_util:/ws/src/nav2/install/nav2_voxel_grid:/ws/src/nav2/install/nav2_msgs:/ws/src/nav2/install/nav2_common:/opt/ros/foxy LD_LIBRARY_PATH=/ws/src/nav2/install/nav2_costmap_2d/lib:/ws/src/nav2/install/nav2_util/lib:/ws/src/nav2/install/nav2_voxel_grid/lib:/ws/src/nav2/install/nav2_msgs/lib:${LD_LIBRARY_PATH} PYTHONPATH=/ws/src/nav2/install/nav2_msgs/lib/python3.8/site-packages:/ws/src/nav2/install/nav2_common/lib/python3.8/site-packages:${PYTHONPATH} /usr/bin/cmake --install /ws/src/nav2/build/nav2_core
