[35m[1mScanning dependencies of target nav2_wait_action_bt_node[0m
[35m[1mScanning dependencies of target nav2_follow_path_action_bt_node[0m
[35m[1mScanning dependencies of target nav2_compute_path_to_pose_action_bt_node[0m
[35m[1mScanning dependencies of target nav2_spin_action_bt_node[0m
[35m[1mScanning dependencies of target nav2_goal_updater_node_bt_node[0m
[35m[1mScanning dependencies of target nav2_is_stuck_condition_bt_node[0m
[35m[1mScanning dependencies of target nav2_pipeline_sequence_bt_node[0m
[35m[1mScanning dependencies of target nav2_transform_available_condition_bt_node[0m
[35m[1mScanning dependencies of target nav2_behavior_tree[0m
[35m[1mScanning dependencies of target nav2_goal_updated_condition_bt_node[0m
[35m[1mScanning dependencies of target nav2_distance_traveled_condition_bt_node[0m
[35m[1mScanning dependencies of target nav2_time_expired_condition_bt_node[0m
[35m[1mScanning dependencies of target nav2_goal_reached_condition_bt_node[0m
[  1%] [32mBuilding CXX object CMakeFiles/nav2_pipeline_sequence_bt_node.dir/plugins/control/pipeline_sequence.cpp.o[0m
[35m[1mScanning dependencies of target nav2_initial_pose_received_condition_bt_node[0m
[35m[1mScanning dependencies of target nav2_is_battery_low_condition_bt_node[0m
[35m[1mScanning dependencies of target nav2_reinitialize_global_localization_service_bt_node[0m
[  2%] [32mBuilding CXX object CMakeFiles/nav2_goal_updated_condition_bt_node.dir/plugins/condition/goal_updated_condition.cpp.o[0m
[  4%] [32mBuilding CXX object CMakeFiles/nav2_transform_available_condition_bt_node.dir/plugins/condition/transform_available_condition.cpp.o[0m
[  5%] [32mBuilding CXX object CMakeFiles/nav2_behavior_tree.dir/src/behavior_tree_engine.cpp.o[0m
[  5%] [32mBuilding CXX object CMakeFiles/nav2_spin_action_bt_node.dir/plugins/action/spin_action.cpp.o[0m
[  6%] [32mBuilding CXX object CMakeFiles/nav2_wait_action_bt_node.dir/plugins/action/wait_action.cpp.o[0m
[  7%] [32mBuilding CXX object CMakeFiles/nav2_goal_reached_condition_bt_node.dir/plugins/condition/goal_reached_condition.cpp.o[0m
[  8%] [32mBuilding CXX object CMakeFiles/nav2_compute_path_to_pose_action_bt_node.dir/plugins/action/compute_path_to_pose_action.cpp.o[0m
[  9%] [32mBuilding CXX object CMakeFiles/nav2_distance_traveled_condition_bt_node.dir/plugins/condition/distance_traveled_condition.cpp.o[0m
[ 10%] [32mBuilding CXX object CMakeFiles/nav2_initial_pose_received_condition_bt_node.dir/plugins/condition/initial_pose_received_condition.cpp.o[0m
[ 11%] [32mBuilding CXX object CMakeFiles/nav2_follow_path_action_bt_node.dir/plugins/action/follow_path_action.cpp.o[0m
[ 12%] [32mBuilding CXX object CMakeFiles/nav2_is_stuck_condition_bt_node.dir/plugins/condition/is_stuck_condition.cpp.o[0m
[ 13%] [32mBuilding CXX object CMakeFiles/nav2_goal_updater_node_bt_node.dir/plugins/decorator/goal_updater_node.cpp.o[0m
[ 14%] [32mBuilding CXX object CMakeFiles/nav2_is_battery_low_condition_bt_node.dir/plugins/condition/is_battery_low_condition.cpp.o[0m
[ 15%] [32mBuilding CXX object CMakeFiles/nav2_time_expired_condition_bt_node.dir/plugins/condition/time_expired_condition.cpp.o[0m
[ 16%] [32mBuilding CXX object CMakeFiles/nav2_reinitialize_global_localization_service_bt_node.dir/plugins/action/reinitialize_global_localization_service.cpp.o[0m
[ 17%] [32m[1mLinking CXX shared library libnav2_pipeline_sequence_bt_node.so[0m
[ 17%] Built target nav2_pipeline_sequence_bt_node
[35m[1mScanning dependencies of target nav2_rate_controller_bt_node[0m
[ 18%] [32mBuilding CXX object CMakeFiles/nav2_rate_controller_bt_node.dir/plugins/decorator/rate_controller.cpp.o[0m
[ 19%] [32m[1mLinking CXX shared library libnav2_initial_pose_received_condition_bt_node.so[0m
[ 20%] [32m[1mLinking CXX shared library libnav2_goal_updated_condition_bt_node.so[0m
[ 20%] Built target nav2_initial_pose_received_condition_bt_node
[35m[1mScanning dependencies of target nav2_distance_controller_bt_node[0m
[ 20%] Built target nav2_goal_updated_condition_bt_node
[35m[1mScanning dependencies of target nav2_round_robin_node_bt_node[0m
[ 21%] [32mBuilding CXX object CMakeFiles/nav2_round_robin_node_bt_node.dir/plugins/control/round_robin_node.cpp.o[0m
[ 22%] [32mBuilding CXX object CMakeFiles/nav2_distance_controller_bt_node.dir/plugins/decorator/distance_controller.cpp.o[0m
[ 23%] [32m[1mLinking CXX shared library libnav2_behavior_tree.so[0m
[ 23%] Built target nav2_behavior_tree
[35m[1mScanning dependencies of target nav2_clear_costmap_service_bt_node[0m
[ 24%] [32mBuilding CXX object CMakeFiles/nav2_clear_costmap_service_bt_node.dir/plugins/action/clear_costmap_service.cpp.o[0m
[ 25%] [32m[1mLinking CXX shared library libnav2_round_robin_node_bt_node.so[0m
[ 25%] Built target nav2_round_robin_node_bt_node
[35m[1mScanning dependencies of target nav2_speed_controller_bt_node[0m
[ 26%] [32m[1mLinking CXX shared library libnav2_rate_controller_bt_node.so[0m
[ 27%] [32mBuilding CXX object CMakeFiles/nav2_speed_controller_bt_node.dir/plugins/decorator/speed_controller.cpp.o[0m
[ 27%] Built target nav2_rate_controller_bt_node
[35m[1mScanning dependencies of target nav2_truncate_path_action_bt_node[0m
[ 28%] [32mBuilding CXX object CMakeFiles/nav2_truncate_path_action_bt_node.dir/plugins/action/truncate_path_action.cpp.o[0m
[ 29%] [32m[1mLinking CXX shared library libnav2_time_expired_condition_bt_node.so[0m
[ 29%] Built target nav2_time_expired_condition_bt_node
[35m[1mScanning dependencies of target nav2_navigate_to_pose_action_bt_node[0m
[ 30%] [32m[1mLinking CXX shared library libnav2_transform_available_condition_bt_node.so[0m
[ 31%] [32mBuilding CXX object CMakeFiles/nav2_navigate_to_pose_action_bt_node.dir/plugins/action/navigate_to_pose_action.cpp.o[0m
[ 32%] [32m[1mLinking CXX shared library libnav2_goal_reached_condition_bt_node.so[0m
[ 32%] Built target nav2_transform_available_condition_bt_node
[35m[1mScanning dependencies of target nav2_back_up_action_bt_node[0m
[ 33%] [32m[1mLinking CXX shared library libnav2_distance_traveled_condition_bt_node.so[0m
[ 34%] [32mBuilding CXX object CMakeFiles/nav2_back_up_action_bt_node.dir/plugins/action/back_up_action.cpp.o[0m
[ 34%] Built target nav2_goal_reached_condition_bt_node
[35m[1mScanning dependencies of target nav2_recovery_node_bt_node[0m
[ 35%] [32mBuilding CXX object CMakeFiles/nav2_recovery_node_bt_node.dir/plugins/control/recovery_node.cpp.o[0m
[ 35%] Built target nav2_distance_traveled_condition_bt_node
[35m[1mScanning dependencies of target gtest[0m
[ 36%] [32mBuilding CXX object gtest/CMakeFiles/gtest.dir/src/gtest-all.cc.o[0m
[ 37%] [32m[1mLinking CXX shared library libnav2_reinitialize_global_localization_service_bt_node.so[0m
[ 37%] Built target nav2_reinitialize_global_localization_service_bt_node
[35m[1mScanning dependencies of target gtest_main[0m
[ 38%] [32mBuilding CXX object gtest/CMakeFiles/gtest_main.dir/src/gtest_main.cc.o[0m
[ 39%] [32m[1mLinking CXX shared library libnav2_spin_action_bt_node.so[0m
[ 40%] [32m[1mLinking CXX shared library libnav2_compute_path_to_pose_action_bt_node.so[0m
[ 41%] [32m[1mLinking CXX shared library libnav2_follow_path_action_bt_node.so[0m
[ 42%] [32m[1mLinking CXX shared library libnav2_wait_action_bt_node.so[0m
[ 42%] Built target nav2_spin_action_bt_node
[ 42%] Built target nav2_follow_path_action_bt_node
[ 42%] Built target nav2_compute_path_to_pose_action_bt_node
[ 42%] Built target nav2_wait_action_bt_node
[ 43%] [32m[1mLinking CXX static library libgtest_main.a[0m
[ 43%] Built target gtest_main
[ 44%] [32m[1mLinking CXX shared library libnav2_distance_controller_bt_node.so[0m
[ 44%] Built target nav2_distance_controller_bt_node
[ 45%] [32m[1mLinking CXX shared library libnav2_recovery_node_bt_node.so[0m
[ 45%] Built target nav2_recovery_node_bt_node
[ 46%] [32m[1mLinking CXX shared library libnav2_clear_costmap_service_bt_node.so[0m
[ 47%] [32m[1mLinking CXX shared library libnav2_is_battery_low_condition_bt_node.so[0m
[ 47%] Built target nav2_clear_costmap_service_bt_node
[ 48%] [32m[1mLinking CXX shared library libnav2_goal_updater_node_bt_node.so[0m
[ 48%] Built target nav2_is_battery_low_condition_bt_node
[ 50%] [32m[1mLinking CXX shared library libnav2_truncate_path_action_bt_node.so[0m
[ 50%] Built target nav2_goal_updater_node_bt_node
[ 50%] Built target nav2_truncate_path_action_bt_node
[ 51%] [32m[1mLinking CXX shared library libnav2_speed_controller_bt_node.so[0m
[ 52%] [32m[1mLinking CXX shared library libnav2_is_stuck_condition_bt_node.so[0m
[ 52%] Built target nav2_speed_controller_bt_node
[ 52%] Built target nav2_is_stuck_condition_bt_node
[ 53%] [32m[1mLinking CXX shared library libnav2_back_up_action_bt_node.so[0m
[ 53%] Built target nav2_back_up_action_bt_node
[ 54%] [32m[1mLinking CXX shared library libnav2_navigate_to_pose_action_bt_node.so[0m
[ 54%] Built target nav2_navigate_to_pose_action_bt_node
[ 55%] [32m[1mLinking CXX static library libgtest.a[0m
[ 55%] Built target gtest
[35m[1mScanning dependencies of target test_bt_conversions[0m
[35m[1mScanning dependencies of target test_condition_distance_traveled[0m
[35m[1mScanning dependencies of target test_condition_initial_pose_received[0m
[35m[1mScanning dependencies of target test_condition_is_battery_low[0m
[35m[1mScanning dependencies of target test_condition_is_stuck[0m
[35m[1mScanning dependencies of target test_condition_goal_updated[0m
[35m[1mScanning dependencies of target test_condition_time_expired[0m
[35m[1mScanning dependencies of target test_condition_goal_reached[0m
[35m[1mScanning dependencies of target test_condition_transform_available[0m
[35m[1mScanning dependencies of target test_goal_updater_node[0m
[ 56%] [32mBuilding CXX object test/CMakeFiles/test_bt_conversions.dir/test_bt_conversions.cpp.o[0m
[35m[1mScanning dependencies of target test_decorator_speed_controller[0m
[35m[1mScanning dependencies of target test_decorator_rate_controller[0m
[35m[1mScanning dependencies of target test_decorator_distance_controller[0m
[35m[1mScanning dependencies of target test_control_round_robin_node[0m
[ 57%] [32mBuilding CXX object test/plugins/condition/CMakeFiles/test_condition_is_battery_low.dir/test_is_battery_low.cpp.o[0m
[ 58%] [32mBuilding CXX object test/plugins/condition/CMakeFiles/test_condition_distance_traveled.dir/test_distance_traveled.cpp.o[0m
[ 59%] [32mBuilding CXX object test/plugins/condition/CMakeFiles/test_condition_is_stuck.dir/test_is_stuck.cpp.o[0m
[ 60%] [32mBuilding CXX object test/plugins/condition/CMakeFiles/test_condition_initial_pose_received.dir/test_initial_pose_received.cpp.o[0m
[ 62%] [32mBuilding CXX object test/plugins/condition/CMakeFiles/test_condition_goal_updated.dir/test_goal_updated.cpp.o[0m
[ 62%] [32mBuilding CXX object test/plugins/condition/CMakeFiles/test_condition_time_expired.dir/test_time_expired.cpp.o[0m
[ 63%] [32mBuilding CXX object test/plugins/condition/CMakeFiles/test_condition_transform_available.dir/test_transform_available.cpp.o[0m
[ 64%] [32mBuilding CXX object test/plugins/condition/CMakeFiles/test_condition_goal_reached.dir/test_goal_reached.cpp.o[0m
[ 65%] [32mBuilding CXX object test/plugins/decorator/CMakeFiles/test_decorator_rate_controller.dir/test_rate_controller.cpp.o[0m
[ 66%] [32mBuilding CXX object test/plugins/decorator/CMakeFiles/test_goal_updater_node.dir/test_goal_updater_node.cpp.o[0m
[ 67%] [32mBuilding CXX object test/plugins/control/CMakeFiles/test_control_round_robin_node.dir/test_round_robin_node.cpp.o[0m
[ 68%] [32mBuilding CXX object test/plugins/decorator/CMakeFiles/test_decorator_distance_controller.dir/test_distance_controller.cpp.o[0m
[ 69%] [32mBuilding CXX object test/plugins/decorator/CMakeFiles/test_decorator_speed_controller.dir/test_speed_controller.cpp.o[0m
[35m[1mScanning dependencies of target test_control_recovery_node[0m
[35m[1mScanning dependencies of target test_control_pipeline_sequence[0m
[ 70%] [32mBuilding CXX object test/plugins/control/CMakeFiles/test_control_recovery_node.dir/test_recovery_node.cpp.o[0m
[ 71%] [32mBuilding CXX object test/plugins/control/CMakeFiles/test_control_pipeline_sequence.dir/test_pipeline_sequence.cpp.o[0m
[ 72%] [32m[1mLinking CXX executable test_bt_conversions[0m
[ 72%] Built target test_bt_conversions
[35m[1mScanning dependencies of target test_truncate_path_action[0m
[ 73%] [32mBuilding CXX object test/plugins/action/CMakeFiles/test_truncate_path_action.dir/test_truncate_path_action.cpp.o[0m
[ 74%] [32m[1mLinking CXX executable test_condition_is_battery_low[0m
[ 74%] Built target test_condition_is_battery_low
[ 75%] [32m[1mLinking CXX executable test_goal_updater_node[0m
[ 76%] [32m[1mLinking CXX executable test_condition_goal_reached[0m
[ 77%] [32m[1mLinking CXX executable test_control_round_robin_node[0m
[ 78%] [32m[1mLinking CXX executable test_condition_time_expired[0m
[ 79%] [32m[1mLinking CXX executable test_condition_goal_updated[0m
[ 79%] Built target test_goal_updater_node
[ 80%] [32m[1mLinking CXX executable test_condition_distance_traveled[0m
[ 80%] Built target test_control_round_robin_node
[ 80%] Built target test_condition_goal_reached
[ 80%] Built target test_condition_time_expired
[ 80%] Built target test_condition_goal_updated
[ 81%] [32m[1mLinking CXX executable test_condition_is_stuck[0m
[ 81%] Built target test_condition_distance_traveled
[ 82%] [32m[1mLinking CXX executable test_decorator_distance_controller[0m
[ 83%] [32m[1mLinking CXX executable test_condition_initial_pose_received[0m
[ 84%] [32m[1mLinking CXX executable test_decorator_rate_controller[0m
[ 85%] [32m[1mLinking CXX executable test_condition_transform_available[0m
[ 86%] [32m[1mLinking CXX executable test_decorator_speed_controller[0m
[ 86%] Built target test_condition_is_stuck
[ 86%] Built target test_decorator_rate_controller
[ 86%] Built target test_decorator_distance_controller
[ 86%] Built target test_condition_initial_pose_received
[ 86%] Built target test_condition_transform_available
[ 86%] Built target test_decorator_speed_controller
[ 87%] [32m[1mLinking CXX executable test_control_recovery_node[0m
[ 87%] Built target test_control_recovery_node
[ 88%] [32m[1mLinking CXX executable test_control_pipeline_sequence[0m
[ 88%] Built target test_control_pipeline_sequence
[ 89%] [32m[1mLinking CXX executable test_truncate_path_action[0m
[ 89%] Built target test_truncate_path_action
[35m[1mScanning dependencies of target test_action_clear_costmap_service[0m
[ 90%] [32mBuilding CXX object test/plugins/action/CMakeFiles/test_action_clear_costmap_service.dir/test_clear_costmap_service.cpp.o[0m
[ 91%] [32m[1mLinking CXX executable test_action_clear_costmap_service[0m
[ 91%] Built target test_action_clear_costmap_service
[35m[1mScanning dependencies of target test_action_compute_path_to_pose_action[0m
[35m[1mScanning dependencies of target test_action_follow_path_action[0m
[35m[1mScanning dependencies of target test_action_reinitialize_global_localization_service[0m
[ 92%] [32mBuilding CXX object test/plugins/action/CMakeFiles/test_action_compute_path_to_pose_action.dir/test_compute_path_to_pose_action.cpp.o[0m
[ 93%] [32mBuilding CXX object test/plugins/action/CMakeFiles/test_action_reinitialize_global_localization_service.dir/test_reinitialize_global_localization_service.cpp.o[0m
[ 94%] [32mBuilding CXX object test/plugins/action/CMakeFiles/test_action_follow_path_action.dir/test_follow_path_action.cpp.o[0m
[ 95%] [32m[1mLinking CXX executable test_action_reinitialize_global_localization_service[0m
[ 95%] Built target test_action_reinitialize_global_localization_service
[35m[1mScanning dependencies of target test_action_navigate_to_pose_action[0m
[ 96%] [32mBuilding CXX object test/plugins/action/CMakeFiles/test_action_navigate_to_pose_action.dir/test_navigate_to_pose_action.cpp.o[0m
[ 97%] [32m[1mLinking CXX executable test_action_follow_path_action[0m
[ 97%] Built target test_action_follow_path_action
[ 98%] [32m[1mLinking CXX executable test_action_compute_path_to_pose_action[0m
[ 98%] Built target test_action_compute_path_to_pose_action
[100%] [32m[1mLinking CXX executable test_action_navigate_to_pose_action[0m
[100%] Built target test_action_navigate_to_pose_action
-- Install configuration: "Release"
-- Execute custom install script
-- Symlinking: /ws/src/nav2/install/nav2_behavior_tree/lib/libnav2_behavior_tree.so
-- Symlinking: /ws/src/nav2/install/nav2_behavior_tree/lib/libnav2_compute_path_to_pose_action_bt_node.so
-- Symlinking: /ws/src/nav2/install/nav2_behavior_tree/lib/libnav2_follow_path_action_bt_node.so
-- Symlinking: /ws/src/nav2/install/nav2_behavior_tree/lib/libnav2_back_up_action_bt_node.so
-- Symlinking: /ws/src/nav2/install/nav2_behavior_tree/lib/libnav2_spin_action_bt_node.so
-- Symlinking: /ws/src/nav2/install/nav2_behavior_tree/lib/libnav2_wait_action_bt_node.so
-- Symlinking: /ws/src/nav2/install/nav2_behavior_tree/lib/libnav2_clear_costmap_service_bt_node.so
-- Symlinking: /ws/src/nav2/install/nav2_behavior_tree/lib/libnav2_is_stuck_condition_bt_node.so
-- Symlinking: /ws/src/nav2/install/nav2_behavior_tree/lib/libnav2_transform_available_condition_bt_node.so
-- Symlinking: /ws/src/nav2/install/nav2_behavior_tree/lib/libnav2_goal_reached_condition_bt_node.so
-- Symlinking: /ws/src/nav2/install/nav2_behavior_tree/lib/libnav2_goal_updated_condition_bt_node.so
-- Symlinking: /ws/src/nav2/install/nav2_behavior_tree/lib/libnav2_time_expired_condition_bt_node.so
-- Symlinking: /ws/src/nav2/install/nav2_behavior_tree/lib/libnav2_distance_traveled_condition_bt_node.so
-- Symlinking: /ws/src/nav2/install/nav2_behavior_tree/lib/libnav2_initial_pose_received_condition_bt_node.so
-- Symlinking: /ws/src/nav2/install/nav2_behavior_tree/lib/libnav2_is_battery_low_condition_bt_node.so
-- Symlinking: /ws/src/nav2/install/nav2_behavior_tree/lib/libnav2_reinitialize_global_localization_service_bt_node.so
-- Symlinking: /ws/src/nav2/install/nav2_behavior_tree/lib/libnav2_rate_controller_bt_node.so
-- Symlinking: /ws/src/nav2/install/nav2_behavior_tree/lib/libnav2_distance_controller_bt_node.so
-- Symlinking: /ws/src/nav2/install/nav2_behavior_tree/lib/libnav2_speed_controller_bt_node.so
-- Symlinking: /ws/src/nav2/install/nav2_behavior_tree/lib/libnav2_truncate_path_action_bt_node.so
-- Symlinking: /ws/src/nav2/install/nav2_behavior_tree/lib/libnav2_goal_updater_node_bt_node.so
-- Symlinking: /ws/src/nav2/install/nav2_behavior_tree/lib/libnav2_recovery_node_bt_node.so
-- Symlinking: /ws/src/nav2/install/nav2_behavior_tree/lib/libnav2_navigate_to_pose_action_bt_node.so
-- Symlinking: /ws/src/nav2/install/nav2_behavior_tree/lib/libnav2_pipeline_sequence_bt_node.so
-- Symlinking: /ws/src/nav2/install/nav2_behavior_tree/lib/libnav2_round_robin_node_bt_node.so
-- Symlinking: /ws/src/nav2/install/nav2_behavior_tree/include//nav2_behavior_tree/behavior_tree_engine.hpp
-- Symlinking: /ws/src/nav2/install/nav2_behavior_tree/include//nav2_behavior_tree/bt_action_node.hpp
-- Symlinking: /ws/src/nav2/install/nav2_behavior_tree/include//nav2_behavior_tree/bt_conversions.hpp
-- Symlinking: /ws/src/nav2/install/nav2_behavior_tree/include//nav2_behavior_tree/bt_service_node.hpp
-- Symlinking: /ws/src/nav2/install/nav2_behavior_tree/include//nav2_behavior_tree/plugins/action/back_up_action.hpp
-- Symlinking: /ws/src/nav2/install/nav2_behavior_tree/include//nav2_behavior_tree/plugins/action/clear_costmap_service.hpp
-- Symlinking: /ws/src/nav2/install/nav2_behavior_tree/include//nav2_behavior_tree/plugins/action/compute_path_to_pose_action.hpp
-- Symlinking: /ws/src/nav2/install/nav2_behavior_tree/include//nav2_behavior_tree/plugins/action/follow_path_action.hpp
-- Symlinking: /ws/src/nav2/install/nav2_behavior_tree/include//nav2_behavior_tree/plugins/action/navigate_to_pose_action.hpp
-- Symlinking: /ws/src/nav2/install/nav2_behavior_tree/include//nav2_behavior_tree/plugins/action/reinitialize_global_localization_service.hpp
-- Symlinking: /ws/src/nav2/install/nav2_behavior_tree/include//nav2_behavior_tree/plugins/action/spin_action.hpp
-- Symlinking: /ws/src/nav2/install/nav2_behavior_tree/include//nav2_behavior_tree/plugins/action/truncate_path_action.hpp
-- Symlinking: /ws/src/nav2/install/nav2_behavior_tree/include//nav2_behavior_tree/plugins/action/wait_action.hpp
-- Symlinking: /ws/src/nav2/install/nav2_behavior_tree/include//nav2_behavior_tree/plugins/condition/distance_traveled_condition.hpp
-- Symlinking: /ws/src/nav2/install/nav2_behavior_tree/include//nav2_behavior_tree/plugins/condition/goal_reached_condition.hpp
-- Symlinking: /ws/src/nav2/install/nav2_behavior_tree/include//nav2_behavior_tree/plugins/condition/goal_updated_condition.hpp
-- Symlinking: /ws/src/nav2/install/nav2_behavior_tree/include//nav2_behavior_tree/plugins/condition/initial_pose_received_condition.hpp
-- Symlinking: /ws/src/nav2/install/nav2_behavior_tree/include//nav2_behavior_tree/plugins/condition/is_battery_low_condition.hpp
-- Symlinking: /ws/src/nav2/install/nav2_behavior_tree/include//nav2_behavior_tree/plugins/condition/is_stuck_condition.hpp
-- Symlinking: /ws/src/nav2/install/nav2_behavior_tree/include//nav2_behavior_tree/plugins/condition/time_expired_condition.hpp
-- Symlinking: /ws/src/nav2/install/nav2_behavior_tree/include//nav2_behavior_tree/plugins/condition/transform_available_condition.hpp
-- Symlinking: /ws/src/nav2/install/nav2_behavior_tree/include//nav2_behavior_tree/plugins/control/pipeline_sequence.hpp
-- Symlinking: /ws/src/nav2/install/nav2_behavior_tree/include//nav2_behavior_tree/plugins/control/recovery_node.hpp
-- Symlinking: /ws/src/nav2/install/nav2_behavior_tree/include//nav2_behavior_tree/plugins/control/round_robin_node.hpp
-- Symlinking: /ws/src/nav2/install/nav2_behavior_tree/include//nav2_behavior_tree/plugins/decorator/distance_controller.hpp
-- Symlinking: /ws/src/nav2/install/nav2_behavior_tree/include//nav2_behavior_tree/plugins/decorator/goal_updater_node.hpp
-- Symlinking: /ws/src/nav2/install/nav2_behavior_tree/include//nav2_behavior_tree/plugins/decorator/rate_controller.hpp
-- Symlinking: /ws/src/nav2/install/nav2_behavior_tree/include//nav2_behavior_tree/plugins/decorator/speed_controller.hpp
-- Symlinking: /ws/src/nav2/install/nav2_behavior_tree/share/nav2_behavior_tree/nav2_tree_nodes.xml
-- Symlinking: /ws/src/nav2/install/nav2_behavior_tree/share/nav2_behavior_tree/environment/library_path.sh
-- Symlinking: /ws/src/nav2/install/nav2_behavior_tree/share/nav2_behavior_tree/environment/library_path.dsv
-- Symlinking: /ws/src/nav2/install/nav2_behavior_tree/share/ament_index/resource_index/package_run_dependencies/nav2_behavior_tree
-- Symlinking: /ws/src/nav2/install/nav2_behavior_tree/share/ament_index/resource_index/parent_prefix_path/nav2_behavior_tree
-- Symlinking: /ws/src/nav2/install/nav2_behavior_tree/share/nav2_behavior_tree/environment/ament_prefix_path.sh
-- Symlinking: /ws/src/nav2/install/nav2_behavior_tree/share/nav2_behavior_tree/environment/ament_prefix_path.dsv
-- Symlinking: /ws/src/nav2/install/nav2_behavior_tree/share/nav2_behavior_tree/environment/path.sh
-- Symlinking: /ws/src/nav2/install/nav2_behavior_tree/share/nav2_behavior_tree/environment/path.dsv
-- Symlinking: /ws/src/nav2/install/nav2_behavior_tree/share/nav2_behavior_tree/local_setup.bash
-- Symlinking: /ws/src/nav2/install/nav2_behavior_tree/share/nav2_behavior_tree/local_setup.sh
-- Symlinking: /ws/src/nav2/install/nav2_behavior_tree/share/nav2_behavior_tree/local_setup.zsh
-- Symlinking: /ws/src/nav2/install/nav2_behavior_tree/share/nav2_behavior_tree/local_setup.dsv
-- Symlinking: /ws/src/nav2/install/nav2_behavior_tree/share/nav2_behavior_tree/package.dsv
-- Symlinking: /ws/src/nav2/install/nav2_behavior_tree/share/ament_index/resource_index/packages/nav2_behavior_tree
-- Symlinking: /ws/src/nav2/install/nav2_behavior_tree/share/nav2_behavior_tree/cmake/ament_cmake_export_include_directories-extras.cmake
-- Symlinking: /ws/src/nav2/install/nav2_behavior_tree/share/nav2_behavior_tree/cmake/ament_cmake_export_libraries-extras.cmake
-- Symlinking: /ws/src/nav2/install/nav2_behavior_tree/share/nav2_behavior_tree/cmake/ament_cmake_export_dependencies-extras.cmake
-- Symlinking: /ws/src/nav2/install/nav2_behavior_tree/share/nav2_behavior_tree/cmake/nav2_behavior_treeConfig.cmake
-- Symlinking: /ws/src/nav2/install/nav2_behavior_tree/share/nav2_behavior_tree/cmake/nav2_behavior_treeConfig-version.cmake
-- Symlinking: /ws/src/nav2/install/nav2_behavior_tree/share/nav2_behavior_tree/package.xml
