[0.046s] Invoking command in '/ws/src/nav2/build/nav2_lifecycle_manager': AMENT_PREFIX_PATH=/ws/src/nav2/install/nav2_util:/ws/src/nav2/install/nav2_msgs:/ws/src/nav2/install/nav2_common:${AMENT_PREFIX_PATH} CMAKE_PREFIX_PATH=/ws/src/nav2/install/nav2_util:/ws/src/nav2/install/nav2_msgs:/ws/src/nav2/install/nav2_common:/opt/ros/foxy LD_LIBRARY_PATH=/ws/src/nav2/install/nav2_util/lib:/ws/src/nav2/install/nav2_msgs/lib:${LD_LIBRARY_PATH} PYTHONPATH=/ws/src/nav2/install/nav2_msgs/lib/python3.8/site-packages:/ws/src/nav2/install/nav2_common/lib/python3.8/site-packages:${PYTHONPATH} /usr/bin/cmake --build /ws/src/nav2/build/nav2_lifecycle_manager -- -j16 -l16
[0.092s] [35m[1mScanning dependencies of target gtest[0m
[0.092s] [35m[1mScanning dependencies of target nav2_lifecycle_manager_core[0m
[0.093s] [35m[1mScanning dependencies of target gtest_main[0m
[0.109s] [ 18%] [32mBuilding CXX object gtest/CMakeFiles/gtest_main.dir/src/gtest_main.cc.o[0m
[0.110s] [ 18%] [32mBuilding CXX object gtest/CMakeFiles/gtest.dir/src/gtest-all.cc.o[0m
[0.190s] [ 27%] [32mBuilding CXX object CMakeFiles/nav2_lifecycle_manager_core.dir/src/lifecycle_manager.cpp.o[0m
[0.192s] [ 36%] [32mBuilding CXX object CMakeFiles/nav2_lifecycle_manager_core.dir/src/lifecycle_manager_client.cpp.o[0m
[1.498s] [ 45%] [32m[1mLinking CXX static library libgtest_main.a[0m
[1.542s] [ 45%] Built target gtest_main
[6.026s] [ 54%] [32m[1mLinking CXX shared library libnav2_lifecycle_manager_core.so[0m
[6.228s] [ 54%] Built target nav2_lifecycle_manager_core
[6.240s] [35m[1mScanning dependencies of target lifecycle_manager[0m
[6.284s] [ 63%] [32mBuilding CXX object CMakeFiles/lifecycle_manager.dir/src/main.cpp.o[0m
[8.148s] [ 72%] [32m[1mLinking CXX executable lifecycle_manager[0m
[8.331s] [ 72%] Built target lifecycle_manager
[8.764s] [ 81%] [32m[1mLinking CXX static library libgtest.a[0m
[8.803s] [ 81%] Built target gtest
[8.813s] [35m[1mScanning dependencies of target test_lifecycle_gtest[0m
[8.862s] [ 90%] [32mBuilding CXX object test/CMakeFiles/test_lifecycle_gtest.dir/test_lifecycle_manager.cpp.o[0m
[11.714s] [100%] [32m[1mLinking CXX executable test_lifecycle_gtest[0m
[11.885s] [100%] Built target test_lifecycle_gtest
