[0.038s] Invoking command in '/ws/src/nav2/build/nav2_navfn_planner': AMENT_PREFIX_PATH=/ws/src/nav2/install/nav2_core:/ws/src/nav2/install/nav2_costmap_2d:/ws/src/nav2/install/nav2_util:/ws/src/nav2/install/nav2_voxel_grid:/ws/src/nav2/install/nav2_msgs:/ws/src/nav2/install/nav2_common:${AMENT_PREFIX_PATH} CMAKE_PREFIX_PATH=/ws/src/nav2/install/nav2_core:/ws/src/nav2/install/nav2_costmap_2d:/ws/src/nav2/install/nav2_util:/ws/src/nav2/install/nav2_voxel_grid:/ws/src/nav2/install/nav2_msgs:/ws/src/nav2/install/nav2_common:/opt/ros/foxy LD_LIBRARY_PATH=/ws/src/nav2/install/nav2_costmap_2d/lib:/ws/src/nav2/install/nav2_util/lib:/ws/src/nav2/install/nav2_voxel_grid/lib:/ws/src/nav2/install/nav2_msgs/lib:${LD_LIBRARY_PATH} PYTHONPATH=/ws/src/nav2/install/nav2_msgs/lib/python3.8/site-packages:/ws/src/nav2/install/nav2_common/lib/python3.8/site-packages:${PYTHONPATH} /usr/bin/cmake /ws/src/nav2/nav2_navfn_planner -DAMENT_CMAKE_SYMLINK_INSTALL=1 -DCMAKE_INSTALL_PREFIX=/ws/src/nav2/install/nav2_navfn_planner
[0.087s] -- The C compiler identification is GNU 9.4.0
[0.141s] -- The CXX compiler identification is GNU 9.4.0
[0.145s] -- Check for working C compiler: /usr/bin/cc
[0.207s] -- Check for working C compiler: /usr/bin/cc -- works
[0.208s] -- Detecting C compiler ABI info
[0.276s] -- Detecting C compiler ABI info - done
[0.293s] -- Detecting C compile features
[0.294s] -- Detecting C compile features - done
[0.297s] -- Check for working CXX compiler: /usr/bin/c++
[0.378s] -- Check for working CXX compiler: /usr/bin/c++ -- works
[0.379s] -- Detecting CXX compiler ABI info
[0.464s] -- Detecting CXX compiler ABI info - done
[0.475s] -- Detecting CXX compile features
[0.476s] -- Detecting CXX compile features - done
[0.480s] -- Found ament_cmake: 0.9.12 (/opt/ros/foxy/share/ament_cmake/cmake)
[0.510s] -- Found PythonInterp: /usr/bin/python3 (found suitable version "3.8.10", minimum required is "3") 
[0.511s] -- Using PYTHON_EXECUTABLE: /usr/bin/python3
[0.723s] -- Override CMake install command with custom implementation using symlinks instead of copying resources
[0.775s] -- Found nav2_common: 0.4.7 (/ws/src/nav2/install/nav2_common/share/nav2_common/cmake)
[0.779s] -- Found rclcpp: 2.4.3 (/opt/ros/foxy/share/rclcpp/cmake)
[0.866s] -- Using all available rosidl_typesupport_c: rosidl_typesupport_fastrtps_c;rosidl_typesupport_introspection_c
[0.881s] -- Found rosidl_adapter: 1.3.1 (/opt/ros/foxy/share/rosidl_adapter/cmake)
[1.014s] -- Found OpenSSL: /usr/lib/x86_64-linux-gnu/libcrypto.so (found version "1.1.1f")  
[1.067s] -- Found FastRTPS: /opt/ros/foxy/include  
[1.230s] -- Using all available rosidl_typesupport_cpp: rosidl_typesupport_fastrtps_cpp;rosidl_typesupport_introspection_cpp
[1.374s] -- Found rmw_implementation_cmake: 1.0.4 (/opt/ros/foxy/share/rmw_implementation_cmake/cmake)
[1.377s] -- Using RMW implementation 'rmw_fastrtps_cpp' as default
[1.378s] -- Looking for pthread.h
[1.484s] -- Looking for pthread.h - found
[1.484s] -- Performing Test CMAKE_HAVE_LIBC_PTHREAD
[1.573s] -- Performing Test CMAKE_HAVE_LIBC_PTHREAD - Failed
[1.573s] -- Looking for pthread_create in pthreads
[1.652s] -- Looking for pthread_create in pthreads - not found
[1.652s] -- Looking for pthread_create in pthread
[1.730s] -- Looking for pthread_create in pthread - found
[1.731s] -- Found Threads: TRUE  
[1.940s] -- Found rclcpp_action: 2.4.3 (/opt/ros/foxy/share/rclcpp_action/cmake)
[2.039s] -- Found rclcpp_lifecycle: 2.4.3 (/opt/ros/foxy/share/rclcpp_lifecycle/cmake)
[2.080s] -- Found visualization_msgs: 2.0.5 (/opt/ros/foxy/share/visualization_msgs/cmake)
[2.209s] -- Found nav2_util: 0.4.7 (/ws/src/nav2/install/nav2_util/share/nav2_util/cmake)
[2.936s] -- Found eigen3_cmake_module: 0.1.1 (/opt/ros/foxy/share/eigen3_cmake_module/cmake)
[2.941s] -- Found Eigen3: TRUE (found version "3.3.7") 
[3.099s] -- Found nav2_core: 0.4.7 (/ws/src/nav2/install/nav2_core/share/nav2_core/cmake)
[4.400s] -- Setting build type to Release as none was specified.
[6.680s] -- Found ament_lint_auto: 0.9.8 (/opt/ros/foxy/share/ament_lint_auto/cmake)
[6.796s] -- Added test 'copyright' to check source files copyright and LICENSE
[6.807s] -- Added test 'cppcheck' to perform static code analysis on C / C++ code
[6.807s] -- Configured cppcheck include dirs: /ws/src/nav2/nav2_navfn_planner/include
[6.807s] -- Configured cppcheck exclude dirs and/or files: 
[6.808s] -- Added test 'cpplint' to check C / C++ code against the Google style
[6.809s] -- Configured cpplint exclude dirs and/or files: 
[6.809s] -- Added test 'lint_cmake' to check CMake code style
[6.811s] -- Added test 'uncrustify' to check C / C++ code style
[6.811s] -- Configured uncrustify additional arguments: 
[6.812s] -- Added test 'xmllint' to check XML markup files
[6.820s] -- Configuring done
[6.861s] -- Generating done
[6.863s] -- Build files have been written to: /ws/src/nav2/build/nav2_navfn_planner
