[0.014s] Invoking command in '/ws/src/nav2/build/nav2_voxel_grid': AMENT_PREFIX_PATH=/ws/src/nav2/install/nav2_common:${AMENT_PREFIX_PATH} CMAKE_PREFIX_PATH=/ws/src/nav2/install/nav2_common:/opt/ros/foxy PYTHONPATH=/ws/src/nav2/install/nav2_common/lib/python3.8/site-packages:${PYTHONPATH} /usr/bin/cmake --build /ws/src/nav2/build/nav2_voxel_grid -- -j16 -l16
[0.062s] [ 50%] Built target gtest_main
[0.062s] [ 50%] Built target gtest
[0.071s] [ 75%] Built target voxel_grid
[0.103s] [100%] Built target voxel_grid_tests
[0.117s] Invoked command in '/ws/src/nav2/build/nav2_voxel_grid' returned '0': AMENT_PREFIX_PATH=/ws/src/nav2/install/nav2_common:${AMENT_PREFIX_PATH} CMAKE_PREFIX_PATH=/ws/src/nav2/install/nav2_common:/opt/ros/foxy PYTHONPATH=/ws/src/nav2/install/nav2_common/lib/python3.8/site-packages:${PYTHONPATH} /usr/bin/cmake --build /ws/src/nav2/build/nav2_voxel_grid -- -j16 -l16
[0.139s] Invoking command in '/ws/src/nav2/build/nav2_voxel_grid': AMENT_PREFIX_PATH=/ws/src/nav2/install/nav2_common:${AMENT_PREFIX_PATH} CMAKE_PREFIX_PATH=/ws/src/nav2/install/nav2_common:/opt/ros/foxy PYTHONPATH=/ws/src/nav2/install/nav2_common/lib/python3.8/site-packages:${PYTHONPATH} /usr/bin/cmake --install /ws/src/nav2/build/nav2_voxel_grid
[0.148s] -- Install configuration: "Release"
[0.148s] -- Execute custom install script
[0.150s] -- Up-to-date symlink: /ws/src/nav2/install/nav2_voxel_grid/lib/libvoxel_grid.so
[0.150s] -- Up-to-date symlink: /ws/src/nav2/install/nav2_voxel_grid/include/nav2_voxel_grid/voxel_grid.hpp
[0.151s] -- Up-to-date symlink: /ws/src/nav2/install/nav2_voxel_grid/share/nav2_voxel_grid/environment/library_path.sh
[0.151s] -- Up-to-date symlink: /ws/src/nav2/install/nav2_voxel_grid/share/nav2_voxel_grid/environment/library_path.dsv
[0.151s] -- Up-to-date symlink: /ws/src/nav2/install/nav2_voxel_grid/share/ament_index/resource_index/package_run_dependencies/nav2_voxel_grid
[0.151s] -- Up-to-date symlink: /ws/src/nav2/install/nav2_voxel_grid/share/ament_index/resource_index/parent_prefix_path/nav2_voxel_grid
[0.151s] -- Up-to-date symlink: /ws/src/nav2/install/nav2_voxel_grid/share/nav2_voxel_grid/environment/ament_prefix_path.sh
[0.151s] -- Up-to-date symlink: /ws/src/nav2/install/nav2_voxel_grid/share/nav2_voxel_grid/environment/ament_prefix_path.dsv
[0.152s] -- Up-to-date symlink: /ws/src/nav2/install/nav2_voxel_grid/share/nav2_voxel_grid/environment/path.sh
[0.152s] -- Up-to-date symlink: /ws/src/nav2/install/nav2_voxel_grid/share/nav2_voxel_grid/environment/path.dsv
[0.152s] -- Up-to-date symlink: /ws/src/nav2/install/nav2_voxel_grid/share/nav2_voxel_grid/local_setup.bash
[0.152s] -- Up-to-date symlink: /ws/src/nav2/install/nav2_voxel_grid/share/nav2_voxel_grid/local_setup.sh
[0.152s] -- Up-to-date symlink: /ws/src/nav2/install/nav2_voxel_grid/share/nav2_voxel_grid/local_setup.zsh
[0.154s] -- Up-to-date symlink: /ws/src/nav2/install/nav2_voxel_grid/share/nav2_voxel_grid/local_setup.dsv
[0.154s] -- Symlinking: /ws/src/nav2/install/nav2_voxel_grid/share/nav2_voxel_grid/package.dsv
[0.161s] -- Up-to-date symlink: /ws/src/nav2/install/nav2_voxel_grid/share/ament_index/resource_index/packages/nav2_voxel_grid
[0.161s] -- Up-to-date symlink: /ws/src/nav2/install/nav2_voxel_grid/share/nav2_voxel_grid/cmake/ament_cmake_export_dependencies-extras.cmake
[0.161s] -- Up-to-date symlink: /ws/src/nav2/install/nav2_voxel_grid/share/nav2_voxel_grid/cmake/ament_cmake_export_include_directories-extras.cmake
[0.161s] -- Up-to-date symlink: /ws/src/nav2/install/nav2_voxel_grid/share/nav2_voxel_grid/cmake/ament_cmake_export_libraries-extras.cmake
[0.162s] -- Up-to-date symlink: /ws/src/nav2/install/nav2_voxel_grid/share/nav2_voxel_grid/cmake/nav2_voxel_gridConfig.cmake
[0.162s] -- Up-to-date symlink: /ws/src/nav2/install/nav2_voxel_grid/share/nav2_voxel_grid/cmake/nav2_voxel_gridConfig-version.cmake
[0.162s] -- Up-to-date symlink: /ws/src/nav2/install/nav2_voxel_grid/share/nav2_voxel_grid/package.xml
[0.177s] Invoked command in '/ws/src/nav2/build/nav2_voxel_grid' returned '0': AMENT_PREFIX_PATH=/ws/src/nav2/install/nav2_common:${AMENT_PREFIX_PATH} CMAKE_PREFIX_PATH=/ws/src/nav2/install/nav2_common:/opt/ros/foxy PYTHONPATH=/ws/src/nav2/install/nav2_common/lib/python3.8/site-packages:${PYTHONPATH} /usr/bin/cmake --install /ws/src/nav2/build/nav2_voxel_grid
