[0.015s] Invoking command in '/ws/src/nav2/build/nav2_core': AMENT_PREFIX_PATH=/ws/src/nav2/install/nav2_costmap_2d:/ws/src/nav2/install/nav2_util:/ws/src/nav2/install/nav2_voxel_grid:/ws/src/nav2/install/nav2_msgs:/ws/src/nav2/install/nav2_common:${AMENT_PREFIX_PATH} CMAKE_PREFIX_PATH=/ws/src/nav2/install/nav2_costmap_2d:/ws/src/nav2/install/nav2_util:/ws/src/nav2/install/nav2_voxel_grid:/ws/src/nav2/install/nav2_msgs:/ws/src/nav2/install/nav2_common:/opt/ros/foxy LD_LIBRARY_PATH=/ws/src/nav2/install/nav2_costmap_2d/lib:/ws/src/nav2/install/nav2_util/lib:/ws/src/nav2/install/nav2_voxel_grid/lib:/ws/src/nav2/install/nav2_msgs/lib:${LD_LIBRARY_PATH} PYTHONPATH=/ws/src/nav2/install/nav2_msgs/lib/python3.8/site-packages:/ws/src/nav2/install/nav2_common/lib/python3.8/site-packages:${PYTHONPATH} /usr/bin/cmake /ws/src/nav2/nav2_core -DAMENT_CMAKE_SYMLINK_INSTALL=1 -DCMAKE_INSTALL_PREFIX=/ws/src/nav2/install/nav2_core
[0.063s] -- The C compiler identification is GNU 9.4.0
[0.106s] -- The CXX compiler identification is GNU 9.4.0
[0.111s] -- Check for working C compiler: /usr/bin/cc
[0.171s] -- Check for working C compiler: /usr/bin/cc -- works
[0.172s] -- Detecting C compiler ABI info
[0.229s] -- Detecting C compiler ABI info - done
[0.239s] -- Detecting C compile features
[0.240s] -- Detecting C compile features - done
[0.242s] -- Check for working CXX compiler: /usr/bin/c++
[0.307s] -- Check for working CXX compiler: /usr/bin/c++ -- works
[0.308s] -- Detecting CXX compiler ABI info
[0.370s] -- Detecting CXX compiler ABI info - done
[0.379s] -- Detecting CXX compile features
[0.379s] -- Detecting CXX compile features - done
[0.383s] -- Found ament_cmake: 0.9.12 (/opt/ros/foxy/share/ament_cmake/cmake)
[0.406s] -- Found PythonInterp: /usr/bin/python3 (found suitable version "3.8.10", minimum required is "3") 
[0.407s] -- Using PYTHON_EXECUTABLE: /usr/bin/python3
[0.547s] -- Override CMake install command with custom implementation using symlinks instead of copying resources
[0.583s] -- Found nav2_common: 0.4.7 (/ws/src/nav2/install/nav2_common/share/nav2_common/cmake)
[0.585s] -- Found rclcpp: 2.4.3 (/opt/ros/foxy/share/rclcpp/cmake)
[0.635s] -- Using all available rosidl_typesupport_c: rosidl_typesupport_fastrtps_c;rosidl_typesupport_introspection_c
[0.643s] -- Found rosidl_adapter: 1.3.1 (/opt/ros/foxy/share/rosidl_adapter/cmake)
[0.715s] -- Found OpenSSL: /usr/lib/x86_64-linux-gnu/libcrypto.so (found version "1.1.1f")  
[0.741s] -- Found FastRTPS: /opt/ros/foxy/include  
[0.817s] -- Using all available rosidl_typesupport_cpp: rosidl_typesupport_fastrtps_cpp;rosidl_typesupport_introspection_cpp
[0.870s] -- Found rmw_implementation_cmake: 1.0.4 (/opt/ros/foxy/share/rmw_implementation_cmake/cmake)
[0.871s] -- Using RMW implementation 'rmw_fastrtps_cpp' as default
[0.872s] -- Looking for pthread.h
[0.932s] -- Looking for pthread.h - found
[0.932s] -- Performing Test CMAKE_HAVE_LIBC_PTHREAD
[0.992s] -- Performing Test CMAKE_HAVE_LIBC_PTHREAD - Failed
[0.993s] -- Looking for pthread_create in pthreads
[1.041s] -- Looking for pthread_create in pthreads - not found
[1.041s] -- Looking for pthread_create in pthread
[1.099s] -- Looking for pthread_create in pthread - found
[1.100s] -- Found Threads: TRUE  
[1.239s] -- Found rclcpp_lifecycle: 2.4.3 (/opt/ros/foxy/share/rclcpp_lifecycle/cmake)
[1.270s] -- Found geometry_msgs: 2.0.5 (/opt/ros/foxy/share/geometry_msgs/cmake)
[1.298s] -- Found nav2_costmap_2d: 0.4.7 (/ws/src/nav2/install/nav2_costmap_2d/share/nav2_costmap_2d/cmake)
[2.203s] -- Found Eigen3: TRUE (found version "3.3.7") 
[2.621s] -- Setting build type to Release as none was specified.
[2.623s] -- Found ament_lint_auto: 0.9.8 (/opt/ros/foxy/share/ament_lint_auto/cmake)
[2.742s] -- Added test 'cppcheck' to perform static code analysis on C / C++ code
[2.746s] -- Configured cppcheck include dirs: 
[2.746s] -- Configured cppcheck exclude dirs and/or files: 
[2.746s] -- Added test 'cpplint' to check C / C++ code against the Google style
[2.746s] -- Configured cpplint exclude dirs and/or files: 
[2.746s] -- Added test 'lint_cmake' to check CMake code style
[2.747s] -- Added test 'uncrustify' to check C / C++ code style
[2.747s] -- Configured uncrustify additional arguments: 
[2.747s] -- Added test 'xmllint' to check XML markup files
[2.752s] -- Configuring done
[2.754s] -- Generating done
[2.756s] -- Build files have been written to: /ws/src/nav2/build/nav2_core
[2.767s] Invoked command in '/ws/src/nav2/build/nav2_core' returned '0': AMENT_PREFIX_PATH=/ws/src/nav2/install/nav2_costmap_2d:/ws/src/nav2/install/nav2_util:/ws/src/nav2/install/nav2_voxel_grid:/ws/src/nav2/install/nav2_msgs:/ws/src/nav2/install/nav2_common:${AMENT_PREFIX_PATH} CMAKE_PREFIX_PATH=/ws/src/nav2/install/nav2_costmap_2d:/ws/src/nav2/install/nav2_util:/ws/src/nav2/install/nav2_voxel_grid:/ws/src/nav2/install/nav2_msgs:/ws/src/nav2/install/nav2_common:/opt/ros/foxy LD_LIBRARY_PATH=/ws/src/nav2/install/nav2_costmap_2d/lib:/ws/src/nav2/install/nav2_util/lib:/ws/src/nav2/install/nav2_voxel_grid/lib:/ws/src/nav2/install/nav2_msgs/lib:${LD_LIBRARY_PATH} PYTHONPATH=/ws/src/nav2/install/nav2_msgs/lib/python3.8/site-packages:/ws/src/nav2/install/nav2_common/lib/python3.8/site-packages:${PYTHONPATH} /usr/bin/cmake /ws/src/nav2/nav2_core -DAMENT_CMAKE_SYMLINK_INSTALL=1 -DCMAKE_INSTALL_PREFIX=/ws/src/nav2/install/nav2_core
[2.770s] Invoking command in '/ws/src/nav2/build/nav2_core': AMENT_PREFIX_PATH=/ws/src/nav2/install/nav2_costmap_2d:/ws/src/nav2/install/nav2_util:/ws/src/nav2/install/nav2_voxel_grid:/ws/src/nav2/install/nav2_msgs:/ws/src/nav2/install/nav2_common:${AMENT_PREFIX_PATH} CMAKE_PREFIX_PATH=/ws/src/nav2/install/nav2_costmap_2d:/ws/src/nav2/install/nav2_util:/ws/src/nav2/install/nav2_voxel_grid:/ws/src/nav2/install/nav2_msgs:/ws/src/nav2/install/nav2_common:/opt/ros/foxy LD_LIBRARY_PATH=/ws/src/nav2/install/nav2_costmap_2d/lib:/ws/src/nav2/install/nav2_util/lib:/ws/src/nav2/install/nav2_voxel_grid/lib:/ws/src/nav2/install/nav2_msgs/lib:${LD_LIBRARY_PATH} PYTHONPATH=/ws/src/nav2/install/nav2_msgs/lib/python3.8/site-packages:/ws/src/nav2/install/nav2_common/lib/python3.8/site-packages:${PYTHONPATH} /usr/bin/cmake --build /ws/src/nav2/build/nav2_core -- -j16 -l16
[2.812s] Invoked command in '/ws/src/nav2/build/nav2_core' returned '0': AMENT_PREFIX_PATH=/ws/src/nav2/install/nav2_costmap_2d:/ws/src/nav2/install/nav2_util:/ws/src/nav2/install/nav2_voxel_grid:/ws/src/nav2/install/nav2_msgs:/ws/src/nav2/install/nav2_common:${AMENT_PREFIX_PATH} CMAKE_PREFIX_PATH=/ws/src/nav2/install/nav2_costmap_2d:/ws/src/nav2/install/nav2_util:/ws/src/nav2/install/nav2_voxel_grid:/ws/src/nav2/install/nav2_msgs:/ws/src/nav2/install/nav2_common:/opt/ros/foxy LD_LIBRARY_PATH=/ws/src/nav2/install/nav2_costmap_2d/lib:/ws/src/nav2/install/nav2_util/lib:/ws/src/nav2/install/nav2_voxel_grid/lib:/ws/src/nav2/install/nav2_msgs/lib:${LD_LIBRARY_PATH} PYTHONPATH=/ws/src/nav2/install/nav2_msgs/lib/python3.8/site-packages:/ws/src/nav2/install/nav2_common/lib/python3.8/site-packages:${PYTHONPATH} /usr/bin/cmake --build /ws/src/nav2/build/nav2_core -- -j16 -l16
[2.830s] Invoking command in '/ws/src/nav2/build/nav2_core': AMENT_PREFIX_PATH=/ws/src/nav2/install/nav2_costmap_2d:/ws/src/nav2/install/nav2_util:/ws/src/nav2/install/nav2_voxel_grid:/ws/src/nav2/install/nav2_msgs:/ws/src/nav2/install/nav2_common:${AMENT_PREFIX_PATH} CMAKE_PREFIX_PATH=/ws/src/nav2/install/nav2_costmap_2d:/ws/src/nav2/install/nav2_util:/ws/src/nav2/install/nav2_voxel_grid:/ws/src/nav2/install/nav2_msgs:/ws/src/nav2/install/nav2_common:/opt/ros/foxy LD_LIBRARY_PATH=/ws/src/nav2/install/nav2_costmap_2d/lib:/ws/src/nav2/install/nav2_util/lib:/ws/src/nav2/install/nav2_voxel_grid/lib:/ws/src/nav2/install/nav2_msgs/lib:${LD_LIBRARY_PATH} PYTHONPATH=/ws/src/nav2/install/nav2_msgs/lib/python3.8/site-packages:/ws/src/nav2/install/nav2_common/lib/python3.8/site-packages:${PYTHONPATH} /usr/bin/cmake --install /ws/src/nav2/build/nav2_core
[2.839s] -- Install configuration: "Release"
[2.839s] -- Execute custom install script
[2.840s] -- Symlinking: /ws/src/nav2/install/nav2_core/include//nav2_core/controller.hpp
[2.846s] -- Symlinking: /ws/src/nav2/install/nav2_core/include//nav2_core/exceptions.hpp
[2.854s] -- Symlinking: /ws/src/nav2/install/nav2_core/include//nav2_core/global_planner.hpp
[2.860s] -- Symlinking: /ws/src/nav2/install/nav2_core/include//nav2_core/goal_checker.hpp
[2.866s] -- Symlinking: /ws/src/nav2/install/nav2_core/include//nav2_core/progress_checker.hpp
[2.874s] -- Symlinking: /ws/src/nav2/install/nav2_core/include//nav2_core/recovery.hpp
[2.881s] -- Symlinking: /ws/src/nav2/install/nav2_core/share/ament_index/resource_index/package_run_dependencies/nav2_core
[2.887s] -- Symlinking: /ws/src/nav2/install/nav2_core/share/ament_index/resource_index/parent_prefix_path/nav2_core
[2.894s] -- Symlinking: /ws/src/nav2/install/nav2_core/share/nav2_core/environment/ament_prefix_path.sh
[2.902s] -- Symlinking: /ws/src/nav2/install/nav2_core/share/nav2_core/environment/ament_prefix_path.dsv
[2.910s] -- Symlinking: /ws/src/nav2/install/nav2_core/share/nav2_core/environment/path.sh
[2.917s] -- Symlinking: /ws/src/nav2/install/nav2_core/share/nav2_core/environment/path.dsv
[2.926s] -- Symlinking: /ws/src/nav2/install/nav2_core/share/nav2_core/local_setup.bash
[2.933s] -- Symlinking: /ws/src/nav2/install/nav2_core/share/nav2_core/local_setup.sh
[2.940s] -- Symlinking: /ws/src/nav2/install/nav2_core/share/nav2_core/local_setup.zsh
[2.947s] -- Symlinking: /ws/src/nav2/install/nav2_core/share/nav2_core/local_setup.dsv
[2.954s] -- Symlinking: /ws/src/nav2/install/nav2_core/share/nav2_core/package.dsv
[2.961s] -- Symlinking: /ws/src/nav2/install/nav2_core/share/ament_index/resource_index/packages/nav2_core
[2.970s] -- Symlinking: /ws/src/nav2/install/nav2_core/share/nav2_core/cmake/ament_cmake_export_include_directories-extras.cmake
[2.976s] -- Symlinking: /ws/src/nav2/install/nav2_core/share/nav2_core/cmake/ament_cmake_export_dependencies-extras.cmake
[2.983s] -- Symlinking: /ws/src/nav2/install/nav2_core/share/nav2_core/cmake/nav2_coreConfig.cmake
[2.990s] -- Symlinking: /ws/src/nav2/install/nav2_core/share/nav2_core/cmake/nav2_coreConfig-version.cmake
[2.996s] -- Symlinking: /ws/src/nav2/install/nav2_core/share/nav2_core/package.xml
[3.006s] Invoked command in '/ws/src/nav2/build/nav2_core' returned '0': AMENT_PREFIX_PATH=/ws/src/nav2/install/nav2_costmap_2d:/ws/src/nav2/install/nav2_util:/ws/src/nav2/install/nav2_voxel_grid:/ws/src/nav2/install/nav2_msgs:/ws/src/nav2/install/nav2_common:${AMENT_PREFIX_PATH} CMAKE_PREFIX_PATH=/ws/src/nav2/install/nav2_costmap_2d:/ws/src/nav2/install/nav2_util:/ws/src/nav2/install/nav2_voxel_grid:/ws/src/nav2/install/nav2_msgs:/ws/src/nav2/install/nav2_common:/opt/ros/foxy LD_LIBRARY_PATH=/ws/src/nav2/install/nav2_costmap_2d/lib:/ws/src/nav2/install/nav2_util/lib:/ws/src/nav2/install/nav2_voxel_grid/lib:/ws/src/nav2/install/nav2_msgs/lib:${LD_LIBRARY_PATH} PYTHONPATH=/ws/src/nav2/install/nav2_msgs/lib/python3.8/site-packages:/ws/src/nav2/install/nav2_common/lib/python3.8/site-packages:${PYTHONPATH} /usr/bin/cmake --install /ws/src/nav2/build/nav2_core
