[0.041s] Invoking command in '/ws/src/nav2/build/dwb_critics': AMENT_PREFIX_PATH=/ws/src/nav2/install/dwb_core:/ws/src/nav2/install/nav2_core:/ws/src/nav2/install/costmap_queue:/ws/src/nav2/install/nav2_costmap_2d:/ws/src/nav2/install/nav_2d_utils:/ws/src/nav2/install/nav2_util:/ws/src/nav2/install/nav2_voxel_grid:/ws/src/nav2/install/nav2_msgs:/ws/src/nav2/install/dwb_msgs:/ws/src/nav2/install/nav_2d_msgs:/ws/src/nav2/install/nav2_common:${AMENT_PREFIX_PATH} CMAKE_PREFIX_PATH=/ws/src/nav2/install/dwb_core:/ws/src/nav2/install/nav2_core:/ws/src/nav2/install/costmap_queue:/ws/src/nav2/install/nav2_costmap_2d:/ws/src/nav2/install/nav_2d_utils:/ws/src/nav2/install/nav2_util:/ws/src/nav2/install/nav2_voxel_grid:/ws/src/nav2/install/nav2_msgs:/ws/src/nav2/install/dwb_msgs:/ws/src/nav2/install/nav_2d_msgs:/ws/src/nav2/install/nav2_common:/opt/ros/foxy LD_LIBRARY_PATH=/ws/src/nav2/install/dwb_core/lib:/ws/src/nav2/install/costmap_queue/lib:/ws/src/nav2/install/nav2_costmap_2d/lib:/ws/src/nav2/install/nav_2d_utils/lib:/ws/src/nav2/install/nav2_util/lib:/ws/src/nav2/install/nav2_voxel_grid/lib:/ws/src/nav2/install/nav2_msgs/lib:/ws/src/nav2/install/dwb_msgs/lib:/ws/src/nav2/install/nav_2d_msgs/lib:${LD_LIBRARY_PATH} PYTHONPATH=/ws/src/nav2/install/nav2_msgs/lib/python3.8/site-packages:/ws/src/nav2/install/dwb_msgs/lib/python3.8/site-packages:/ws/src/nav2/install/nav_2d_msgs/lib/python3.8/site-packages:/ws/src/nav2/install/nav2_common/lib/python3.8/site-packages:${PYTHONPATH} /usr/bin/cmake /ws/src/nav2/nav2_dwb_controller/dwb_critics -DAMENT_CMAKE_SYMLINK_INSTALL=1 -DCMAKE_INSTALL_PREFIX=/ws/src/nav2/install/dwb_critics
[0.109s] -- The C compiler identification is GNU 9.4.0
[0.172s] -- The CXX compiler identification is GNU 9.4.0
[0.178s] -- Check for working C compiler: /usr/bin/cc
[0.263s] -- Check for working C compiler: /usr/bin/cc -- works
[0.265s] -- Detecting C compiler ABI info
[0.342s] -- Detecting C compiler ABI info - done
[0.358s] -- Detecting C compile features
[0.358s] -- Detecting C compile features - done
[0.361s] -- Check for working CXX compiler: /usr/bin/c++
[0.456s] -- Check for working CXX compiler: /usr/bin/c++ -- works
[0.458s] -- Detecting CXX compiler ABI info
[0.556s] -- Detecting CXX compiler ABI info - done
[0.574s] -- Detecting CXX compile features
[0.575s] -- Detecting CXX compile features - done
[0.585s] -- Found ament_cmake: 0.9.12 (/opt/ros/foxy/share/ament_cmake/cmake)
[0.627s] -- Found PythonInterp: /usr/bin/python3 (found suitable version "3.8.10", minimum required is "3") 
[0.627s] -- Using PYTHON_EXECUTABLE: /usr/bin/python3
[0.831s] -- Override CMake install command with custom implementation using symlinks instead of copying resources
[0.919s] -- Found nav2_common: 0.4.7 (/ws/src/nav2/install/nav2_common/share/nav2_common/cmake)
[0.924s] -- Found angles: 1.12.6 (/opt/ros/foxy/share/angles/cmake)
[0.926s] -- Found nav2_costmap_2d: 0.4.7 (/ws/src/nav2/install/nav2_costmap_2d/share/nav2_costmap_2d/cmake)
[1.014s] -- Using all available rosidl_typesupport_c: rosidl_typesupport_fastrtps_c;rosidl_typesupport_introspection_c
[1.035s] -- Found rosidl_adapter: 1.3.1 (/opt/ros/foxy/share/rosidl_adapter/cmake)
[1.181s] -- Found OpenSSL: /usr/lib/x86_64-linux-gnu/libcrypto.so (found version "1.1.1f")  
[1.231s] -- Found FastRTPS: /opt/ros/foxy/include  
[1.345s] -- Using all available rosidl_typesupport_cpp: rosidl_typesupport_fastrtps_cpp;rosidl_typesupport_introspection_cpp
[2.396s] -- Found rmw_implementation_cmake: 1.0.4 (/opt/ros/foxy/share/rmw_implementation_cmake/cmake)
[2.398s] -- Using RMW implementation 'rmw_fastrtps_cpp' as default
[2.398s] -- Looking for pthread.h
[2.482s] -- Looking for pthread.h - found
[2.482s] -- Performing Test CMAKE_HAVE_LIBC_PTHREAD
[2.570s] -- Performing Test CMAKE_HAVE_LIBC_PTHREAD - Failed
[2.571s] -- Looking for pthread_create in pthreads
[2.639s] -- Looking for pthread_create in pthreads - not found
[2.639s] -- Looking for pthread_create in pthread
[2.722s] -- Looking for pthread_create in pthread - found
[2.722s] -- Found Threads: TRUE  
[3.242s] -- Found Eigen3: TRUE (found version "3.3.7") 
[3.779s] -- Found costmap_queue: 0.4.7 (/ws/src/nav2/install/costmap_queue/share/costmap_queue/cmake)
[3.781s] -- Found dwb_core: 0.4.7 (/ws/src/nav2/install/dwb_core/share/dwb_core/cmake)
[6.422s] -- Setting build type to Release as none was specified.
[13.116s] -- Found ament_lint_auto: 0.9.8 (/opt/ros/foxy/share/ament_lint_auto/cmake)
[13.443s] -- Added test 'cppcheck' to perform static code analysis on C / C++ code
[13.444s] -- Configured cppcheck include dirs: /ws/src/nav2/nav2_dwb_controller/dwb_critics/include
[13.444s] -- Configured cppcheck exclude dirs and/or files: 
[13.447s] -- Added test 'cpplint' to check C / C++ code against the Google style
[13.447s] -- Configured cpplint exclude dirs and/or files: 
[13.450s] -- Added test 'lint_cmake' to check CMake code style
[13.453s] -- Added test 'uncrustify' to check C / C++ code style
[13.453s] -- Configured uncrustify additional arguments: 
[13.455s] -- Added test 'xmllint' to check XML markup files
[13.501s] -- Configuring done
[13.717s] -- Generating done
[13.720s] -- Build files have been written to: /ws/src/nav2/build/dwb_critics
[13.767s] Invoked command in '/ws/src/nav2/build/dwb_critics' returned '0': AMENT_PREFIX_PATH=/ws/src/nav2/install/dwb_core:/ws/src/nav2/install/nav2_core:/ws/src/nav2/install/costmap_queue:/ws/src/nav2/install/nav2_costmap_2d:/ws/src/nav2/install/nav_2d_utils:/ws/src/nav2/install/nav2_util:/ws/src/nav2/install/nav2_voxel_grid:/ws/src/nav2/install/nav2_msgs:/ws/src/nav2/install/dwb_msgs:/ws/src/nav2/install/nav_2d_msgs:/ws/src/nav2/install/nav2_common:${AMENT_PREFIX_PATH} CMAKE_PREFIX_PATH=/ws/src/nav2/install/dwb_core:/ws/src/nav2/install/nav2_core:/ws/src/nav2/install/costmap_queue:/ws/src/nav2/install/nav2_costmap_2d:/ws/src/nav2/install/nav_2d_utils:/ws/src/nav2/install/nav2_util:/ws/src/nav2/install/nav2_voxel_grid:/ws/src/nav2/install/nav2_msgs:/ws/src/nav2/install/dwb_msgs:/ws/src/nav2/install/nav_2d_msgs:/ws/src/nav2/install/nav2_common:/opt/ros/foxy LD_LIBRARY_PATH=/ws/src/nav2/install/dwb_core/lib:/ws/src/nav2/install/costmap_queue/lib:/ws/src/nav2/install/nav2_costmap_2d/lib:/ws/src/nav2/install/nav_2d_utils/lib:/ws/src/nav2/install/nav2_util/lib:/ws/src/nav2/install/nav2_voxel_grid/lib:/ws/src/nav2/install/nav2_msgs/lib:/ws/src/nav2/install/dwb_msgs/lib:/ws/src/nav2/install/nav_2d_msgs/lib:${LD_LIBRARY_PATH} PYTHONPATH=/ws/src/nav2/install/nav2_msgs/lib/python3.8/site-packages:/ws/src/nav2/install/dwb_msgs/lib/python3.8/site-packages:/ws/src/nav2/install/nav_2d_msgs/lib/python3.8/site-packages:/ws/src/nav2/install/nav2_common/lib/python3.8/site-packages:${PYTHONPATH} /usr/bin/cmake /ws/src/nav2/nav2_dwb_controller/dwb_critics -DAMENT_CMAKE_SYMLINK_INSTALL=1 -DCMAKE_INSTALL_PREFIX=/ws/src/nav2/install/dwb_critics
[13.772s] Invoking command in '/ws/src/nav2/build/dwb_critics': AMENT_PREFIX_PATH=/ws/src/nav2/install/dwb_core:/ws/src/nav2/install/nav2_core:/ws/src/nav2/install/costmap_queue:/ws/src/nav2/install/nav2_costmap_2d:/ws/src/nav2/install/nav_2d_utils:/ws/src/nav2/install/nav2_util:/ws/src/nav2/install/nav2_voxel_grid:/ws/src/nav2/install/nav2_msgs:/ws/src/nav2/install/dwb_msgs:/ws/src/nav2/install/nav_2d_msgs:/ws/src/nav2/install/nav2_common:${AMENT_PREFIX_PATH} CMAKE_PREFIX_PATH=/ws/src/nav2/install/dwb_core:/ws/src/nav2/install/nav2_core:/ws/src/nav2/install/costmap_queue:/ws/src/nav2/install/nav2_costmap_2d:/ws/src/nav2/install/nav_2d_utils:/ws/src/nav2/install/nav2_util:/ws/src/nav2/install/nav2_voxel_grid:/ws/src/nav2/install/nav2_msgs:/ws/src/nav2/install/dwb_msgs:/ws/src/nav2/install/nav_2d_msgs:/ws/src/nav2/install/nav2_common:/opt/ros/foxy LD_LIBRARY_PATH=/ws/src/nav2/install/dwb_core/lib:/ws/src/nav2/install/costmap_queue/lib:/ws/src/nav2/install/nav2_costmap_2d/lib:/ws/src/nav2/install/nav_2d_utils/lib:/ws/src/nav2/install/nav2_util/lib:/ws/src/nav2/install/nav2_voxel_grid/lib:/ws/src/nav2/install/nav2_msgs/lib:/ws/src/nav2/install/dwb_msgs/lib:/ws/src/nav2/install/nav_2d_msgs/lib:${LD_LIBRARY_PATH} PYTHONPATH=/ws/src/nav2/install/nav2_msgs/lib/python3.8/site-packages:/ws/src/nav2/install/dwb_msgs/lib/python3.8/site-packages:/ws/src/nav2/install/nav_2d_msgs/lib/python3.8/site-packages:/ws/src/nav2/install/nav2_common/lib/python3.8/site-packages:${PYTHONPATH} /usr/bin/cmake --build /ws/src/nav2/build/dwb_critics -- -j16 -l16
[14.059s] [35m[1mScanning dependencies of target dwb_critics[0m
[14.526s] [  7%] [32mBuilding CXX object CMakeFiles/dwb_critics.dir/src/alignment_util.cpp.o[0m
[14.614s] [ 15%] [32mBuilding CXX object CMakeFiles/dwb_critics.dir/src/map_grid.cpp.o[0m
[15.406s] [ 23%] [32mBuilding CXX object CMakeFiles/dwb_critics.dir/src/twirling.cpp.o[0m
[23.194s] [ 30%] [32mBuilding CXX object CMakeFiles/dwb_critics.dir/src/rotate_to_goal.cpp.o[0m
[27.666s] [ 53%] [32mBuilding CXX object CMakeFiles/dwb_critics.dir/src/prefer_forward.cpp.o[0m
[27.667s] [ 53%] [32mBuilding CXX object CMakeFiles/dwb_critics.dir/src/oscillation.cpp.o[0m
[27.667s] [ 53%] [32mBuilding CXX object CMakeFiles/dwb_critics.dir/src/obstacle_footprint.cpp.o[0m
[33.112s] [ 76%] [32mBuilding CXX object CMakeFiles/dwb_critics.dir/src/goal_align.cpp.o[0m
[33.112s] [ 76%] [32mBuilding CXX object CMakeFiles/dwb_critics.dir/src/base_obstacle.cpp.o[0m
[33.112s] [ 76%] [32mBuilding CXX object CMakeFiles/dwb_critics.dir/src/path_align.cpp.o[0m
[33.490s] [ 84%] [32mBuilding CXX object CMakeFiles/dwb_critics.dir/src/goal_dist.cpp.o[0m
[33.495s] [ 92%] [32mBuilding CXX object CMakeFiles/dwb_critics.dir/src/path_dist.cpp.o[0m
[40.374s] [100%] [32m[1mLinking CXX shared library libdwb_critics.so[0m
[40.687s] [100%] Built target dwb_critics
[40.704s] Invoked command in '/ws/src/nav2/build/dwb_critics' returned '0': AMENT_PREFIX_PATH=/ws/src/nav2/install/dwb_core:/ws/src/nav2/install/nav2_core:/ws/src/nav2/install/costmap_queue:/ws/src/nav2/install/nav2_costmap_2d:/ws/src/nav2/install/nav_2d_utils:/ws/src/nav2/install/nav2_util:/ws/src/nav2/install/nav2_voxel_grid:/ws/src/nav2/install/nav2_msgs:/ws/src/nav2/install/dwb_msgs:/ws/src/nav2/install/nav_2d_msgs:/ws/src/nav2/install/nav2_common:${AMENT_PREFIX_PATH} CMAKE_PREFIX_PATH=/ws/src/nav2/install/dwb_core:/ws/src/nav2/install/nav2_core:/ws/src/nav2/install/costmap_queue:/ws/src/nav2/install/nav2_costmap_2d:/ws/src/nav2/install/nav_2d_utils:/ws/src/nav2/install/nav2_util:/ws/src/nav2/install/nav2_voxel_grid:/ws/src/nav2/install/nav2_msgs:/ws/src/nav2/install/dwb_msgs:/ws/src/nav2/install/nav_2d_msgs:/ws/src/nav2/install/nav2_common:/opt/ros/foxy LD_LIBRARY_PATH=/ws/src/nav2/install/dwb_core/lib:/ws/src/nav2/install/costmap_queue/lib:/ws/src/nav2/install/nav2_costmap_2d/lib:/ws/src/nav2/install/nav_2d_utils/lib:/ws/src/nav2/install/nav2_util/lib:/ws/src/nav2/install/nav2_voxel_grid/lib:/ws/src/nav2/install/nav2_msgs/lib:/ws/src/nav2/install/dwb_msgs/lib:/ws/src/nav2/install/nav_2d_msgs/lib:${LD_LIBRARY_PATH} PYTHONPATH=/ws/src/nav2/install/nav2_msgs/lib/python3.8/site-packages:/ws/src/nav2/install/dwb_msgs/lib/python3.8/site-packages:/ws/src/nav2/install/nav_2d_msgs/lib/python3.8/site-packages:/ws/src/nav2/install/nav2_common/lib/python3.8/site-packages:${PYTHONPATH} /usr/bin/cmake --build /ws/src/nav2/build/dwb_critics -- -j16 -l16
[40.753s] Invoking command in '/ws/src/nav2/build/dwb_critics': AMENT_PREFIX_PATH=/ws/src/nav2/install/dwb_core:/ws/src/nav2/install/nav2_core:/ws/src/nav2/install/costmap_queue:/ws/src/nav2/install/nav2_costmap_2d:/ws/src/nav2/install/nav_2d_utils:/ws/src/nav2/install/nav2_util:/ws/src/nav2/install/nav2_voxel_grid:/ws/src/nav2/install/nav2_msgs:/ws/src/nav2/install/dwb_msgs:/ws/src/nav2/install/nav_2d_msgs:/ws/src/nav2/install/nav2_common:${AMENT_PREFIX_PATH} CMAKE_PREFIX_PATH=/ws/src/nav2/install/dwb_core:/ws/src/nav2/install/nav2_core:/ws/src/nav2/install/costmap_queue:/ws/src/nav2/install/nav2_costmap_2d:/ws/src/nav2/install/nav_2d_utils:/ws/src/nav2/install/nav2_util:/ws/src/nav2/install/nav2_voxel_grid:/ws/src/nav2/install/nav2_msgs:/ws/src/nav2/install/dwb_msgs:/ws/src/nav2/install/nav_2d_msgs:/ws/src/nav2/install/nav2_common:/opt/ros/foxy LD_LIBRARY_PATH=/ws/src/nav2/install/dwb_core/lib:/ws/src/nav2/install/costmap_queue/lib:/ws/src/nav2/install/nav2_costmap_2d/lib:/ws/src/nav2/install/nav_2d_utils/lib:/ws/src/nav2/install/nav2_util/lib:/ws/src/nav2/install/nav2_voxel_grid/lib:/ws/src/nav2/install/nav2_msgs/lib:/ws/src/nav2/install/dwb_msgs/lib:/ws/src/nav2/install/nav_2d_msgs/lib:${LD_LIBRARY_PATH} PYTHONPATH=/ws/src/nav2/install/nav2_msgs/lib/python3.8/site-packages:/ws/src/nav2/install/dwb_msgs/lib/python3.8/site-packages:/ws/src/nav2/install/nav_2d_msgs/lib/python3.8/site-packages:/ws/src/nav2/install/nav2_common/lib/python3.8/site-packages:${PYTHONPATH} /usr/bin/cmake --install /ws/src/nav2/build/dwb_critics
[40.766s] -- Install configuration: "Release"
[40.766s] -- Execute custom install script
[40.766s] -- Symlinking: /ws/src/nav2/install/dwb_critics/lib/libdwb_critics.so
[40.783s] -- Symlinking: /ws/src/nav2/install/dwb_critics/include//dwb_critics/alignment_util.hpp
[40.796s] -- Symlinking: /ws/src/nav2/install/dwb_critics/include//dwb_critics/base_obstacle.hpp
[40.809s] -- Symlinking: /ws/src/nav2/install/dwb_critics/include//dwb_critics/goal_align.hpp
[40.822s] -- Symlinking: /ws/src/nav2/install/dwb_critics/include//dwb_critics/goal_dist.hpp
[40.836s] -- Symlinking: /ws/src/nav2/install/dwb_critics/include//dwb_critics/line_iterator.hpp
[40.849s] -- Symlinking: /ws/src/nav2/install/dwb_critics/include//dwb_critics/map_grid.hpp
[40.862s] -- Symlinking: /ws/src/nav2/install/dwb_critics/include//dwb_critics/obstacle_footprint.hpp
[40.875s] -- Symlinking: /ws/src/nav2/install/dwb_critics/include//dwb_critics/oscillation.hpp
[40.889s] -- Symlinking: /ws/src/nav2/install/dwb_critics/include//dwb_critics/path_align.hpp
[40.901s] -- Symlinking: /ws/src/nav2/install/dwb_critics/include//dwb_critics/path_dist.hpp
[40.915s] -- Symlinking: /ws/src/nav2/install/dwb_critics/include//dwb_critics/prefer_forward.hpp
[40.930s] -- Symlinking: /ws/src/nav2/install/dwb_critics/include//dwb_critics/rotate_to_goal.hpp
[40.944s] -- Symlinking: /ws/src/nav2/install/dwb_critics/include//dwb_critics/twirling.hpp
[40.957s] -- Symlinking: /ws/src/nav2/install/dwb_critics/share/dwb_critics/default_critics.xml
[40.971s] -- Symlinking: /ws/src/nav2/install/dwb_critics/share/dwb_critics/environment/library_path.sh
[40.985s] -- Symlinking: /ws/src/nav2/install/dwb_critics/share/dwb_critics/environment/library_path.dsv
[40.999s] -- Up-to-date symlink: /ws/src/nav2/install/dwb_critics/share/dwb_critics//default_critics.xml
[40.999s] -- Symlinking: /ws/src/nav2/install/dwb_critics/share/ament_index/resource_index/package_run_dependencies/dwb_critics
[41.013s] -- Symlinking: /ws/src/nav2/install/dwb_critics/share/ament_index/resource_index/parent_prefix_path/dwb_critics
[41.026s] -- Symlinking: /ws/src/nav2/install/dwb_critics/share/dwb_critics/environment/ament_prefix_path.sh
[41.039s] -- Symlinking: /ws/src/nav2/install/dwb_critics/share/dwb_critics/environment/ament_prefix_path.dsv
[41.055s] -- Symlinking: /ws/src/nav2/install/dwb_critics/share/dwb_critics/environment/path.sh
[41.069s] -- Symlinking: /ws/src/nav2/install/dwb_critics/share/dwb_critics/environment/path.dsv
[41.084s] -- Symlinking: /ws/src/nav2/install/dwb_critics/share/dwb_critics/local_setup.bash
[41.098s] -- Symlinking: /ws/src/nav2/install/dwb_critics/share/dwb_critics/local_setup.sh
[41.111s] -- Symlinking: /ws/src/nav2/install/dwb_critics/share/dwb_critics/local_setup.zsh
[41.128s] -- Symlinking: /ws/src/nav2/install/dwb_critics/share/dwb_critics/local_setup.dsv
[41.145s] -- Symlinking: /ws/src/nav2/install/dwb_critics/share/dwb_critics/package.dsv
[41.162s] -- Symlinking: /ws/src/nav2/install/dwb_critics/share/ament_index/resource_index/packages/dwb_critics
[41.179s] -- Symlinking: /ws/src/nav2/install/dwb_critics/share/ament_index/resource_index/dwb_core__pluginlib__plugin/dwb_critics
[41.196s] -- Symlinking: /ws/src/nav2/install/dwb_critics/share/dwb_critics/cmake/ament_cmake_export_include_directories-extras.cmake
[41.212s] -- Symlinking: /ws/src/nav2/install/dwb_critics/share/dwb_critics/cmake/ament_cmake_export_libraries-extras.cmake
[41.229s] -- Symlinking: /ws/src/nav2/install/dwb_critics/share/dwb_critics/cmake/ament_cmake_export_dependencies-extras.cmake
[41.249s] -- Symlinking: /ws/src/nav2/install/dwb_critics/share/dwb_critics/cmake/ament_cmake_export_definitions-extras.cmake
[41.265s] -- Symlinking: /ws/src/nav2/install/dwb_critics/share/dwb_critics/cmake/dwb_criticsConfig.cmake
[41.279s] -- Symlinking: /ws/src/nav2/install/dwb_critics/share/dwb_critics/cmake/dwb_criticsConfig-version.cmake
[41.292s] -- Symlinking: /ws/src/nav2/install/dwb_critics/share/dwb_critics/package.xml
[41.313s] Invoked command in '/ws/src/nav2/build/dwb_critics' returned '0': AMENT_PREFIX_PATH=/ws/src/nav2/install/dwb_core:/ws/src/nav2/install/nav2_core:/ws/src/nav2/install/costmap_queue:/ws/src/nav2/install/nav2_costmap_2d:/ws/src/nav2/install/nav_2d_utils:/ws/src/nav2/install/nav2_util:/ws/src/nav2/install/nav2_voxel_grid:/ws/src/nav2/install/nav2_msgs:/ws/src/nav2/install/dwb_msgs:/ws/src/nav2/install/nav_2d_msgs:/ws/src/nav2/install/nav2_common:${AMENT_PREFIX_PATH} CMAKE_PREFIX_PATH=/ws/src/nav2/install/dwb_core:/ws/src/nav2/install/nav2_core:/ws/src/nav2/install/costmap_queue:/ws/src/nav2/install/nav2_costmap_2d:/ws/src/nav2/install/nav_2d_utils:/ws/src/nav2/install/nav2_util:/ws/src/nav2/install/nav2_voxel_grid:/ws/src/nav2/install/nav2_msgs:/ws/src/nav2/install/dwb_msgs:/ws/src/nav2/install/nav_2d_msgs:/ws/src/nav2/install/nav2_common:/opt/ros/foxy LD_LIBRARY_PATH=/ws/src/nav2/install/dwb_core/lib:/ws/src/nav2/install/costmap_queue/lib:/ws/src/nav2/install/nav2_costmap_2d/lib:/ws/src/nav2/install/nav_2d_utils/lib:/ws/src/nav2/install/nav2_util/lib:/ws/src/nav2/install/nav2_voxel_grid/lib:/ws/src/nav2/install/nav2_msgs/lib:/ws/src/nav2/install/dwb_msgs/lib:/ws/src/nav2/install/nav_2d_msgs/lib:${LD_LIBRARY_PATH} PYTHONPATH=/ws/src/nav2/install/nav2_msgs/lib/python3.8/site-packages:/ws/src/nav2/install/dwb_msgs/lib/python3.8/site-packages:/ws/src/nav2/install/nav_2d_msgs/lib/python3.8/site-packages:/ws/src/nav2/install/nav2_common/lib/python3.8/site-packages:${PYTHONPATH} /usr/bin/cmake --install /ws/src/nav2/build/dwb_critics
